Log file open, 03/13/23 14:06:09
LogWindows: Failed to load 'aqProf.dll' (GetLastError=126)
LogWindows: File 'aqProf.dll' does not exist
LogWindows: Failed to load 'VtuneApi.dll' (GetLastError=126)
LogWindows: File 'VtuneApi.dll' does not exist
LogWindows: Failed to load 'VtuneApi32e.dll' (GetLastError=126)
LogWindows: File 'VtuneApi32e.dll' does not exist
LogConsoleResponse: Display: Failed to find resolution value strings in scalability ini. Falling back to default.
LogConsoleResponse: Display: Failed to find resolution value strings in scalability ini. Falling back to default.
LogInit: Display: Running engine for game: HideAndSeek
LogPlatformFile: Not using cached read wrapper
LogTaskGraph: Started task graph with 5 named threads and 26 total threads with 3 sets of task threads.
LogStats: Stats thread started at 0.226764
LogICUInternationalization: ICU TimeZone Detection - Raw Offset: +1:00, Platform Override: ''
LogInit: Display: Loading text-based GConfig....
LogPluginManager: Mounting plugin MeshPainting
LogPluginManager: Mounting plugin XGEController
LogPluginManager: Mounting plugin Paper2D
LogPluginManager: Mounting plugin AISupport
LogPluginManager: Mounting plugin EnvironmentQueryEditor
LogPluginManager: Mounting plugin LightPropagationVolume
LogPluginManager: Mounting plugin LiveLink
LogPluginManager: Mounting plugin OodleData
LogPluginManager: Mounting plugin CameraShakePreviewer
LogPluginManager: Mounting plugin OodleNetwork
LogPluginManager: Mounting plugin GameplayCameras
LogPluginManager: Mounting plugin AnimationSharing
LogPluginManager: Mounting plugin CLionSourceCodeAccess
LogPluginManager: Mounting plugin CodeLiteSourceCodeAccess
LogPluginManager: Mounting plugin NullSourceCodeAccess
LogPluginManager: Mounting plugin KDevelopSourceCodeAccess
LogPluginManager: Mounting plugin GitSourceControl
LogPluginManager: Mounting plugin PerforceSourceControl
LogPluginManager: Mounting plugin PlasticSourceControl
LogPluginManager: Mounting plugin PixWinPlugin
LogPluginManager: Mounting plugin PluginUtils
LogPluginManager: Mounting plugin PropertyAccessNode
LogPluginManager: Mounting plugin RiderSourceCodeAccess
LogPluginManager: Mounting plugin TextureFormatOodle
LogPluginManager: Mounting plugin SubversionSourceControl
LogPluginManager: Mounting plugin UObjectPlugin
LogPluginManager: Mounting plugin XCodeSourceCodeAccess
LogPluginManager: Mounting plugin VisualStudioCodeSourceCodeAccess
LogPluginManager: Mounting plugin VisualStudioSourceCodeAccess
LogPluginManager: Mounting plugin DatasmithContent
LogPluginManager: Mounting plugin AlembicImporter
LogPluginManager: Mounting plugin AutomationUtils
LogPluginManager: Mounting plugin BackChannel
LogPluginManager: Mounting plugin ChaosCloth
LogPluginManager: Mounting plugin ChaosClothEditor
LogPluginManager: Mounting plugin ChaosEditor
LogPluginManager: Mounting plugin ChaosSolverPlugin
LogPluginManager: Mounting plugin ChaosNiagara
LogPluginManager: Mounting plugin CharacterAI
LogPluginManager: Mounting plugin VariantManagerContent
LogPluginManager: Mounting plugin AssetManagerEditor
LogPluginManager: Mounting plugin GeometryCache
LogPluginManager: Mounting plugin GeometryCollectionPlugin
LogPluginManager: Mounting plugin Niagara
LogPluginManager: Mounting plugin CryptoKeys
LogPluginManager: Mounting plugin CurveEditorTools
LogPluginManager: Mounting plugin DataValidation
LogPluginManager: Mounting plugin FacialAnimation
LogPluginManager: Mounting plugin GameplayTagsEditor
LogPluginManager: Mounting plugin GeometryMode
LogPluginManager: Mounting plugin MacGraphicsSwitching
LogPluginManager: Mounting plugin MaterialAnalyzer
LogPluginManager: Mounting plugin MobileLauncherProfileWizard
LogPluginManager: Mounting plugin PluginBrowser
LogPluginManager: Mounting plugin SpeedTreeImporter
LogPluginManager: Mounting plugin GeometryProcessing
LogPluginManager: Mounting plugin MotoSynth
LogPluginManager: Mounting plugin OpenImageDenoise
LogPluginManager: Mounting plugin PlanarCut
LogPluginManager: Mounting plugin ProxyLODPlugin
LogPluginManager: Mounting plugin PlatformCrypto
LogPluginManager: Mounting plugin PythonScriptPlugin
LogPluginManager: Mounting plugin SkeletalReduction
LogPluginManager: Mounting plugin LuminPlatformFeatures
LogPluginManager: Mounting plugin MagicLeap
LogPluginManager: Mounting plugin MagicLeapLightEstimation
LogPluginManager: Mounting plugin MagicLeapMedia
LogPluginManager: Mounting plugin MagicLeapPassableWorld
LogPluginManager: Mounting plugin MLSDK
LogPluginManager: Mounting plugin AndroidMedia
LogPluginManager: Mounting plugin AvfMedia
LogPluginManager: Mounting plugin ActorSequence
LogPluginManager: Mounting plugin LevelSequenceEditor
LogPluginManager: Mounting plugin MatineeToLevelSequence
LogPluginManager: Mounting plugin TemplateSequence
LogPluginManager: Mounting plugin ImgMedia
LogPluginManager: Mounting plugin MediaCompositing
LogPluginManager: Mounting plugin MediaPlayerEditor
LogPluginManager: Mounting plugin WebMMedia
LogPluginManager: Mounting plugin WmfMedia
LogPluginManager: Mounting plugin OnlineSubsystem
LogPluginManager: Mounting plugin OnlineSubsystemNull
LogPluginManager: Mounting plugin OnlineSubsystemUtils
LogPluginManager: Mounting plugin LauncherChunkInstaller
LogPluginManager: Mounting plugin TcpMessaging
LogPluginManager: Mounting plugin UdpMessaging
LogPluginManager: Mounting plugin ActorLayerUtilities
LogPluginManager: Mounting plugin AndroidDeviceProfileSelector
LogPluginManager: Mounting plugin AndroidMoviePlayer
LogPluginManager: Mounting plugin AndroidPermission
LogPluginManager: Mounting plugin AppleImageUtils
LogPluginManager: Mounting plugin AppleMoviePlayer
LogPluginManager: Mounting plugin ArchVisCharacter
LogPluginManager: Mounting plugin AssetTags
LogPluginManager: Mounting plugin AudioCapture
LogPluginManager: Mounting plugin AudioSynesthesia
LogPluginManager: Mounting plugin CableComponent
LogPluginManager: Mounting plugin ChunkDownloader
LogPluginManager: Mounting plugin CustomMeshComponent
LogPluginManager: Mounting plugin EditableMesh
LogPluginManager: Mounting plugin ExampleDeviceProfileSelector
LogPluginManager: Mounting plugin GoogleCloudMessaging
LogPluginManager: Mounting plugin GooglePAD
LogPluginManager: Mounting plugin ScreenshotTools
LogPluginManager: Mounting plugin IOSDeviceProfileSelector
LogPluginManager: Mounting plugin LinuxDeviceProfileSelector
LogPluginManager: Mounting plugin LocationServicesBPLibrary
LogPluginManager: Mounting plugin MobilePatchingUtils
LogPluginManager: Mounting plugin OpenXR
LogPluginManager: Mounting plugin OpenXREyeTracker
LogPluginManager: Mounting plugin OpenXRHandTracking
LogPluginManager: Mounting plugin PhysXVehicles
LogPluginManager: Mounting plugin PostSplashScreen
LogPluginManager: Mounting plugin ProceduralMeshComponent
LogPluginManager: Mounting plugin PropertyAccessEditor
LogPluginManager: Mounting plugin RuntimePhysXCooking
LogPluginManager: Mounting plugin SignificanceManager
LogPluginManager: Mounting plugin SoundFields
LogPluginManager: Mounting plugin Synthesis
LogPluginManager: Mounting plugin WebMMoviePlayer
LogPluginManager: Mounting plugin WindowsMoviePlayer
LogPluginManager: Mounting plugin Takes
LogPluginManager: Mounting plugin ContentBrowserAssetDataSource
LogPluginManager: Mounting plugin ContentBrowserClassDataSource
LogPluginManager: Mounting plugin ContentBrowserFileDataSource
LogPluginManager: Mounting plugin OnlineSubsystemGooglePlay
LogPluginManager: Mounting plugin OnlineSubsystemIOS
LogPluginManager: Mounting plugin OculusVR
LogPluginManager: Mounting plugin SteamVR
PixWinPlugin: PIX capture plugin failed to initialize! Check that the process is launched from PIX.
LogInit: Using libcurl 7.55.1-DEV
LogInit:  - built for x86_64-pc-win32
LogInit:  - supports SSL with OpenSSL/1.1.1
LogInit:  - supports HTTP deflate (compression) using libz 1.2.8
LogInit:  - other features:
LogInit:      CURL_VERSION_SSL
LogInit:      CURL_VERSION_LIBZ
LogInit:      CURL_VERSION_IPV6
LogInit:      CURL_VERSION_ASYNCHDNS
LogInit:      CURL_VERSION_LARGEFILE
LogInit:      CURL_VERSION_IDN
LogInit:  CurlRequestOptions (configurable via config and command line):
LogInit:  - bVerifyPeer = true  - Libcurl will verify peer certificate
LogInit:  - bUseHttpProxy = false  - Libcurl will NOT use HTTP proxy
LogInit:  - bDontReuseConnections = false  - Libcurl will reuse connections
LogInit:  - MaxHostConnections = 16  - Libcurl will limit the number of connections to a host
LogInit:  - LocalHostAddr = Default
LogInit:  - BufferSize = 65536
LogOnline: OSS: Creating online subsystem instance for: NULL
LogInit: WinSock: version 1.1 (2.2), MaxSocks=32767, MaxUdp=65467
LogOnline: OSS: TryLoadSubsystemAndSetDefault: Loaded subsystem for module [NULL]
LogOculusPluginWrapper: OculusPlugin initialized successfully
LogHMD: Failed initializing OVRPlugin 1.59.0
LogInit: Build: ++UE4+Release-4.27-CL-18319896
LogInit: Engine Version: 4.27.2-18319896+++UE4+Release-4.27
LogInit: Compatible Engine Version: 4.27.0-17155196+++UE4+Release-4.27
LogInit: Net CL: 17155196
LogInit: OS: Windows 10 (Release 2009) (), CPU: Intel(R) Core(TM) i7-9700 CPU @ 3.00GHz, GPU: NVIDIA GeForce RTX 2060
LogInit: Compiled (64-bit): Nov 30 2021 07:12:08
LogInit: Compiled with Visual C++: 19.24.28315.00
LogInit: Build Configuration: Development
LogInit: Branch Name: ++UE4+Release-4.27
LogInit: Command Line: 
LogInit: Base Directory: D:/unreal/UE_4.27/Engine/Binaries/Win64/
LogInit: Allocator: TBB
LogInit: Installed Engine Build: 1
LogDevObjectVersion: Number of dev versions registered: 29
LogDevObjectVersion:   Dev-Blueprints (B0D832E4-1F89-4F0D-ACCF-7EB736FD4AA2): 10
LogDevObjectVersion:   Dev-Build (E1C64328-A22C-4D53-A36C-8E866417BD8C): 0
LogDevObjectVersion:   Dev-Core (375EC13C-06E4-48FB-B500-84F0262A717E): 4
LogDevObjectVersion:   Dev-Editor (E4B068ED-F494-42E9-A231-DA0B2E46BB41): 40
LogDevObjectVersion:   Dev-Framework (CFFC743F-43B0-4480-9391-14DF171D2073): 37
LogDevObjectVersion:   Dev-Mobile (B02B49B5-BB20-44E9-A304-32B752E40360): 3
LogDevObjectVersion:   Dev-Networking (A4E4105C-59A1-49B5-A7C5-40C4547EDFEE): 0
LogDevObjectVersion:   Dev-Online (39C831C9-5AE6-47DC-9A44-9C173E1C8E7C): 0
LogDevObjectVersion:   Dev-Physics (78F01B33-EBEA-4F98-B9B4-84EACCB95AA2): 14
LogDevObjectVersion:   Dev-Platform (6631380F-2D4D-43E0-8009-CF276956A95A): 0
LogDevObjectVersion:   Dev-Rendering (12F88B9F-8875-4AFC-A67C-D90C383ABD29): 45
LogDevObjectVersion:   Dev-Sequencer (7B5AE74C-D270-4C10-A958-57980B212A5A): 13
LogDevObjectVersion:   Dev-VR (D7296918-1DD6-4BDD-9DE2-64A83CC13884): 3
LogDevObjectVersion:   Dev-LoadTimes (C2A15278-BFE7-4AFE-6C17-90FF531DF755): 1
LogDevObjectVersion:   Private-Geometry (6EACA3D4-40EC-4CC1-B786-8BED09428FC5): 3
LogDevObjectVersion:   Dev-AnimPhys (29E575DD-E0A3-4627-9D10-D276232CDCEA): 17
LogDevObjectVersion:   Dev-Anim (AF43A65D-7FD3-4947-9873-3E8ED9C1BB05): 15
LogDevObjectVersion:   Dev-ReflectionCapture (6B266CEC-1EC7-4B8F-A30B-E4D90942FC07): 1
LogDevObjectVersion:   Dev-Automation (0DF73D61-A23F-47EA-B727-89E90C41499A): 1
LogDevObjectVersion:   FortniteMain (601D1886-AC64-4F84-AA16-D3DE0DEAC7D6): 47
LogDevObjectVersion:   FortniteRelease (E7086368-6B23-4C58-8439-1B7016265E91): 1
LogDevObjectVersion:   Dev-Enterprise (9DFFBCD6-494F-0158-E221-12823C92A888): 10
LogDevObjectVersion:   Dev-Niagara (F2AED0AC-9AFE-416F-8664-AA7FFA26D6FC): 1
LogDevObjectVersion:   Dev-Destruction (174F1F0B-B4C6-45A5-B13F-2EE8D0FB917D): 10
LogDevObjectVersion:   Dev-Physics-Ext (35F94A83-E258-406C-A318-09F59610247C): 41
LogDevObjectVersion:   Dev-PhysicsMaterial-Chaos (B68FC16E-8B1B-42E2-B453-215C058844FE): 1
LogDevObjectVersion:   Dev-CineCamera (B2E18506-4273-CFC2-A54E-F4BB758BBA07): 1
LogDevObjectVersion:   Dev-VirtualProduction (64F58936-FD1B-42BA-BA96-7289D5D0FA4E): 1
LogDevObjectVersion:   Dev-MediaFramework (6F0ED827-A609-4895-9C91-998D90180EA4): 2
LogInit: Presizing for max 25165824 objects, including 0 objects not considered by GC, pre-allocating 0 bytes for permanent pool.
LogConfig: Applying CVar settings from Section [/Script/Engine.StreamingSettings] File [D:/zNathan/Unreal/LAST_GOOD_HIDEANDSEEK/Saved/Config/Windows/Engine.ini]
LogConfig: Setting CVar [[s.MinBulkDataSizeForAsyncLoading:131072]]
LogConfig: Setting CVar [[s.AsyncLoadingThreadEnabled:0]]
LogConfig: Setting CVar [[s.EventDrivenLoaderEnabled:1]]
LogConfig: Setting CVar [[s.WarnIfTimeLimitExceeded:0]]
LogConfig: Setting CVar [[s.TimeLimitExceededMultiplier:1.5]]
LogConfig: Setting CVar [[s.TimeLimitExceededMinTime:0.005]]
LogConfig: Setting CVar [[s.UseBackgroundLevelStreaming:1]]
LogConfig: Setting CVar [[s.PriorityAsyncLoadingExtraTime:15.0]]
LogConfig: Setting CVar [[s.LevelStreamingActorsUpdateTimeLimit:5.0]]
LogConfig: Setting CVar [[s.PriorityLevelStreamingActorsUpdateExtraTime:5.0]]
LogConfig: Setting CVar [[s.LevelStreamingComponentsRegistrationGranularity:10]]
LogConfig: Setting CVar [[s.UnregisterComponentsTimeLimit:1.0]]
LogConfig: Setting CVar [[s.LevelStreamingComponentsUnregistrationGranularity:5]]
LogConfig: Setting CVar [[s.FlushStreamingOnExit:1]]
LogInit: Object subsystem initialized
LogConfig: Setting CVar [[con.DebugEarlyDefault:1]]
LogConfig: Setting CVar [[r.setres:1280x720]]
[2023.03.13-13.06.10:234][  0]LogConfig: Setting CVar [[r.VSync:0]]
[2023.03.13-13.06.10:234][  0]LogConfig: Setting CVar [[r.RHICmdBypass:0]]
[2023.03.13-13.06.10:234][  0]LogConfig: Applying CVar settings from Section [/Script/Engine.RendererSettings] File [D:/zNathan/Unreal/LAST_GOOD_HIDEANDSEEK/Saved/Config/Windows/Engine.ini]
[2023.03.13-13.06.10:234][  0]LogConfig: Setting CVar [[r.GPUCrashDebugging:0]]
[2023.03.13-13.06.10:234][  0]LogConfig: Applying CVar settings from Section [/Script/Engine.RendererOverrideSettings] File [D:/zNathan/Unreal/LAST_GOOD_HIDEANDSEEK/Saved/Config/Windows/Engine.ini]
[2023.03.13-13.06.10:234][  0]LogConfig: Applying CVar settings from Section [/Script/Engine.StreamingSettings] File [D:/zNathan/Unreal/LAST_GOOD_HIDEANDSEEK/Saved/Config/Windows/Engine.ini]
[2023.03.13-13.06.10:234][  0]LogConfig: Setting CVar [[s.MinBulkDataSizeForAsyncLoading:131072]]
[2023.03.13-13.06.10:234][  0]LogConfig: Setting CVar [[s.AsyncLoadingThreadEnabled:0]]
[2023.03.13-13.06.10:234][  0]LogConfig: Setting CVar [[s.EventDrivenLoaderEnabled:1]]
[2023.03.13-13.06.10:234][  0]LogConfig: Setting CVar [[s.WarnIfTimeLimitExceeded:0]]
[2023.03.13-13.06.10:234][  0]LogConfig: Setting CVar [[s.TimeLimitExceededMultiplier:1.5]]
[2023.03.13-13.06.10:234][  0]LogConfig: Setting CVar [[s.TimeLimitExceededMinTime:0.005]]
[2023.03.13-13.06.10:234][  0]LogConfig: Setting CVar [[s.UseBackgroundLevelStreaming:1]]
[2023.03.13-13.06.10:234][  0]LogConfig: Setting CVar [[s.PriorityAsyncLoadingExtraTime:15.0]]
[2023.03.13-13.06.10:234][  0]LogConfig: Setting CVar [[s.LevelStreamingActorsUpdateTimeLimit:5.0]]
[2023.03.13-13.06.10:234][  0]LogConfig: Setting CVar [[s.PriorityLevelStreamingActorsUpdateExtraTime:5.0]]
[2023.03.13-13.06.10:234][  0]LogConfig: Setting CVar [[s.LevelStreamingComponentsRegistrationGranularity:10]]
[2023.03.13-13.06.10:234][  0]LogConfig: Setting CVar [[s.UnregisterComponentsTimeLimit:1.0]]
[2023.03.13-13.06.10:234][  0]LogConfig: Setting CVar [[s.LevelStreamingComponentsUnregistrationGranularity:5]]
[2023.03.13-13.06.10:234][  0]LogConfig: Setting CVar [[s.FlushStreamingOnExit:1]]
[2023.03.13-13.06.10:234][  0]LogConfig: Applying CVar settings from Section [/Script/Engine.GarbageCollectionSettings] File [D:/zNathan/Unreal/LAST_GOOD_HIDEANDSEEK/Saved/Config/Windows/Engine.ini]
[2023.03.13-13.06.10:234][  0]LogConfig: Setting CVar [[gc.MaxObjectsNotConsideredByGC:1]]
[2023.03.13-13.06.10:234][  0]LogConfig: Setting CVar [[gc.SizeOfPermanentObjectPool:0]]
[2023.03.13-13.06.10:234][  0]LogConfig: Setting CVar [[gc.FlushStreamingOnGC:0]]
[2023.03.13-13.06.10:234][  0]LogConfig: Setting CVar [[gc.NumRetriesBeforeForcingGC:10]]
[2023.03.13-13.06.10:234][  0]LogConfig: Setting CVar [[gc.AllowParallelGC:1]]
[2023.03.13-13.06.10:234][  0]LogConfig: Setting CVar [[gc.TimeBetweenPurgingPendingKillObjects:61.1]]
[2023.03.13-13.06.10:234][  0]LogConfig: Setting CVar [[gc.MaxObjectsInEditor:25165824]]
[2023.03.13-13.06.10:234][  0]LogConfig: Setting CVar [[gc.IncrementalBeginDestroyEnabled:1]]
[2023.03.13-13.06.10:234][  0]LogConfig: Setting CVar [[gc.CreateGCClusters:1]]
[2023.03.13-13.06.10:234][  0]LogConfig: Setting CVar [[gc.MinGCClusterSize:5]]
[2023.03.13-13.06.10:234][  0]LogConfig: Setting CVar [[gc.ActorClusteringEnabled:0]]
[2023.03.13-13.06.10:234][  0]LogConfig: Setting CVar [[gc.BlueprintClusteringEnabled:0]]
[2023.03.13-13.06.10:234][  0]LogConfig: Setting CVar [[gc.UseDisregardForGCOnDedicatedServers:0]]
[2023.03.13-13.06.10:234][  0]LogConfig: Setting CVar [[gc.MultithreadedDestructionEnabled:1]]
[2023.03.13-13.06.10:234][  0]LogConfig: Applying CVar settings from Section [/Script/Engine.NetworkSettings] File [D:/zNathan/Unreal/LAST_GOOD_HIDEANDSEEK/Saved/Config/Windows/Engine.ini]
[2023.03.13-13.06.10:234][  0]LogConfig: Applying CVar settings from Section [/Script/UnrealEd.CookerSettings] File [D:/zNathan/Unreal/LAST_GOOD_HIDEANDSEEK/Saved/Config/Windows/Engine.ini]
[2023.03.13-13.06.10:240][  0]LogConfig: Applying CVar settings from Section [ViewDistanceQuality@3] File [D:/zNathan/Unreal/LAST_GOOD_HIDEANDSEEK/Saved/Config/Windows/Scalability.ini]
[2023.03.13-13.06.10:240][  0]LogConfig: Setting CVar [[r.SkeletalMeshLODBias:0]]
[2023.03.13-13.06.10:240][  0]LogConfig: Setting CVar [[r.ViewDistanceScale:1.0]]
[2023.03.13-13.06.10:240][  0]LogConfig: Applying CVar settings from Section [AntiAliasingQuality@3] File [D:/zNathan/Unreal/LAST_GOOD_HIDEANDSEEK/Saved/Config/Windows/Scalability.ini]
[2023.03.13-13.06.10:240][  0]LogConfig: Setting CVar [[r.PostProcessAAQuality:4]]
[2023.03.13-13.06.10:240][  0]LogConfig: Applying CVar settings from Section [ShadowQuality@3] File [D:/zNathan/Unreal/LAST_GOOD_HIDEANDSEEK/Saved/Config/Windows/Scalability.ini]
[2023.03.13-13.06.10:240][  0]LogConfig: Setting CVar [[r.LightFunctionQuality:1]]
[2023.03.13-13.06.10:240][  0]LogConfig: Setting CVar [[r.ShadowQuality:5]]
[2023.03.13-13.06.10:240][  0]LogConfig: Setting CVar [[r.Shadow.CSM.MaxCascades:10]]
[2023.03.13-13.06.10:240][  0]LogConfig: Setting CVar [[r.Shadow.MaxResolution:2048]]
[2023.03.13-13.06.10:240][  0]LogConfig: Setting CVar [[r.Shadow.MaxCSMResolution:2048]]
[2023.03.13-13.06.10:240][  0]LogConfig: Setting CVar [[r.Shadow.RadiusThreshold:0.01]]
[2023.03.13-13.06.10:240][  0]LogConfig: Setting CVar [[r.Shadow.DistanceScale:1.0]]
[2023.03.13-13.06.10:240][  0]LogConfig: Setting CVar [[r.Shadow.CSM.TransitionScale:1.0]]
[2023.03.13-13.06.10:240][  0]LogConfig: Setting CVar [[r.Shadow.PreShadowResolutionFactor:1.0]]
[2023.03.13-13.06.10:240][  0]LogConfig: Setting CVar [[r.DistanceFieldShadowing:1]]
[2023.03.13-13.06.10:240][  0]LogConfig: Setting CVar [[r.DistanceFieldAO:1]]
[2023.03.13-13.06.10:240][  0]LogConfig: Setting CVar [[r.AOQuality:2]]
[2023.03.13-13.06.10:240][  0]LogConfig: Setting CVar [[r.VolumetricFog:1]]
[2023.03.13-13.06.10:240][  0]LogConfig: Setting CVar [[r.VolumetricFog.GridPixelSize:8]]
[2023.03.13-13.06.10:240][  0]LogConfig: Setting CVar [[r.VolumetricFog.GridSizeZ:128]]
[2023.03.13-13.06.10:240][  0]LogConfig: Setting CVar [[r.VolumetricFog.HistoryMissSupersampleCount:4]]
[2023.03.13-13.06.10:240][  0]LogConfig: Setting CVar [[r.LightMaxDrawDistanceScale:1]]
[2023.03.13-13.06.10:240][  0]LogConfig: Setting CVar [[r.CapsuleShadows:1]]
[2023.03.13-13.06.10:240][  0]LogConfig: Applying CVar settings from Section [PostProcessQuality@3] File [D:/zNathan/Unreal/LAST_GOOD_HIDEANDSEEK/Saved/Config/Windows/Scalability.ini]
[2023.03.13-13.06.10:240][  0]LogConfig: Setting CVar [[r.MotionBlurQuality:4]]
[2023.03.13-13.06.10:240][  0]LogConfig: Setting CVar [[r.AmbientOcclusionMipLevelFactor:0.4]]
[2023.03.13-13.06.10:240][  0]LogConfig: Setting CVar [[r.AmbientOcclusionMaxQuality:100]]
[2023.03.13-13.06.10:240][  0]LogConfig: Setting CVar [[r.AmbientOcclusionLevels:-1]]
[2023.03.13-13.06.10:240][  0]LogConfig: Setting CVar [[r.AmbientOcclusionRadiusScale:1.0]]
[2023.03.13-13.06.10:240][  0]LogConfig: Setting CVar [[r.DepthOfFieldQuality:2]]
[2023.03.13-13.06.10:240][  0]LogConfig: Setting CVar [[r.RenderTargetPoolMin:400]]
[2023.03.13-13.06.10:240][  0]LogConfig: Setting CVar [[r.LensFlareQuality:2]]
[2023.03.13-13.06.10:240][  0]LogConfig: Setting CVar [[r.SceneColorFringeQuality:1]]
[2023.03.13-13.06.10:240][  0]LogConfig: Setting CVar [[r.EyeAdaptationQuality:2]]
[2023.03.13-13.06.10:240][  0]LogConfig: Setting CVar [[r.BloomQuality:5]]
[2023.03.13-13.06.10:240][  0]LogConfig: Setting CVar [[r.FastBlurThreshold:100]]
[2023.03.13-13.06.10:240][  0]LogConfig: Setting CVar [[r.Upscale.Quality:3]]
[2023.03.13-13.06.10:240][  0]LogConfig: Setting CVar [[r.Tonemapper.GrainQuantization:1]]
[2023.03.13-13.06.10:240][  0]LogConfig: Setting CVar [[r.LightShaftQuality:1]]
[2023.03.13-13.06.10:240][  0]LogConfig: Setting CVar [[r.Filter.SizeScale:1]]
[2023.03.13-13.06.10:240][  0]LogConfig: Setting CVar [[r.Tonemapper.Quality:5]]
[2023.03.13-13.06.10:240][  0]LogConfig: Setting CVar [[r.DOF.Gather.AccumulatorQuality:1        ; higher gathering accumulator quality]]
[2023.03.13-13.06.10:240][  0]LogConfig: Setting CVar [[r.DOF.Gather.PostfilterMethod:1          ; Median3x3 postfilering method]]
[2023.03.13-13.06.10:240][  0]LogConfig: Setting CVar [[r.DOF.Gather.EnableBokehSettings:0       ; no bokeh simulation when gathering]]
[2023.03.13-13.06.10:240][  0]LogConfig: Setting CVar [[r.DOF.Gather.RingCount:4                 ; medium number of samples when gathering]]
[2023.03.13-13.06.10:240][  0]LogConfig: Setting CVar [[r.DOF.Scatter.ForegroundCompositing:1    ; additive foreground scattering]]
[2023.03.13-13.06.10:240][  0]LogConfig: Setting CVar [[r.DOF.Scatter.BackgroundCompositing:2    ; additive background scattering]]
[2023.03.13-13.06.10:240][  0]LogConfig: Setting CVar [[r.DOF.Scatter.EnableBokehSettings:1      ; bokeh simulation when scattering]]
[2023.03.13-13.06.10:240][  0]LogConfig: Setting CVar [[r.DOF.Scatter.MaxSpriteRatio:0.1         ; only a maximum of 10% of scattered bokeh]]
[2023.03.13-13.06.10:240][  0]LogConfig: Setting CVar [[r.DOF.Recombine.Quality:1                ; cheap slight out of focus]]
[2023.03.13-13.06.10:240][  0]LogConfig: Setting CVar [[r.DOF.Recombine.EnableBokehSettings:0    ; no bokeh simulation on slight out of focus]]
[2023.03.13-13.06.10:240][  0]LogConfig: Setting CVar [[r.DOF.TemporalAAQuality:1                ; more stable temporal accumulation]]
[2023.03.13-13.06.10:240][  0]LogConfig: Setting CVar [[r.DOF.Kernel.MaxForegroundRadius:0.025]]
[2023.03.13-13.06.10:240][  0]LogConfig: Setting CVar [[r.DOF.Kernel.MaxBackgroundRadius:0.025]]
[2023.03.13-13.06.10:240][  0]LogConfig: Applying CVar settings from Section [TextureQuality@3] File [D:/zNathan/Unreal/LAST_GOOD_HIDEANDSEEK/Saved/Config/Windows/Scalability.ini]
[2023.03.13-13.06.10:240][  0]LogConfig: Setting CVar [[r.Streaming.MipBias:0]]
[2023.03.13-13.06.10:241][  0]LogConfig: Setting CVar [[r.Streaming.AmortizeCPUToGPUCopy:0]]
[2023.03.13-13.06.10:241][  0]LogConfig: Setting CVar [[r.Streaming.MaxNumTexturesToStreamPerFrame:0]]
[2023.03.13-13.06.10:241][  0]LogConfig: Setting CVar [[r.Streaming.Boost:1]]
[2023.03.13-13.06.10:241][  0]LogConfig: Setting CVar [[r.MaxAnisotropy:8]]
[2023.03.13-13.06.10:241][  0]LogConfig: Setting CVar [[r.VT.MaxAnisotropy:8]]
[2023.03.13-13.06.10:241][  0]LogConfig: Setting CVar [[r.Streaming.LimitPoolSizeToVRAM:0]]
[2023.03.13-13.06.10:241][  0]LogConfig: Setting CVar [[r.Streaming.PoolSize:1000]]
[2023.03.13-13.06.10:241][  0]LogConfig: Setting CVar [[r.Streaming.MaxEffectiveScreenSize:0]]
[2023.03.13-13.06.10:241][  0]LogConfig: Applying CVar settings from Section [EffectsQuality@3] File [D:/zNathan/Unreal/LAST_GOOD_HIDEANDSEEK/Saved/Config/Windows/Scalability.ini]
[2023.03.13-13.06.10:241][  0]LogConfig: Setting CVar [[r.TranslucencyLightingVolumeDim:64]]
[2023.03.13-13.06.10:241][  0]LogConfig: Setting CVar [[r.RefractionQuality:2]]
[2023.03.13-13.06.10:241][  0]LogConfig: Setting CVar [[r.SSR.Quality:3]]
[2023.03.13-13.06.10:241][  0]LogConfig: Setting CVar [[r.SSR.HalfResSceneColor:0]]
[2023.03.13-13.06.10:241][  0]LogConfig: Setting CVar [[r.SceneColorFormat:4]]
[2023.03.13-13.06.10:241][  0]LogConfig: Setting CVar [[r.DetailMode:2]]
[2023.03.13-13.06.10:241][  0]LogConfig: Setting CVar [[r.TranslucencyVolumeBlur:1]]
[2023.03.13-13.06.10:241][  0]LogConfig: Setting CVar [[r.MaterialQualityLevel:1 ; High quality]]
[2023.03.13-13.06.10:241][  0]LogConfig: Setting CVar [[r.AnisotropicMaterials:1]]
[2023.03.13-13.06.10:241][  0]LogConfig: Setting CVar [[r.SSS.Scale:1]]
[2023.03.13-13.06.10:241][  0]LogConfig: Setting CVar [[r.SSS.SampleSet:2]]
[2023.03.13-13.06.10:241][  0]LogConfig: Setting CVar [[r.SSS.Quality:1]]
[2023.03.13-13.06.10:241][  0]LogConfig: Setting CVar [[r.SSS.HalfRes:0]]
[2023.03.13-13.06.10:241][  0]LogConfig: Setting CVar [[r.SSGI.Quality:3]]
[2023.03.13-13.06.10:241][  0]LogConfig: Setting CVar [[r.EmitterSpawnRateScale:1.0]]
[2023.03.13-13.06.10:241][  0]LogConfig: Setting CVar [[r.ParticleLightQuality:2]]
[2023.03.13-13.06.10:241][  0]LogConfig: Setting CVar [[r.SkyAtmosphere.AerialPerspectiveLUT.FastApplyOnOpaque:1 ; Always have FastSkyLUT 1 in this case to avoid wrong sky]]
[2023.03.13-13.06.10:241][  0]LogConfig: Setting CVar [[r.SkyAtmosphere.AerialPerspectiveLUT.SampleCountMaxPerSlice:4]]
[2023.03.13-13.06.10:241][  0]LogConfig: Setting CVar [[r.SkyAtmosphere.AerialPerspectiveLUT.DepthResolution:16.0]]
[2023.03.13-13.06.10:241][  0]LogConfig: Setting CVar [[r.SkyAtmosphere.FastSkyLUT:1]]
[2023.03.13-13.06.10:241][  0]LogConfig: Setting CVar [[r.SkyAtmosphere.FastSkyLUT.SampleCountMin:4.0]]
[2023.03.13-13.06.10:241][  0]LogConfig: Setting CVar [[r.SkyAtmosphere.FastSkyLUT.SampleCountMax:128.0]]
[2023.03.13-13.06.10:241][  0]LogConfig: Setting CVar [[r.SkyAtmosphere.SampleCountMin:4.0]]
[2023.03.13-13.06.10:241][  0]LogConfig: Setting CVar [[r.SkyAtmosphere.SampleCountMax:128.0]]
[2023.03.13-13.06.10:241][  0]LogConfig: Setting CVar [[r.SkyAtmosphere.TransmittanceLUT.UseSmallFormat:0]]
[2023.03.13-13.06.10:241][  0]LogConfig: Setting CVar [[r.SkyAtmosphere.TransmittanceLUT.SampleCount:10.0]]
[2023.03.13-13.06.10:241][  0]LogConfig: Setting CVar [[r.SkyAtmosphere.MultiScatteringLUT.SampleCount:15.0]]
[2023.03.13-13.06.10:241][  0]LogConfig: Setting CVar [[r.SkyLight.RealTimeReflectionCapture:1]]
[2023.03.13-13.06.10:241][  0]LogConfig: Applying CVar settings from Section [FoliageQuality@3] File [D:/zNathan/Unreal/LAST_GOOD_HIDEANDSEEK/Saved/Config/Windows/Scalability.ini]
[2023.03.13-13.06.10:241][  0]LogConfig: Setting CVar [[foliage.DensityScale:1.0]]
[2023.03.13-13.06.10:241][  0]LogConfig: Setting CVar [[grass.DensityScale:1.0]]
[2023.03.13-13.06.10:241][  0]LogConfig: Applying CVar settings from Section [ShadingQuality@3] File [D:/zNathan/Unreal/LAST_GOOD_HIDEANDSEEK/Saved/Config/Windows/Scalability.ini]
[2023.03.13-13.06.10:241][  0]LogConfig: Setting CVar [[r.HairStrands.SkyLighting.IntegrationType:2]]
[2023.03.13-13.06.10:241][  0]LogConfig: Setting CVar [[r.HairStrands.SkyAO.SampleCount:4]]
[2023.03.13-13.06.10:241][  0]LogConfig: Setting CVar [[r.HairStrands.Visibility.MSAA.SamplePerPixel:4]]
[2023.03.13-13.06.10:241][  0]LogInit: Selected Device Profile: [Windows]
[2023.03.13-13.06.10:241][  0]LogInit: Applying CVar settings loaded from the selected device profile: [Windows]
[2023.03.13-13.06.10:241][  0]LogHAL: Display: Platform has ~ 16 GB [16943194112 / 17179869184 / 16], which maps to Larger [LargestMinGB=32, LargerMinGB=12, DefaultMinGB=8, SmallerMinGB=6, SmallestMinGB=0)
[2023.03.13-13.06.10:241][  0]LogInit: Going up to parent DeviceProfile []
[2023.03.13-13.06.10:241][  0]LogConfig: Applying CVar settings from Section [ViewDistanceQuality@3] File [D:/zNathan/Unreal/LAST_GOOD_HIDEANDSEEK/Saved/Config/Windows/Scalability.ini]
[2023.03.13-13.06.10:241][  0]LogConfig: Setting CVar [[r.SkeletalMeshLODBias:0]]
[2023.03.13-13.06.10:241][  0]LogConfig: Setting CVar [[r.ViewDistanceScale:1.0]]
[2023.03.13-13.06.10:241][  0]LogConfig: Applying CVar settings from Section [AntiAliasingQuality@3] File [D:/zNathan/Unreal/LAST_GOOD_HIDEANDSEEK/Saved/Config/Windows/Scalability.ini]
[2023.03.13-13.06.10:241][  0]LogConfig: Setting CVar [[r.PostProcessAAQuality:4]]
[2023.03.13-13.06.10:241][  0]LogConfig: Applying CVar settings from Section [ShadowQuality@3] File [D:/zNathan/Unreal/LAST_GOOD_HIDEANDSEEK/Saved/Config/Windows/Scalability.ini]
[2023.03.13-13.06.10:241][  0]LogConfig: Setting CVar [[r.LightFunctionQuality:1]]
[2023.03.13-13.06.10:241][  0]LogConfig: Setting CVar [[r.ShadowQuality:5]]
[2023.03.13-13.06.10:241][  0]LogConfig: Setting CVar [[r.Shadow.CSM.MaxCascades:10]]
[2023.03.13-13.06.10:241][  0]LogConfig: Setting CVar [[r.Shadow.MaxResolution:2048]]
[2023.03.13-13.06.10:241][  0]LogConfig: Setting CVar [[r.Shadow.MaxCSMResolution:2048]]
[2023.03.13-13.06.10:241][  0]LogConfig: Setting CVar [[r.Shadow.RadiusThreshold:0.01]]
[2023.03.13-13.06.10:241][  0]LogConfig: Setting CVar [[r.Shadow.DistanceScale:1.0]]
[2023.03.13-13.06.10:241][  0]LogConfig: Setting CVar [[r.Shadow.CSM.TransitionScale:1.0]]
[2023.03.13-13.06.10:241][  0]LogConfig: Setting CVar [[r.Shadow.PreShadowResolutionFactor:1.0]]
[2023.03.13-13.06.10:241][  0]LogConfig: Setting CVar [[r.DistanceFieldShadowing:1]]
[2023.03.13-13.06.10:241][  0]LogConfig: Setting CVar [[r.DistanceFieldAO:1]]
[2023.03.13-13.06.10:241][  0]LogConfig: Setting CVar [[r.AOQuality:2]]
[2023.03.13-13.06.10:241][  0]LogConfig: Setting CVar [[r.VolumetricFog:1]]
[2023.03.13-13.06.10:241][  0]LogConfig: Setting CVar [[r.VolumetricFog.GridPixelSize:8]]
[2023.03.13-13.06.10:241][  0]LogConfig: Setting CVar [[r.VolumetricFog.GridSizeZ:128]]
[2023.03.13-13.06.10:241][  0]LogConfig: Setting CVar [[r.VolumetricFog.HistoryMissSupersampleCount:4]]
[2023.03.13-13.06.10:241][  0]LogConfig: Setting CVar [[r.LightMaxDrawDistanceScale:1]]
[2023.03.13-13.06.10:241][  0]LogConfig: Setting CVar [[r.CapsuleShadows:1]]
[2023.03.13-13.06.10:241][  0]LogConfig: Applying CVar settings from Section [PostProcessQuality@3] File [D:/zNathan/Unreal/LAST_GOOD_HIDEANDSEEK/Saved/Config/Windows/Scalability.ini]
[2023.03.13-13.06.10:241][  0]LogConfig: Setting CVar [[r.MotionBlurQuality:4]]
[2023.03.13-13.06.10:241][  0]LogConfig: Setting CVar [[r.AmbientOcclusionMipLevelFactor:0.4]]
[2023.03.13-13.06.10:241][  0]LogConfig: Setting CVar [[r.AmbientOcclusionMaxQuality:100]]
[2023.03.13-13.06.10:241][  0]LogConfig: Setting CVar [[r.AmbientOcclusionLevels:-1]]
[2023.03.13-13.06.10:241][  0]LogConfig: Setting CVar [[r.AmbientOcclusionRadiusScale:1.0]]
[2023.03.13-13.06.10:241][  0]LogConfig: Setting CVar [[r.DepthOfFieldQuality:2]]
[2023.03.13-13.06.10:241][  0]LogConfig: Setting CVar [[r.RenderTargetPoolMin:400]]
[2023.03.13-13.06.10:241][  0]LogConfig: Setting CVar [[r.LensFlareQuality:2]]
[2023.03.13-13.06.10:241][  0]LogConfig: Setting CVar [[r.SceneColorFringeQuality:1]]
[2023.03.13-13.06.10:241][  0]LogConfig: Setting CVar [[r.EyeAdaptationQuality:2]]
[2023.03.13-13.06.10:241][  0]LogConfig: Setting CVar [[r.BloomQuality:5]]
[2023.03.13-13.06.10:241][  0]LogConfig: Setting CVar [[r.FastBlurThreshold:100]]
[2023.03.13-13.06.10:241][  0]LogConfig: Setting CVar [[r.Upscale.Quality:3]]
[2023.03.13-13.06.10:241][  0]LogConfig: Setting CVar [[r.Tonemapper.GrainQuantization:1]]
[2023.03.13-13.06.10:241][  0]LogConfig: Setting CVar [[r.LightShaftQuality:1]]
[2023.03.13-13.06.10:241][  0]LogConfig: Setting CVar [[r.Filter.SizeScale:1]]
[2023.03.13-13.06.10:241][  0]LogConfig: Setting CVar [[r.Tonemapper.Quality:5]]
[2023.03.13-13.06.10:241][  0]LogConfig: Setting CVar [[r.DOF.Gather.AccumulatorQuality:1        ; higher gathering accumulator quality]]
[2023.03.13-13.06.10:241][  0]LogConfig: Setting CVar [[r.DOF.Gather.PostfilterMethod:1          ; Median3x3 postfilering method]]
[2023.03.13-13.06.10:241][  0]LogConfig: Setting CVar [[r.DOF.Gather.EnableBokehSettings:0       ; no bokeh simulation when gathering]]
[2023.03.13-13.06.10:241][  0]LogConfig: Setting CVar [[r.DOF.Gather.RingCount:4                 ; medium number of samples when gathering]]
[2023.03.13-13.06.10:241][  0]LogConfig: Setting CVar [[r.DOF.Scatter.ForegroundCompositing:1    ; additive foreground scattering]]
[2023.03.13-13.06.10:241][  0]LogConfig: Setting CVar [[r.DOF.Scatter.BackgroundCompositing:2    ; additive background scattering]]
[2023.03.13-13.06.10:242][  0]LogConfig: Setting CVar [[r.DOF.Scatter.EnableBokehSettings:1      ; bokeh simulation when scattering]]
[2023.03.13-13.06.10:242][  0]LogConfig: Setting CVar [[r.DOF.Scatter.MaxSpriteRatio:0.1         ; only a maximum of 10% of scattered bokeh]]
[2023.03.13-13.06.10:242][  0]LogConfig: Setting CVar [[r.DOF.Recombine.Quality:1                ; cheap slight out of focus]]
[2023.03.13-13.06.10:242][  0]LogConfig: Setting CVar [[r.DOF.Recombine.EnableBokehSettings:0    ; no bokeh simulation on slight out of focus]]
[2023.03.13-13.06.10:242][  0]LogConfig: Setting CVar [[r.DOF.TemporalAAQuality:1                ; more stable temporal accumulation]]
[2023.03.13-13.06.10:242][  0]LogConfig: Setting CVar [[r.DOF.Kernel.MaxForegroundRadius:0.025]]
[2023.03.13-13.06.10:242][  0]LogConfig: Setting CVar [[r.DOF.Kernel.MaxBackgroundRadius:0.025]]
[2023.03.13-13.06.10:242][  0]LogConfig: Applying CVar settings from Section [TextureQuality@3] File [D:/zNathan/Unreal/LAST_GOOD_HIDEANDSEEK/Saved/Config/Windows/Scalability.ini]
[2023.03.13-13.06.10:242][  0]LogConfig: Setting CVar [[r.Streaming.MipBias:0]]
[2023.03.13-13.06.10:242][  0]LogConfig: Setting CVar [[r.Streaming.AmortizeCPUToGPUCopy:0]]
[2023.03.13-13.06.10:242][  0]LogConfig: Setting CVar [[r.Streaming.MaxNumTexturesToStreamPerFrame:0]]
[2023.03.13-13.06.10:242][  0]LogConfig: Setting CVar [[r.Streaming.Boost:1]]
[2023.03.13-13.06.10:242][  0]LogConfig: Setting CVar [[r.MaxAnisotropy:8]]
[2023.03.13-13.06.10:242][  0]LogConfig: Setting CVar [[r.VT.MaxAnisotropy:8]]
[2023.03.13-13.06.10:242][  0]LogConfig: Setting CVar [[r.Streaming.LimitPoolSizeToVRAM:0]]
[2023.03.13-13.06.10:242][  0]LogConfig: Setting CVar [[r.Streaming.PoolSize:1000]]
[2023.03.13-13.06.10:242][  0]LogConfig: Setting CVar [[r.Streaming.MaxEffectiveScreenSize:0]]
[2023.03.13-13.06.10:242][  0]LogConfig: Applying CVar settings from Section [EffectsQuality@3] File [D:/zNathan/Unreal/LAST_GOOD_HIDEANDSEEK/Saved/Config/Windows/Scalability.ini]
[2023.03.13-13.06.10:242][  0]LogConfig: Setting CVar [[r.TranslucencyLightingVolumeDim:64]]
[2023.03.13-13.06.10:242][  0]LogConfig: Setting CVar [[r.RefractionQuality:2]]
[2023.03.13-13.06.10:242][  0]LogConfig: Setting CVar [[r.SSR.Quality:3]]
[2023.03.13-13.06.10:242][  0]LogConfig: Setting CVar [[r.SSR.HalfResSceneColor:0]]
[2023.03.13-13.06.10:242][  0]LogConfig: Setting CVar [[r.SceneColorFormat:4]]
[2023.03.13-13.06.10:242][  0]LogConfig: Setting CVar [[r.DetailMode:2]]
[2023.03.13-13.06.10:242][  0]LogConfig: Setting CVar [[r.TranslucencyVolumeBlur:1]]
[2023.03.13-13.06.10:242][  0]LogConfig: Setting CVar [[r.MaterialQualityLevel:1 ; High quality]]
[2023.03.13-13.06.10:242][  0]LogConfig: Setting CVar [[r.AnisotropicMaterials:1]]
[2023.03.13-13.06.10:242][  0]LogConfig: Setting CVar [[r.SSS.Scale:1]]
[2023.03.13-13.06.10:242][  0]LogConfig: Setting CVar [[r.SSS.SampleSet:2]]
[2023.03.13-13.06.10:242][  0]LogConfig: Setting CVar [[r.SSS.Quality:1]]
[2023.03.13-13.06.10:242][  0]LogConfig: Setting CVar [[r.SSS.HalfRes:0]]
[2023.03.13-13.06.10:242][  0]LogConfig: Setting CVar [[r.SSGI.Quality:3]]
[2023.03.13-13.06.10:242][  0]LogConfig: Setting CVar [[r.EmitterSpawnRateScale:1.0]]
[2023.03.13-13.06.10:242][  0]LogConfig: Setting CVar [[r.ParticleLightQuality:2]]
[2023.03.13-13.06.10:242][  0]LogConfig: Setting CVar [[r.SkyAtmosphere.AerialPerspectiveLUT.FastApplyOnOpaque:1 ; Always have FastSkyLUT 1 in this case to avoid wrong sky]]
[2023.03.13-13.06.10:242][  0]LogConfig: Setting CVar [[r.SkyAtmosphere.AerialPerspectiveLUT.SampleCountMaxPerSlice:4]]
[2023.03.13-13.06.10:242][  0]LogConfig: Setting CVar [[r.SkyAtmosphere.AerialPerspectiveLUT.DepthResolution:16.0]]
[2023.03.13-13.06.10:242][  0]LogConfig: Setting CVar [[r.SkyAtmosphere.FastSkyLUT:1]]
[2023.03.13-13.06.10:242][  0]LogConfig: Setting CVar [[r.SkyAtmosphere.FastSkyLUT.SampleCountMin:4.0]]
[2023.03.13-13.06.10:242][  0]LogConfig: Setting CVar [[r.SkyAtmosphere.FastSkyLUT.SampleCountMax:128.0]]
[2023.03.13-13.06.10:242][  0]LogConfig: Setting CVar [[r.SkyAtmosphere.SampleCountMin:4.0]]
[2023.03.13-13.06.10:242][  0]LogConfig: Setting CVar [[r.SkyAtmosphere.SampleCountMax:128.0]]
[2023.03.13-13.06.10:242][  0]LogConfig: Setting CVar [[r.SkyAtmosphere.TransmittanceLUT.UseSmallFormat:0]]
[2023.03.13-13.06.10:242][  0]LogConfig: Setting CVar [[r.SkyAtmosphere.TransmittanceLUT.SampleCount:10.0]]
[2023.03.13-13.06.10:242][  0]LogConfig: Setting CVar [[r.SkyAtmosphere.MultiScatteringLUT.SampleCount:15.0]]
[2023.03.13-13.06.10:242][  0]LogConfig: Setting CVar [[r.SkyLight.RealTimeReflectionCapture:1]]
[2023.03.13-13.06.10:242][  0]LogConfig: Applying CVar settings from Section [FoliageQuality@3] File [D:/zNathan/Unreal/LAST_GOOD_HIDEANDSEEK/Saved/Config/Windows/Scalability.ini]
[2023.03.13-13.06.10:242][  0]LogConfig: Setting CVar [[foliage.DensityScale:1.0]]
[2023.03.13-13.06.10:242][  0]LogConfig: Setting CVar [[grass.DensityScale:1.0]]
[2023.03.13-13.06.10:242][  0]LogConfig: Applying CVar settings from Section [ShadingQuality@3] File [D:/zNathan/Unreal/LAST_GOOD_HIDEANDSEEK/Saved/Config/Windows/Scalability.ini]
[2023.03.13-13.06.10:242][  0]LogConfig: Setting CVar [[r.HairStrands.SkyLighting.IntegrationType:2]]
[2023.03.13-13.06.10:242][  0]LogConfig: Setting CVar [[r.HairStrands.SkyAO.SampleCount:4]]
[2023.03.13-13.06.10:242][  0]LogConfig: Setting CVar [[r.HairStrands.Visibility.MSAA.SamplePerPixel:4]]
[2023.03.13-13.06.10:242][  0]LogConfig: Applying CVar settings from Section [Startup] File [../../../Engine/Config/ConsoleVariables.ini]
[2023.03.13-13.06.10:242][  0]LogConfig: Setting CVar [[net.UseAdaptiveNetUpdateFrequency:0]]
[2023.03.13-13.06.10:242][  0]LogConfig: Setting CVar [[p.chaos.AllowCreatePhysxBodies:1]]
[2023.03.13-13.06.10:242][  0]LogConfig: Setting CVar [[fx.SkipVectorVMBackendOptimizations:1]]
[2023.03.13-13.06.10:242][  0]LogConfig: Applying CVar settings from Section [ConsoleVariables] File [D:/zNathan/Unreal/LAST_GOOD_HIDEANDSEEK/Saved/Config/Windows/Engine.ini]
[2023.03.13-13.06.10:242][  0]LogConfig: Applying CVar settings from Section [ConsoleVariables] File [D:/zNathan/Unreal/LAST_GOOD_HIDEANDSEEK/Saved/Config/Windows/Editor.ini]
[2023.03.13-13.06.10:242][  0]LogInit: Computer: RNSS20928
[2023.03.13-13.06.10:242][  0]LogInit: User: npoisson
[2023.03.13-13.06.10:242][  0]LogInit: CPU Page size=4096, Cores=8
[2023.03.13-13.06.10:242][  0]LogInit: High frequency timer resolution =10.000000 MHz
[2023.03.13-13.06.10:242][  0]LogMemory: Memory total: Physical=15.8GB (16GB approx)
[2023.03.13-13.06.10:242][  0]LogMemory: Platform Memory Stats for Windows
[2023.03.13-13.06.10:242][  0]LogMemory: Process Physical Memory: 141.97 MB used, 141.97 MB peak
[2023.03.13-13.06.10:242][  0]LogMemory: Process Virtual Memory: 126.57 MB used, 126.57 MB peak
[2023.03.13-13.06.10:242][  0]LogMemory: Physical Memory: 6228.14 MB used,  9930.15 MB free, 16158.29 MB total
[2023.03.13-13.06.10:242][  0]LogMemory: Virtual Memory: 134208520.00 MB used,  9207.23 MB free, 134217728.00 MB total
[2023.03.13-13.06.10:246][  0]LogWindows: WindowsPlatformFeatures enabled
[2023.03.13-13.06.10:260][  0]LogInit: Physics initialised using underlying interface: PhysX
[2023.03.13-13.06.10:261][  0]LogInit: Using OS detected language (fr-FR).
[2023.03.13-13.06.10:261][  0]LogInit: Using OS detected locale (fr-FR).
[2023.03.13-13.06.10:284][  0]LogTextLocalizationManager: No specific localization for 'fr-FR' exists, so the 'fr' localization will be used.
[2023.03.13-13.06.10:284][  0]LogTextLocalizationResource: LocRes '../../../Engine/Content/Localization/Editor/fr/Editor.locres' could not be opened for reading!
[2023.03.13-13.06.10:284][  0]LogTextLocalizationResource: LocRes '../../../Engine/Content/Localization/EditorTutorials/fr/EditorTutorials.locres' could not be opened for reading!
[2023.03.13-13.06.10:284][  0]LogTextLocalizationResource: LocRes '../../../Engine/Content/Localization/Keywords/fr/Keywords.locres' could not be opened for reading!
[2023.03.13-13.06.10:284][  0]LogTextLocalizationResource: LocRes '../../../Engine/Content/Localization/Category/fr/Category.locres' could not be opened for reading!
[2023.03.13-13.06.10:288][  0]LogTextLocalizationResource: LocRes '../../../Engine/Content/Localization/ToolTips/fr/ToolTips.locres' could not be opened for reading!
[2023.03.13-13.06.10:288][  0]LogTextLocalizationResource: LocRes '../../../Engine/Content/Localization/PropertyNames/fr/PropertyNames.locres' could not be opened for reading!
[2023.03.13-13.06.10:288][  0]LogTextLocalizationResource: LocRes '../../../Engine/Content/Localization/Engine/fr/Engine.locres' could not be opened for reading!
[2023.03.13-13.06.10:290][  0]LogInit: Setting process to per monitor DPI aware
[2023.03.13-13.06.10:302][  0]LogWindowsTextInputMethodSystem: Display: IME system deactivated.
[2023.03.13-13.06.10:311][  0]LogSlate: New Slate User Created.  User Index 0, Is Virtual User: 0
[2023.03.13-13.06.10:311][  0]LogSlate: Slate User Registered.  User Index 0, Is Virtual User: 0
[2023.03.13-13.06.10:456][  0]LogD3D11RHI: Loaded GFSDK_Aftermath_Lib.x64.dll
[2023.03.13-13.06.10:461][  0]LogHMD: Failed to initialize OpenVR with code 110
[2023.03.13-13.06.10:461][  0]LogD3D11RHI: D3D11 min allowed feature level: 11_0
[2023.03.13-13.06.10:461][  0]LogD3D11RHI: D3D11 max allowed feature level: 11_0
[2023.03.13-13.06.10:461][  0]LogD3D11RHI: D3D11 adapters:
[2023.03.13-13.06.10:564][  0]LogD3D11RHI:    0. 'NVIDIA GeForce RTX 2060' (Feature Level 11_0)
[2023.03.13-13.06.10:564][  0]LogD3D11RHI:       5980/0/8079 MB DedicatedVideo/DedicatedSystem/SharedSystem, Outputs:1, VendorId:0x10de
[2023.03.13-13.06.10:580][  0]LogD3D11RHI:    1. 'Intel(R) UHD Graphics 630' (Feature Level 11_0)
[2023.03.13-13.06.10:580][  0]LogD3D11RHI:       128/0/8079 MB DedicatedVideo/DedicatedSystem/SharedSystem, Outputs:0, VendorId:0x8086
[2023.03.13-13.06.10:581][  0]LogD3D11RHI:    2. 'Microsoft Basic Render Driver' (Feature Level 11_0)
[2023.03.13-13.06.10:582][  0]LogD3D11RHI:       0/0/8079 MB DedicatedVideo/DedicatedSystem/SharedSystem, Outputs:0, VendorId:0x1414
[2023.03.13-13.06.10:582][  0]LogD3D11RHI: Chosen D3D11 Adapter:
[2023.03.13-13.06.10:582][  0]LogD3D11RHI:     Description : NVIDIA GeForce RTX 2060
[2023.03.13-13.06.10:582][  0]LogD3D11RHI:     VendorId    : 10de
[2023.03.13-13.06.10:582][  0]LogD3D11RHI:     DeviceId    : 1f08
[2023.03.13-13.06.10:582][  0]LogD3D11RHI:     SubSysId    : 6903103c
[2023.03.13-13.06.10:582][  0]LogD3D11RHI:     Revision    : 00a1
[2023.03.13-13.06.10:582][  0]LogD3D11RHI:     DedicatedVideoMemory : 6270484480 bytes
[2023.03.13-13.06.10:582][  0]LogD3D11RHI:     DedicatedSystemMemory : 0 bytes
[2023.03.13-13.06.10:582][  0]LogD3D11RHI:     SharedSystemMemory : 8471597056 bytes
[2023.03.13-13.06.10:582][  0]LogD3D11RHI:     AdapterLuid : 0 56126
[2023.03.13-13.06.10:587][  0]LogD3D11RHI: Creating new Direct3DDevice
[2023.03.13-13.06.10:587][  0]LogD3D11RHI:     GPU DeviceId: 0x1f08 (for the marketing name, search the web for "GPU Device Id")
[2023.03.13-13.06.10:587][  0]LogWindows: EnumDisplayDevices:
[2023.03.13-13.06.10:587][  0]LogWindows:    0. 'NVIDIA GeForce RTX 2060' (P:1 D:1)
[2023.03.13-13.06.10:587][  0]LogWindows:    1. 'NVIDIA GeForce RTX 2060' (P:0 D:0)
[2023.03.13-13.06.10:587][  0]LogWindows:    2. 'NVIDIA GeForce RTX 2060' (P:0 D:0)
[2023.03.13-13.06.10:588][  0]LogWindows:    3. 'NVIDIA GeForce RTX 2060' (P:0 D:0)
[2023.03.13-13.06.10:588][  0]LogWindows:    4. 'Intel(R) UHD Graphics 630' (P:0 D:0)
[2023.03.13-13.06.10:588][  0]LogWindows:    5. 'Intel(R) UHD Graphics 630' (P:0 D:0)
[2023.03.13-13.06.10:588][  0]LogWindows:    6. 'Intel(R) UHD Graphics 630' (P:0 D:0)
[2023.03.13-13.06.10:588][  0]LogWindows: DebugString: PrimaryIsNotTheChoosenAdapter PrimaryIsNotTheChoosenAdapter PrimaryIsNotTheChoosenAdapter FoundDriverCount:4 
[2023.03.13-13.06.10:588][  0]LogD3D11RHI:     Adapter Name: NVIDIA GeForce RTX 2060
[2023.03.13-13.06.10:588][  0]LogD3D11RHI:   Driver Version: 472.91 (internal:30.0.14.7291, unified:472.91)
[2023.03.13-13.06.10:588][  0]LogD3D11RHI:      Driver Date: 12-13-2021
[2023.03.13-13.06.10:588][  0]LogRHI: Texture pool is 4186 MB (70% of 5980 MB)
[2023.03.13-13.06.10:588][  0]LogD3D11RHI: Creating D3DDevice using adapter:
[2023.03.13-13.06.10:588][  0]LogD3D11RHI:     Description : NVIDIA GeForce RTX 2060
[2023.03.13-13.06.10:588][  0]LogD3D11RHI:     VendorId    : 10de
[2023.03.13-13.06.10:588][  0]LogD3D11RHI:     DeviceId    : 1f08
[2023.03.13-13.06.10:588][  0]LogD3D11RHI:     SubSysId    : 6903103c
[2023.03.13-13.06.10:588][  0]LogD3D11RHI:     Revision    : 00a1
[2023.03.13-13.06.10:588][  0]LogD3D11RHI:     DedicatedVideoMemory : 6270484480 bytes
[2023.03.13-13.06.10:588][  0]LogD3D11RHI:     DedicatedSystemMemory : 0 bytes
[2023.03.13-13.06.10:588][  0]LogD3D11RHI:     SharedSystemMemory : 8471597056 bytes
[2023.03.13-13.06.10:588][  0]LogD3D11RHI:     AdapterLuid : 0 56126
[2023.03.13-13.06.10:658][  0]LogD3D11RHI: RHI has support for 64 bit atomics
[2023.03.13-13.06.10:658][  0]LogD3D11RHI: Async texture creation enabled
[2023.03.13-13.06.10:659][  0]LogD3D11RHI: Array index from any shader is supported
[2023.03.13-13.06.10:659][  0]LogD3D11RHI: HDR output is supported on display 0 (NvId: 0x80061082).
[2023.03.13-13.06.10:671][  0]LogD3D11RHI: GPU Timing Frequency: 1000.000000 (Debug: 2 1)
[2023.03.13-13.06.10:713][  0]LogRHI: GeForceNow SDK initialized: 1
[2023.03.13-13.06.11:297][  0]LogTargetPlatformManager: Display: Loaded TargetPlatform 'AllDesktop'
[2023.03.13-13.06.11:318][  0]LogTargetPlatformManager: Display: Loaded TargetPlatform 'Android'
[2023.03.13-13.06.11:318][  0]LogTargetPlatformManager: Display: Loaded TargetPlatform 'Android_ASTC'
[2023.03.13-13.06.11:318][  0]LogTargetPlatformManager: Display: Loaded TargetPlatform 'Android_DXT'
[2023.03.13-13.06.11:318][  0]LogTargetPlatformManager: Display: Loaded TargetPlatform 'Android_ETC2'
[2023.03.13-13.06.11:318][  0]LogTargetPlatformManager: Display: Loaded TargetPlatform 'AndroidClient'
[2023.03.13-13.06.11:318][  0]LogTargetPlatformManager: Display: Loaded TargetPlatform 'Android_ASTCClient'
[2023.03.13-13.06.11:318][  0]LogTargetPlatformManager: Display: Loaded TargetPlatform 'Android_DXTClient'
[2023.03.13-13.06.11:318][  0]LogTargetPlatformManager: Display: Loaded TargetPlatform 'Android_ETC2Client'
[2023.03.13-13.06.11:318][  0]LogTargetPlatformManager: Display: Loaded TargetPlatform 'Android_Multi'
[2023.03.13-13.06.11:318][  0]LogTargetPlatformManager: Display: Loaded TargetPlatform 'Android_MultiClient'
[2023.03.13-13.06.11:332][  0]LogTargetPlatformManager: Display: Loaded TargetPlatform 'IOSClient'
[2023.03.13-13.06.11:332][  0]LogTargetPlatformManager: Display: Loaded TargetPlatform 'IOS'
[2023.03.13-13.06.11:338][  0]LogTargetPlatformManager: Display: Loaded TargetPlatform 'Linux'
[2023.03.13-13.06.11:342][  0]LogTargetPlatformManager: Display: Loaded TargetPlatform 'LinuxNoEditor'
[2023.03.13-13.06.11:345][  0]LogTargetPlatformManager: Display: Loaded TargetPlatform 'LinuxClient'
[2023.03.13-13.06.11:348][  0]LogTargetPlatformManager: Display: Loaded TargetPlatform 'LinuxServer'
[2023.03.13-13.06.11:354][  0]LogTargetPlatformManager: Display: Loaded TargetPlatform 'LinuxAArch64NoEditor'
[2023.03.13-13.06.11:357][  0]LogTargetPlatformManager: Display: Loaded TargetPlatform 'LinuxAArch64Client'
[2023.03.13-13.06.11:360][  0]LogTargetPlatformManager: Display: Loaded TargetPlatform 'LinuxAArch64Server'
[2023.03.13-13.06.11:377][  0]LogTargetPlatformManager: Display: Loaded TargetPlatform 'Lumin'
[2023.03.13-13.06.11:377][  0]LogTargetPlatformManager: Display: Loaded TargetPlatform 'LuminClient'
[2023.03.13-13.06.11:383][  0]LogTargetPlatformManager: Display: Loaded TargetPlatform 'MacNoEditor'
[2023.03.13-13.06.11:386][  0]LogTargetPlatformManager: Display: Loaded TargetPlatform 'Mac'
[2023.03.13-13.06.11:389][  0]LogTargetPlatformManager: Display: Loaded TargetPlatform 'MacClient'
[2023.03.13-13.06.11:392][  0]LogTargetPlatformManager: Display: Loaded TargetPlatform 'MacServer'
[2023.03.13-13.06.11:399][  0]LogTargetPlatformManager: Display: Loaded TargetPlatform 'TVOSClient'
[2023.03.13-13.06.11:399][  0]LogTargetPlatformManager: Display: Loaded TargetPlatform 'TVOS'
[2023.03.13-13.06.11:405][  0]LogTargetPlatformManager: Display: Loaded TargetPlatform 'WindowsNoEditor'
[2023.03.13-13.06.11:407][  0]LogTargetPlatformManager: Display: Loaded TargetPlatform 'Windows'
[2023.03.13-13.06.11:410][  0]LogTargetPlatformManager: Display: Loaded TargetPlatform 'WindowsClient'
[2023.03.13-13.06.11:413][  0]LogTargetPlatformManager: Display: Loaded TargetPlatform 'WindowsServer'
[2023.03.13-13.06.11:413][  0]LogTargetPlatformManager: Display: Building Assets For Windows
[2023.03.13-13.06.11:418][  0]LogAudioDebug: Display: Lib vorbis DLL was dynamically loaded.
[2023.03.13-13.06.11:437][  0]LogTextureFormatOodle: Display: Oodle Texture 2.9.0 init RDO Off
[2023.03.13-13.06.11:458][  0]LogRendererCore: Ray tracing is disabled. Reason: r.RayTracing=0.
[2023.03.13-13.06.11:458][  0]LogShaderCompilers: Guid format shader working directory is -1 characters bigger than the processId version (../../../../../zNathan/Unreal/LAST_GOOD_HIDEANDSEEK/Intermediate/Shaders/WorkingDirectory/8940/).
[2023.03.13-13.06.11:458][  0]LogShaderCompilers: Cleaned the shader compiler working directory 'C:/Users/n.poisson/AppData/Local/Temp/UnrealShaderWorkingDir/BAE391C647C30226B99387812734B3D4/'.
[2023.03.13-13.06.11:458][  0]LogXGEController: Cannot use XGE Controller as Incredibuild is not installed on this machine.
[2023.03.13-13.06.11:458][  0]LogShaderCompilers: Cannot use XGE Shader Compiler as Incredibuild is not installed on this machine.
[2023.03.13-13.06.11:458][  0]LogShaderCompilers: Display: Using Local Shader Compiler.
[2023.03.13-13.06.12:073][  0]LogDerivedDataCache: Display: Max Cache Size: 512 MB
[2023.03.13-13.06.12:134][  0]LogDerivedDataCache: Loaded boot cache 0.06s 94MB C:/Users/n.poisson/AppData/Local/UnrealEngine/4.27/DerivedDataCache/Boot.ddc.
[2023.03.13-13.06.12:134][  0]LogDerivedDataCache: Display: Loaded Boot cache: C:/Users/n.poisson/AppData/Local/UnrealEngine/4.27/DerivedDataCache/Boot.ddc
[2023.03.13-13.06.12:134][  0]LogDerivedDataCache: FDerivedDataBackendGraph:  Pak pak cache file ../../../../../zNathan/Unreal/LAST_GOOD_HIDEANDSEEK/DerivedDataCache/DDC.ddp not found, will not use a pak cache.
[2023.03.13-13.06.12:134][  0]LogDerivedDataCache: Unable to find inner node Pak for hierarchical cache Hierarchy.
[2023.03.13-13.06.12:134][  0]LogDerivedDataCache: FDerivedDataBackendGraph:  CompressedPak pak cache file ../../../../../zNathan/Unreal/LAST_GOOD_HIDEANDSEEK/DerivedDataCache/Compressed.ddp not found, will not use a pak cache.
[2023.03.13-13.06.12:134][  0]LogDerivedDataCache: Unable to find inner node CompressedPak for hierarchical cache Hierarchy.
[2023.03.13-13.06.12:148][  0]LogDerivedDataCache: Display: Pak cache opened for reading ../../../Engine/DerivedDataCache/Compressed.ddp.
[2023.03.13-13.06.12:148][  0]LogDerivedDataCache: FDerivedDataBackendGraph:  EnterprisePak pak cache file ../../../Enterprise/DerivedDataCache/Compressed.ddp not found, will not use a pak cache.
[2023.03.13-13.06.12:148][  0]LogDerivedDataCache: Unable to find inner node EnterprisePak for hierarchical cache Hierarchy.
[2023.03.13-13.06.12:165][  0]LogDerivedDataCache: Speed tests for C:/Users/n.poisson/AppData/Local/UnrealEngine/Common/DerivedDataCache took 0.02 seconds
[2023.03.13-13.06.12:165][  0]LogDerivedDataCache: Display: Performance to C:/Users/n.poisson/AppData/Local/UnrealEngine/Common/DerivedDataCache: Latency=0.01ms. RandomReadSpeed=1260.25MBs, RandomWriteSpeed=58.84MBs. Assigned SpeedClass 'Local'
[2023.03.13-13.06.12:166][  0]LogDerivedDataCache: Using Local data cache path C:/Users/n.poisson/AppData/Local/UnrealEngine/Common/DerivedDataCache: Writable
[2023.03.13-13.06.12:166][  0]LogDerivedDataCache: Shared data cache path not found in *engine.ini, will not use an Shared cache.
[2023.03.13-13.06.12:166][  0]LogDerivedDataCache: Unable to find inner node Shared for hierarchical cache Hierarchy.
[2023.03.13-13.06.12:204][  0]LogSlate: Using FreeType 2.10.0
[2023.03.13-13.06.12:204][  0]LogSlate: SlateFontServices - WITH_FREETYPE: 1, WITH_HARFBUZZ: 1
[2023.03.13-13.06.12:225][  0]LogAssetRegistry: FAssetRegistry took 0.0022 seconds to start up
[2023.03.13-13.06.12:411][  0]LogInit: Selected Device Profile: [Windows]
[2023.03.13-13.06.12:411][  0]LogInit: Active device profile: [0000021C496ED400][0000021C45E0CB80 49] Windows
[2023.03.13-13.06.12:411][  0]LogInit: Profiles: [0000021C496ED400][0000021C45E0CB80 49] Windows, [0000021C4968E800][0000021C45E14D00 49] WindowsNoEditor, [0000021C496ED200][0000021C395BEE80 49] WindowsServer, [0000021C4968CE00][0000021C395C3000 49] WindowsClient, [0000021C49677F00][0000021C395C7180 49] IOS, [0000021C496ED300][0000021C395CB300 49] iPadAir, [0000021C4968C300][0000021C395CF480 49] iPadAir2, [0000021C4963C700][0000021C395D7740 49] IPadPro, [0000021C4963C800][0000021C395D3780 49] iPadAir3, [0000021C49675D00][0000021C39F3D900 49] iPadAir4, [0000021C4963D600][0000021C39F41A80 49] iPadMini2, [0000021C49676D00][0000021C39F45C00 49] iPadMini3, [0000021C4963E200][0000021C39F48200 49] iPadMini4, [0000021C49675F00][0000021C39F4C380 49] iPadMini5, [0000021C496ED700][0000021C39F54640 49] iPhone6, [0000021C496EEA00][0000021C39F50680 49] iPodTouch6, [0000021C4968D600][0000021C39F588C0 49] iPhone7, [0000021C4968FD00][0000021C45E10900 49] iPodTouch7, [0000021C4963D100][0000021C39F5CA40 49] iPhone5S, [0000021C4968D900][0000021C39F60B80 49] iPhone6Plus, [0000021C4963C300][0000021C47766D00 49] iPhone6S, [0000021C4968E500][0000021C4776AE80 49] iPhone6SPlus, [0000021C496EC100][0000021C4776F000 49] iPhone7Plus, [0000021C4968F600][0000021C47773180 49] iPhoneSE, [0000021C496EE100][0000021C47777300 49] iPhone8, [0000021C4968DF00][0000021C4777B480 49] iPhone8Plus, [0000021C496ECA00][0000021C4777F600 49] iPhoneX, [0000021C4968DB00][0000021C47783780 49] iPhoneXS, [0000021C496EDC00][0000021C47787900 49] iPhoneXSMax, [0000021C4968E300][0000021C4778BA80 49] iPhoneXR, [0000021C496ECC00][0000021C4778FC00 49] iPhone11, [0000021C4968D700][0000021C47792200 49] iPhone11Pro, [0000021C496EEB00][0000021C47796380 49] iPhone11ProMax, [0000021C4968CB00][0000021C4779A500 49] iPhoneSE2, [0000021C496ECB00][0000021C4779E680 49] iPhone12Mini, [0000021C4968F400][0000021C477A2800 49] iPhone12, [0000021C496EDA00][0000021C39F64940 49] iPhone12Pro, [0000021C4968C900][0000021C477A6A80 49] iPhone12ProMax, [0000021C496EEC00][0000021C477AABC0 49] iPadPro105, [0000021C4968EB00][0000021C3F2DCD00 49] iPadPro129, [0000021C496EDE00][0000021C3F2E4E80 49] iPadPro97, [0000021C4968D000][0000021C3F2E9000 49] iPadPro2_129, [0000021C496ECD00][0000021C3F2ED180 49] iPad5, [0000021C4968DD00][0000021C3F2F1300 49] iPad6, [0000021C496EDB00][0000021C3F2F5480 49] iPad7, [0000021C4968F000][0000021C3F2F9600 49] iPad8, [0000021C496ED900][0000021C3F2FD780 49] iPadPro11, [0000021C4968EE00][0000021C3F301900 49] iPadPro2_11, [0000021C496EC200][0000021C3F305A80 49] iPadPro3_129, [0000021C4968FF00][0000021C3F309C00 49] iPadPro4_129, [0000021C496ED000][0000021C3F30C200 49] AppleTV, [0000021C4968DA00][0000021C3F310380 49] AppleTV4K, [0000021C496EE700][0000021C3F314500 49] TVOS, [0000021C4968F700][0000021C3F318680 49] Mac, [0000021C496EE400][0000021C3F31C800 49] MacClient, [0000021C4968E200][0000021C3F320980 49] MacNoEditor, [0000021C496EE800][0000021C3F324B00 49] MacServer, [0000021C4968FA00][0000021C3F2E0C40 49] Linux, [0000021C496EE500][0000021C4997ED80 49] LinuxAArch64, [0000021C4968FC00][0000021C49982EC0 49] LinuxNoEditor, [0000021C496EC300][0000021C4998B040 49] LinuxAArch64NoEditor, [0000021C4968C200][0000021C4998F1C0 49] LinuxClient, [0000021C496EE300][0000021C49993340 49] LinuxAArch64Client, [0000021C4968F300][0000021C499974C0 49] LinuxServer, [0000021C49675800][0000021C4999B640 49] LinuxAArch64Server, [0000021C4963C400][0000021C4999F7C0 49] Android, [0000021C49675700][0000021C499A3940 49] Android_Low, [0000021C4963DA00][0000021C499A7AC0 49] Android_Mid, [0000021C49677600][0000021C499AA0C0 49] Android_High, [0000021C4963C100][0000021C499AE240 49] Android_Default, [0000021C49676300][0000021C499B23C0 49] Android_Adreno4xx, [0000021C4963FC00][0000021C499B6540 49] Android_Adreno5xx_Low, [0000021C49674200][0000021C499BA6C0 49] Android_Adreno5xx, [0000021C4963F300][0000021C499BE840 49] Android_Adreno6xx, [0000021C49674600][0000021C499C29C0 49] Android_Adreno6xx_Vulkan, [0000021C4963F200][0000021C499C6B40 49] Android_Mali_T6xx, [0000021C49674300][0000021C499CACC0 49] Android_Mali_T7xx, [0000021C4963F100][0000021C49986E00 49] Android_Mali_T8xx, [0000021C49675500][0000021C499CEF40 49] Android_Mali_G71, [0000021C4963C600][0000021C499D3080 49] Android_Mali_G72, [0000021C49674800][0000021C499D71C0 49] Android_Mali_G72_Vulkan, [0000021C4963CC00][0000021C499DF340 49] Android_Mali_G76, [0000021C49677C00][0000021C499E34C0 49] Android_Mali_G76_Vulkan, [0000021C4963E400][0000021C499E7640 49] Android_Mali_G77, [0000021C49677D00][0000021C499EB7C0 49] Android_Mali_G77_Vulkan, [0000021C4963D800][0000021C499EF940 49] Android_Mali_G78, [0000021C49676000][0000021C499F3AC0 49] Android_Mali_G78_Vulkan, [0000021C4963FB00][0000021C499F60C0 49] Android_Mali_G710, [0000021C49674100][0000021C499FA240 49] Android_Mali_G710_Vulkan, [0000021C4963D200][0000021C499FE3C0 49] Android_Vulkan_SM5, [0000021C49675C00][0000021C49A02540 49] Android_PowerVR_G6xxx, [0000021C4968D800][0000021C49A066C0 49] Android_PowerVR_GT7xxx, [0000021C49675100][0000021C49A0A840 49] Android_PowerVR_GE8xxx, [0000021C4968D400][0000021C49A0E9C0 49] Android_PowerVR_GM9xxx, [0000021C49676500][0000021C49A12B40 49] Android_PowerVR_GM9xxx_Vulkan, [0000021C4968D100][0000021C49A16CC0 49] Android_TegraK1, [0000021C49676100][0000021C49A1AE40 49] Android_Unknown_Vulkan, [0000021C4968E600][0000021C499DAF80 49] Lumin, [0000021C49674700][0000021C49A1F0C0 49] Lumin_Desktop, [0000021C4968E400][0000021C49A23200 49] HoloLens, 
[2023.03.13-13.06.12:512][  0]LogMeshReduction: Using QuadricMeshReduction for automatic static mesh reduction
[2023.03.13-13.06.12:512][  0]LogMeshReduction: Using SimplygonMeshReduction for automatic skeletal mesh reduction
[2023.03.13-13.06.12:512][  0]LogMeshReduction: Using ProxyLODMeshReduction for automatic mesh merging
[2023.03.13-13.06.12:512][  0]LogMeshReduction: No distributed automatic mesh merging module available
[2023.03.13-13.06.12:512][  0]LogMeshMerging: No distributed automatic mesh merging module available
[2023.03.13-13.06.12:524][  0]LogNetVersion: HideAndSeek 1.0.0, NetCL: 17155196, EngineNetVer: 17, GameNetVer: 0 (Checksum: 2589003011)
[2023.03.13-13.06.15:440][  0]LogTexture: Default maximum texture size for cubemaps generated from long-lat sources has been changed from 512 to unlimited. In order to preserve old behaiour for '/Engine/MapTemplates/Sky/DaylightAmbientCubemap.DaylightAmbientCubemap', its maximum texture size has been explicitly set to 512.
[2023.03.13-13.06.15:828][  0]LogHMD: PokeAHoleMaterial loaded successfully
[2023.03.13-13.06.15:834][  0]LogUObjectArray: 17178 objects as part of root set at end of initial load.
[2023.03.13-13.06.15:834][  0]LogUObjectAllocator: 4302048 out of 0 bytes used by permanent object pool.
[2023.03.13-13.06.15:834][  0]LogUObjectArray: CloseDisregardForGC: 0/0 objects in disregard for GC pool
[2023.03.13-13.06.21:643][  0]LogNiagaraDebuggerClient: Niagara Debugger Client Initialized | Session: ED6C7AFA41D584C2B94CF4BB8179330A | Instance: ED11B71045EAB2E5EB6CBD91E08F91A3 (RNSS20928-8940).
[2023.03.13-13.06.22:713][  0]LogPython: Using Python 3.7.7
[2023.03.13-13.06.24:269][  0]LogTcpMessaging: Initializing TcpMessaging bridge
[2023.03.13-13.06.24:282][  0]LogUdpMessaging: Initializing bridge on interface 0.0.0.0:0 to multicast group 230.0.0.1:6666.
[2023.03.13-13.06.24:942][  0]SourceControl: Source control is disabled
[2023.03.13-13.06.24:942][  0]SourceControl: Source control is disabled
[2023.03.13-13.06.24:965][  0]SourceControl: Source control is disabled
[2023.03.13-13.06.25:101][  0]SourceControl: Source control is disabled
[2023.03.13-13.06.25:142][  0]SourceControl: Source control is disabled
[2023.03.13-13.06.25:168][  0]LogUProjectInfo: Found projects:
[2023.03.13-13.06.25:996][  0]LogOpenImageDenoise: OIDN starting up
[2023.03.13-13.06.26:159][  0]LogAndroidPermission: UAndroidPermissionCallbackProxy::GetInstance
[2023.03.13-13.06.26:311][  0]LogAudioCaptureCore: Display: No Audio Capture implementations found. Audio input will be silent.
[2023.03.13-13.06.26:311][  0]LogAudioCaptureCore: Display: No Audio Capture implementations found. Audio input will be silent.
[2023.03.13-13.06.26:599][  0]LogCollectionManager: Loaded 0 collections in 0.000491 seconds
[2023.03.13-13.06.26:659][  0]LogFileCache: Scanning file cache for directory 'D:/zNathan/Unreal/LAST_GOOD_HIDEANDSEEK/Saved/Collections/' took 0.00s
[2023.03.13-13.06.26:659][  0]LogFileCache: Scanning file cache for directory 'D:/zNathan/Unreal/LAST_GOOD_HIDEANDSEEK/Content/Developers/npoisson/Collections/' took 0.00s
[2023.03.13-13.06.26:659][  0]LogFileCache: Scanning file cache for directory 'D:/zNathan/Unreal/LAST_GOOD_HIDEANDSEEK/Content/Collections/' took 0.00s
[2023.03.13-13.06.26:659][  0]LogOcInput: OculusInput pre-init called
[2023.03.13-13.06.27:013][  0]LogEngine: Initializing Engine...
[2023.03.13-13.06.27:094][  0]LogHMD: Failed to enumerate extensions. Please check that you have a valid OpenXR runtime installed.
[2023.03.13-13.06.27:107][  0]LogHMD: Failed to initialize OpenVR with code 110
[2023.03.13-13.06.27:114][  0]LogMagicLeap: Warning: VR disabled because ZI is not enabled.  To enable, in the editor, Edit -> Project Settings -> Plugins -> Magic Leap Plugin -> Enable Zero Iteration
[2023.03.13-13.06.27:118][  0]LogStats: UGameplayTagsManager::InitializeManager -  0.000 s
[2023.03.13-13.06.27:280][  0]LogInit: Initializing FReadOnlyCVARCache
[2023.03.13-13.06.27:322][  0]LogAIModule: Creating AISystem for world Untitled
[2023.03.13-13.06.27:323][  0]LogAudio: Display: Initializing Audio Device Manager...
[2023.03.13-13.06.27:330][  0]LogAudio: Display: Loading Default Audio Settings Objects...
[2023.03.13-13.06.27:331][  0]LogAudio: Display: No default SoundConcurrencyObject specified (or failed to load).
[2023.03.13-13.06.27:331][  0]LogAudio: Display: Audio Device Manager Initialized
[2023.03.13-13.06.27:331][  0]LogAudio: Display: Creating Audio Device:                 Id: 1, Scope: Shared, Realtime: True
[2023.03.13-13.06.27:331][  0]LogAudioMixer: Display: Audio Mixer Platform Settings:
[2023.03.13-13.06.27:331][  0]LogAudioMixer: Display: 	Sample Rate:						  48000
[2023.03.13-13.06.27:331][  0]LogAudioMixer: Display: 	Callback Buffer Frame Size Requested: 1024
[2023.03.13-13.06.27:331][  0]LogAudioMixer: Display: 	Callback Buffer Frame Size To Use:	  1024
[2023.03.13-13.06.27:331][  0]LogAudioMixer: Display: 	Number of buffers to queue:			  2
[2023.03.13-13.06.27:331][  0]LogAudioMixer: Display: 	Max Channels (voices):				  32
[2023.03.13-13.06.27:331][  0]LogAudioMixer: Display: 	Number of Async Source Workers:		  0
[2023.03.13-13.06.27:331][  0]LogAudio: Display: AudioDevice MaxSources: 32
[2023.03.13-13.06.27:332][  0]LogAudio: Display: Audio Spatialization Plugin: None (built-in).
[2023.03.13-13.06.27:332][  0]LogAudio: Display: Audio Reverb Plugin: None (built-in).
[2023.03.13-13.06.27:332][  0]LogAudio: Display: Audio Occlusion Plugin: None (built-in).
[2023.03.13-13.06.27:332][  0]LogAudioMixer: Display: Initializing audio mixer.
[2023.03.13-13.06.27:360][  0]LogAudioMixer: Display: 0: FrontLeft
[2023.03.13-13.06.27:360][  0]LogAudioMixer: Display: 1: FrontRight
[2023.03.13-13.06.27:423][  0]LogAudioMixer: Display: Using Audio Device LG HDR WFHD (NVIDIA High Definition Audio)
[2023.03.13-13.06.27:427][  0]LogAudioMixer: Display: Initializing Sound Submixes...
[2023.03.13-13.06.27:428][  0]LogAudioMixer: Display: Creating Master Submix 'MasterSubmixDefault'
[2023.03.13-13.06.27:428][  0]LogAudioMixer: Display: Creating Master Submix 'MasterReverbSubmixDefault'
[2023.03.13-13.06.27:429][  0]LogAudioMixer: Display: Creating Master Submix 'MasterEQSubmixDefault'
[2023.03.13-13.06.27:429][  0]LogAudioMixer: FMixerPlatformXAudio2::StartAudioStream() called
[2023.03.13-13.06.27:429][  0]LogAudioMixer: Display: Output buffers initialized: Frames=1024, Channels=2, Samples=2048
[2023.03.13-13.06.27:430][  0]LogAudioMixer: Display: Starting AudioMixerPlatformInterface::RunInternal()
[2023.03.13-13.06.27:430][  0]LogAudioMixer: Display: FMixerPlatformXAudio2::SubmitBuffer() called for the first time
[2023.03.13-13.06.27:430][  0]LogInit: FAudioDevice initialized.
[2023.03.13-13.06.27:430][  0]LogAudio: Display: Audio Device (ID: 1) registered with world 'Untitled'.
[2023.03.13-13.06.27:430][  0]LogNetVersion: Set ProjectVersion to 1.0.0.0. Version Checksum will be recalculated on next use.
[2023.03.13-13.06.27:496][  0]LogDerivedDataCache: Saved boot cache 0.07s 94MB C:/Users/n.poisson/AppData/Local/UnrealEngine/4.27/DerivedDataCache/Boot.ddc.
[2023.03.13-13.06.27:498][  0]LogInit: Texture streaming: Enabled
[2023.03.13-13.06.27:610][  0]LogAnalytics: Display: [UEEditor.Rocket.Release] APIServer = https://datarouter.ol.epicgames.com/. AppVersion = 4.27.2-18319896+++UE4+Release-4.27
[2023.03.13-13.06.27:638][  0]LogEngineSessionManager: EngineSessionManager initialized
[2023.03.13-13.06.27:640][  0]LogEngineSessionManager: EngineSessionManager sent abnormal shutdown report. Type=AbnormalShutdown, SessionId={7FE178DA-4508-1106-B959-C3902C5782E9}
[2023.03.13-13.06.27:640][  0]LogEditorSessionSummary: Verbose: Initializing EditorSessionSummaryWriter for editor session tracking
[2023.03.13-13.06.27:642][  0]LogEditorSessionSummary: EditorSessionSummaryWriter initialized
[2023.03.13-13.06.27:851][  0]LogInit: Transaction tracking system initialized
[2023.03.13-13.06.28:043][  0]BlueprintLog: New page: Editor Load
[2023.03.13-13.06.28:359][  0]LocalizationService: Localization service is disabled
[2023.03.13-13.06.28:469][  0]TimingProfiler: Initialize
[2023.03.13-13.06.28:469][  0]TimingProfiler: OnSessionChanged
[2023.03.13-13.06.28:469][  0]LoadingProfiler: Initialize
[2023.03.13-13.06.28:469][  0]LoadingProfiler: OnSessionChanged
[2023.03.13-13.06.28:469][  0]NetworkingProfiler: Initialize
[2023.03.13-13.06.28:469][  0]NetworkingProfiler: OnSessionChanged
[2023.03.13-13.06.28:469][  0]MemoryProfiler: Initialize
[2023.03.13-13.06.28:469][  0]MemoryProfiler: OnSessionChanged
[2023.03.13-13.06.29:263][  0]LogCook: Display: CookSettings for Memory: MemoryMaxUsedVirtual 0MiB, MemoryMaxUsedPhysical 16384MiB, MemoryMinFreeVirtual 0MiB, MemoryMinFreePhysical 1024MiB
[2023.03.13-13.06.29:264][  0]LogCook: Display: Mobile HDR setting 1
[2023.03.13-13.06.29:746][  0]LogFileCache: Scanning file cache for directory 'D:/zNathan/Unreal/LAST_GOOD_HIDEANDSEEK/Content/' took 0.03s
[2023.03.13-13.06.30:914][  0]LogInit: Display: Engine is initialized. Leaving FEngineLoop::Init()
[2023.03.13-13.06.30:928][  0]SourceControl: Source control is disabled
[2023.03.13-13.06.30:928][  0]LogUnrealEdMisc: Loading editor; pre map load, took 21.560
[2023.03.13-13.06.30:928][  0]Cmd: MAP LOAD FILE="../../../../../zNathan/Unreal/LAST_GOOD_HIDEANDSEEK/Content/FirstPersonBP/Maps/FirstPersonExampleMap.umap" TEMPLATE=0 SHOWPROGRESS=1 FEATURELEVEL=3
[2023.03.13-13.06.30:928][  0]LightingResults: New page: Lighting Build
[2023.03.13-13.06.30:945][  0]LogWorld: UWorld::CleanupWorld for Untitled, bSessionEnded=true, bCleanupResources=true
[2023.03.13-13.06.30:945][  0]LogSlate: InvalidateAllWidgets triggered.  All widgets were invalidated
[2023.03.13-13.06.30:945][  0]MapCheck: New page: Map Check
[2023.03.13-13.06.30:945][  0]LightingResults: New page: Lighting Build
[2023.03.13-13.06.30:950][  0]LogAudio: Display: Audio Device unregistered from world 'None'.
[2023.03.13-13.06.30:952][  0]LogUObjectHash: Compacting FUObjectHashTables data took   0.75ms
[2023.03.13-13.06.31:672][  0]LogBlueprint: Error: [AssetLog] D:\zNathan\Unreal\LAST_GOOD_HIDEANDSEEK\Content\EthanBluePrints\BP_MyPlayerController.uasset: [Compiler] In use pin  <Unnamed>  no longer exists on node  Want to Interact . Please refresh node or break links to remove pin.
[2023.03.13-13.06.31:672][  0]LogBlueprint: Error: [AssetLog] D:\zNathan\Unreal\LAST_GOOD_HIDEANDSEEK\Content\EthanBluePrints\BP_MyPlayerController.uasset: [Compiler] In use pin  Target  no longer exists on node  Want to Interact . Please refresh node or break links to remove pin.
[2023.03.13-13.06.31:673][  0]LogBlueprint: Error: [AssetLog] D:\zNathan\Unreal\LAST_GOOD_HIDEANDSEEK\Content\EthanBluePrints\BP_MyPlayerController.uasset: [Compiler] Could not find a function named "WantToInteract" in 'FirstPersonCharacter_C'.
Make sure 'FirstPersonCharacter_C' has been compiled for  Want to Interact
[2023.03.13-13.06.32:244][  0]LogTexture: Display: Building textures: DeprecatedTexture4E9A31EC459F824B7293D9A5960F381F (BGRA8, 128X128)
[2023.03.13-13.06.32:318][  0]LogAudio: Display: Audio Device (ID: 1) registered with world 'FirstPersonExampleMap'.
[2023.03.13-13.06.32:319][  0]LogAIModule: Creating AISystem for world FirstPersonExampleMap
[2023.03.13-13.06.33:739][  0]LogEditorServer: Finished looking for orphan Actors (0.000 secs)
[2023.03.13-13.06.33:765][  0]LogUObjectHash: Compacting FUObjectHashTables data took   0.75ms
[2023.03.13-13.06.33:765][  0]Cmd: MAP CHECKDEP NOCLEARLOG
[2023.03.13-13.06.33:765][  0]MapCheck: Map check complete: 0 Error(s), 0 Warning(s), took 0,083ms to complete.
[2023.03.13-13.06.33:765][  0]LogFileHelpers: Loading map 'FirstPersonExampleMap' took 2.837
[2023.03.13-13.06.33:766][  0]LogUnrealEdMisc: Total Editor Startup Time, took 24.399
[2023.03.13-13.06.34:535][  0]LogSlate: Updating window title bar state: overlay mode, drag disabled, window buttons hidden, title bar hidden
[2023.03.13-13.06.34:556][  0]LogSlate: Updating window title bar state: overlay mode, drag disabled, window buttons hidden, title bar hidden
[2023.03.13-13.06.34:566][  0]LogSlate: Updating window title bar state: overlay mode, drag disabled, window buttons hidden, title bar hidden
[2023.03.13-13.06.34:572][  0]LogSlate: Updating window title bar state: overlay mode, drag disabled, window buttons hidden, title bar hidden
[2023.03.13-13.06.34:823][  0]LogNativeClassHierarchy: Verbose: Native class hierarchy populated in 0.0217 seconds. Added 3822 classes and 928 folders.
[2023.03.13-13.06.34:981][  0]LogNativeClassHierarchy: Verbose: Native class hierarchy updated for 'WidgetCarousel' in 0.0008 seconds. Added 0 classes and 0 folders.
[2023.03.13-13.06.35:092][  0]LogPakFile: PakFile PrimaryIndexSize=187
[2023.03.13-13.06.35:092][  0]LogPakFile: PakFile PathHashIndexSize=101
[2023.03.13-13.06.35:092][  0]LogPakFile: PakFile FullDirectoryIndexSize=148
[2023.03.13-13.06.35:113][  0]LogShaderLibrary: Display: ShaderCodeLibraryPakFileMountedCallback: PakFile 'D:/unreal/UE_4.27/FeaturePacks/FP_FirstPerson.upack' (chunk index -1, root 'root:/') mounted
[2023.03.13-13.06.35:113][  0]LogShaderLibrary: Display: ShaderCodeLibraryPakFileMountedCallback: pending pak file info (ChunkID:-1 Root:root:/ File:D:/unreal/UE_4.27/FeaturePacks/FP_FirstPerson.upack)
[2023.03.13-13.06.35:127][  0]LogPakFile: OnPakFileMounted2Time == 0.034532
[2023.03.13-13.06.35:164][  0]LogPakFile: PakFile PrimaryIndexSize=189
[2023.03.13-13.06.35:164][  0]LogPakFile: PakFile PathHashIndexSize=101
[2023.03.13-13.06.35:164][  0]LogPakFile: PakFile FullDirectoryIndexSize=152
[2023.03.13-13.06.35:164][  0]LogShaderLibrary: Display: ShaderCodeLibraryPakFileMountedCallback: PakFile 'D:/unreal/UE_4.27/FeaturePacks/FP_FirstPersonBP.upack' (chunk index -1, root 'root:/') mounted
[2023.03.13-13.06.35:165][  0]LogShaderLibrary: Display: ShaderCodeLibraryPakFileMountedCallback: pending pak file info (ChunkID:-1 Root:root:/ File:D:/unreal/UE_4.27/FeaturePacks/FP_FirstPersonBP.upack)
[2023.03.13-13.06.35:165][  0]LogPakFile: OnPakFileMounted2Time == 0.000586
[2023.03.13-13.06.35:187][  0]LogPakFile: PakFile PrimaryIndexSize=191
[2023.03.13-13.06.35:187][  0]LogPakFile: PakFile PathHashIndexSize=101
[2023.03.13-13.06.35:187][  0]LogPakFile: PakFile FullDirectoryIndexSize=160
[2023.03.13-13.06.35:187][  0]LogShaderLibrary: Display: ShaderCodeLibraryPakFileMountedCallback: PakFile 'D:/unreal/UE_4.27/FeaturePacks/MobileStarterContent.upack' (chunk index -1, root 'root:/') mounted
[2023.03.13-13.06.35:187][  0]LogShaderLibrary: Display: ShaderCodeLibraryPakFileMountedCallback: pending pak file info (ChunkID:-1 Root:root:/ File:D:/unreal/UE_4.27/FeaturePacks/MobileStarterContent.upack)
[2023.03.13-13.06.35:187][  0]LogPakFile: OnPakFileMounted2Time == 0.000160
[2023.03.13-13.06.35:206][  0]LogPakFile: PakFile PrimaryIndexSize=185
[2023.03.13-13.06.35:206][  0]LogPakFile: PakFile PathHashIndexSize=101
[2023.03.13-13.06.35:206][  0]LogPakFile: PakFile FullDirectoryIndexSize=148
[2023.03.13-13.06.35:206][  0]LogShaderLibrary: Display: ShaderCodeLibraryPakFileMountedCallback: PakFile 'D:/unreal/UE_4.27/FeaturePacks/StarterContent.upack' (chunk index -1, root 'root:/') mounted
[2023.03.13-13.06.35:206][  0]LogShaderLibrary: Display: ShaderCodeLibraryPakFileMountedCallback: pending pak file info (ChunkID:-1 Root:root:/ File:D:/unreal/UE_4.27/FeaturePacks/StarterContent.upack)
[2023.03.13-13.06.35:206][  0]LogPakFile: OnPakFileMounted2Time == 0.000168
[2023.03.13-13.06.35:262][  0]LogPakFile: PakFile PrimaryIndexSize=190
[2023.03.13-13.06.35:262][  0]LogPakFile: PakFile PathHashIndexSize=101
[2023.03.13-13.06.35:262][  0]LogPakFile: PakFile FullDirectoryIndexSize=154
[2023.03.13-13.06.35:262][  0]LogShaderLibrary: Display: ShaderCodeLibraryPakFileMountedCallback: PakFile 'D:/unreal/UE_4.27/FeaturePacks/TP_2DSideScroller.upack' (chunk index -1, root 'root:/') mounted
[2023.03.13-13.06.35:262][  0]LogShaderLibrary: Display: ShaderCodeLibraryPakFileMountedCallback: pending pak file info (ChunkID:-1 Root:root:/ File:D:/unreal/UE_4.27/FeaturePacks/TP_2DSideScroller.upack)
[2023.03.13-13.06.35:262][  0]LogPakFile: OnPakFileMounted2Time == 0.000160
[2023.03.13-13.06.35:266][  0]LogPakFile: PakFile PrimaryIndexSize=192
[2023.03.13-13.06.35:266][  0]LogPakFile: PakFile PathHashIndexSize=101
[2023.03.13-13.06.35:266][  0]LogPakFile: PakFile FullDirectoryIndexSize=158
[2023.03.13-13.06.35:266][  0]LogShaderLibrary: Display: ShaderCodeLibraryPakFileMountedCallback: PakFile 'D:/unreal/UE_4.27/FeaturePacks/TP_2DSideScrollerBP.upack' (chunk index -1, root 'root:/') mounted
[2023.03.13-13.06.35:266][  0]LogShaderLibrary: Display: ShaderCodeLibraryPakFileMountedCallback: pending pak file info (ChunkID:-1 Root:root:/ File:D:/unreal/UE_4.27/FeaturePacks/TP_2DSideScrollerBP.upack)
[2023.03.13-13.06.35:266][  0]LogPakFile: OnPakFileMounted2Time == 0.000154
[2023.03.13-13.06.35:273][  0]LogPakFile: PakFile PrimaryIndexSize=182
[2023.03.13-13.06.35:273][  0]LogPakFile: PakFile PathHashIndexSize=101
[2023.03.13-13.06.35:273][  0]LogPakFile: PakFile FullDirectoryIndexSize=138
[2023.03.13-13.06.35:273][  0]LogShaderLibrary: Display: ShaderCodeLibraryPakFileMountedCallback: PakFile 'D:/unreal/UE_4.27/FeaturePacks/TP_Flying.upack' (chunk index -1, root 'root:/') mounted
[2023.03.13-13.06.35:273][  0]LogShaderLibrary: Display: ShaderCodeLibraryPakFileMountedCallback: pending pak file info (ChunkID:-1 Root:root:/ File:D:/unreal/UE_4.27/FeaturePacks/TP_Flying.upack)
[2023.03.13-13.06.35:273][  0]LogPakFile: OnPakFileMounted2Time == 0.000161
[2023.03.13-13.06.35:277][  0]LogPakFile: PakFile PrimaryIndexSize=184
[2023.03.13-13.06.35:277][  0]LogPakFile: PakFile PathHashIndexSize=101
[2023.03.13-13.06.35:277][  0]LogPakFile: PakFile FullDirectoryIndexSize=142
[2023.03.13-13.06.35:278][  0]LogShaderLibrary: Display: ShaderCodeLibraryPakFileMountedCallback: PakFile 'D:/unreal/UE_4.27/FeaturePacks/TP_FlyingBP.upack' (chunk index -1, root 'root:/') mounted
[2023.03.13-13.06.35:278][  0]LogShaderLibrary: Display: ShaderCodeLibraryPakFileMountedCallback: pending pak file info (ChunkID:-1 Root:root:/ File:D:/unreal/UE_4.27/FeaturePacks/TP_FlyingBP.upack)
[2023.03.13-13.06.35:278][  0]LogPakFile: OnPakFileMounted2Time == 0.000167
[2023.03.13-13.06.35:294][  0]LogPakFile: PakFile PrimaryIndexSize=188
[2023.03.13-13.06.35:295][  0]LogPakFile: PakFile PathHashIndexSize=101
[2023.03.13-13.06.35:295][  0]LogPakFile: PakFile FullDirectoryIndexSize=150
[2023.03.13-13.06.35:295][  0]LogShaderLibrary: Display: ShaderCodeLibraryPakFileMountedCallback: PakFile 'D:/unreal/UE_4.27/FeaturePacks/TP_HandheldARBP.upack' (chunk index -1, root 'root:/') mounted
[2023.03.13-13.06.35:295][  0]LogShaderLibrary: Display: ShaderCodeLibraryPakFileMountedCallback: pending pak file info (ChunkID:-1 Root:root:/ File:D:/unreal/UE_4.27/FeaturePacks/TP_HandheldARBP.upack)
[2023.03.13-13.06.35:295][  0]LogPakFile: OnPakFileMounted2Time == 0.000163
[2023.03.13-13.06.35:323][  0]LogPakFile: PakFile PrimaryIndexSize=182
[2023.03.13-13.06.35:323][  0]LogPakFile: PakFile PathHashIndexSize=101
[2023.03.13-13.06.35:323][  0]LogPakFile: PakFile FullDirectoryIndexSize=138
[2023.03.13-13.06.35:323][  0]LogShaderLibrary: Display: ShaderCodeLibraryPakFileMountedCallback: PakFile 'D:/unreal/UE_4.27/FeaturePacks/TP_Puzzle.upack' (chunk index -1, root 'root:/') mounted
[2023.03.13-13.06.35:324][  0]LogShaderLibrary: Display: ShaderCodeLibraryPakFileMountedCallback: pending pak file info (ChunkID:-1 Root:root:/ File:D:/unreal/UE_4.27/FeaturePacks/TP_Puzzle.upack)
[2023.03.13-13.06.35:324][  0]LogPakFile: OnPakFileMounted2Time == 0.000167
[2023.03.13-13.06.35:329][  0]LogPakFile: PakFile PrimaryIndexSize=184
[2023.03.13-13.06.35:329][  0]LogPakFile: PakFile PathHashIndexSize=101
[2023.03.13-13.06.35:329][  0]LogPakFile: PakFile FullDirectoryIndexSize=142
[2023.03.13-13.06.35:329][  0]LogShaderLibrary: Display: ShaderCodeLibraryPakFileMountedCallback: PakFile 'D:/unreal/UE_4.27/FeaturePacks/TP_PuzzleBP.upack' (chunk index -1, root 'root:/') mounted
[2023.03.13-13.06.35:329][  0]LogShaderLibrary: Display: ShaderCodeLibraryPakFileMountedCallback: pending pak file info (ChunkID:-1 Root:root:/ File:D:/unreal/UE_4.27/FeaturePacks/TP_PuzzleBP.upack)
[2023.03.13-13.06.35:329][  0]LogPakFile: OnPakFileMounted2Time == 0.000162
[2023.03.13-13.06.35:344][  0]LogPakFile: PakFile PrimaryIndexSize=183
[2023.03.13-13.06.35:344][  0]LogPakFile: PakFile PathHashIndexSize=101
[2023.03.13-13.06.35:344][  0]LogPakFile: PakFile FullDirectoryIndexSize=140
[2023.03.13-13.06.35:344][  0]LogShaderLibrary: Display: ShaderCodeLibraryPakFileMountedCallback: PakFile 'D:/unreal/UE_4.27/FeaturePacks/TP_Rolling.upack' (chunk index -1, root 'root:/') mounted
[2023.03.13-13.06.35:344][  0]LogShaderLibrary: Display: ShaderCodeLibraryPakFileMountedCallback: pending pak file info (ChunkID:-1 Root:root:/ File:D:/unreal/UE_4.27/FeaturePacks/TP_Rolling.upack)
[2023.03.13-13.06.35:344][  0]LogPakFile: OnPakFileMounted2Time == 0.000159
[2023.03.13-13.06.35:349][  0]LogPakFile: PakFile PrimaryIndexSize=185
[2023.03.13-13.06.35:349][  0]LogPakFile: PakFile PathHashIndexSize=101
[2023.03.13-13.06.35:349][  0]LogPakFile: PakFile FullDirectoryIndexSize=144
[2023.03.13-13.06.35:349][  0]LogShaderLibrary: Display: ShaderCodeLibraryPakFileMountedCallback: PakFile 'D:/unreal/UE_4.27/FeaturePacks/TP_RollingBP.upack' (chunk index -1, root 'root:/') mounted
[2023.03.13-13.06.35:349][  0]LogShaderLibrary: Display: ShaderCodeLibraryPakFileMountedCallback: pending pak file info (ChunkID:-1 Root:root:/ File:D:/unreal/UE_4.27/FeaturePacks/TP_RollingBP.upack)
[2023.03.13-13.06.35:349][  0]LogPakFile: OnPakFileMounted2Time == 0.000159
[2023.03.13-13.06.35:362][  0]LogPakFile: PakFile PrimaryIndexSize=188
[2023.03.13-13.06.35:362][  0]LogPakFile: PakFile PathHashIndexSize=101
[2023.03.13-13.06.35:362][  0]LogPakFile: PakFile FullDirectoryIndexSize=150
[2023.03.13-13.06.35:362][  0]LogShaderLibrary: Display: ShaderCodeLibraryPakFileMountedCallback: PakFile 'D:/unreal/UE_4.27/FeaturePacks/TP_SideScroller.upack' (chunk index -1, root 'root:/') mounted
[2023.03.13-13.06.35:362][  0]LogShaderLibrary: Display: ShaderCodeLibraryPakFileMountedCallback: pending pak file info (ChunkID:-1 Root:root:/ File:D:/unreal/UE_4.27/FeaturePacks/TP_SideScroller.upack)
[2023.03.13-13.06.35:362][  0]LogPakFile: OnPakFileMounted2Time == 0.000158
[2023.03.13-13.06.35:375][  0]LogPakFile: PakFile PrimaryIndexSize=190
[2023.03.13-13.06.35:375][  0]LogPakFile: PakFile PathHashIndexSize=101
[2023.03.13-13.06.35:375][  0]LogPakFile: PakFile FullDirectoryIndexSize=154
[2023.03.13-13.06.35:375][  0]LogShaderLibrary: Display: ShaderCodeLibraryPakFileMountedCallback: PakFile 'D:/unreal/UE_4.27/FeaturePacks/TP_SideScrollerBP.upack' (chunk index -1, root 'root:/') mounted
[2023.03.13-13.06.35:375][  0]LogShaderLibrary: Display: ShaderCodeLibraryPakFileMountedCallback: pending pak file info (ChunkID:-1 Root:root:/ File:D:/unreal/UE_4.27/FeaturePacks/TP_SideScrollerBP.upack)
[2023.03.13-13.06.35:375][  0]LogPakFile: OnPakFileMounted2Time == 0.000163
[2023.03.13-13.06.35:378][  0]LogPakFile: PakFile PrimaryIndexSize=187
[2023.03.13-13.06.35:378][  0]LogPakFile: PakFile PathHashIndexSize=101
[2023.03.13-13.06.35:378][  0]LogPakFile: PakFile FullDirectoryIndexSize=148
[2023.03.13-13.06.35:379][  0]LogShaderLibrary: Display: ShaderCodeLibraryPakFileMountedCallback: PakFile 'D:/unreal/UE_4.27/FeaturePacks/TP_ThirdPerson.upack' (chunk index -1, root 'root:/') mounted
[2023.03.13-13.06.35:379][  0]LogShaderLibrary: Display: ShaderCodeLibraryPakFileMountedCallback: pending pak file info (ChunkID:-1 Root:root:/ File:D:/unreal/UE_4.27/FeaturePacks/TP_ThirdPerson.upack)
[2023.03.13-13.06.35:379][  0]LogPakFile: OnPakFileMounted2Time == 0.000161
[2023.03.13-13.06.35:383][  0]LogPakFile: PakFile PrimaryIndexSize=189
[2023.03.13-13.06.35:383][  0]LogPakFile: PakFile PathHashIndexSize=101
[2023.03.13-13.06.35:383][  0]LogPakFile: PakFile FullDirectoryIndexSize=152
[2023.03.13-13.06.35:383][  0]LogShaderLibrary: Display: ShaderCodeLibraryPakFileMountedCallback: PakFile 'D:/unreal/UE_4.27/FeaturePacks/TP_ThirdPersonBP.upack' (chunk index -1, root 'root:/') mounted
[2023.03.13-13.06.35:383][  0]LogShaderLibrary: Display: ShaderCodeLibraryPakFileMountedCallback: pending pak file info (ChunkID:-1 Root:root:/ File:D:/unreal/UE_4.27/FeaturePacks/TP_ThirdPersonBP.upack)
[2023.03.13-13.06.35:383][  0]LogPakFile: OnPakFileMounted2Time == 0.000160
[2023.03.13-13.06.35:400][  0]LogPakFile: PakFile PrimaryIndexSize=183
[2023.03.13-13.06.35:400][  0]LogPakFile: PakFile PathHashIndexSize=101
[2023.03.13-13.06.35:400][  0]LogPakFile: PakFile FullDirectoryIndexSize=140
[2023.03.13-13.06.35:400][  0]LogShaderLibrary: Display: ShaderCodeLibraryPakFileMountedCallback: PakFile 'D:/unreal/UE_4.27/FeaturePacks/TP_TopDown.upack' (chunk index -1, root 'root:/') mounted
[2023.03.13-13.06.35:400][  0]LogShaderLibrary: Display: ShaderCodeLibraryPakFileMountedCallback: pending pak file info (ChunkID:-1 Root:root:/ File:D:/unreal/UE_4.27/FeaturePacks/TP_TopDown.upack)
[2023.03.13-13.06.35:400][  0]LogPakFile: OnPakFileMounted2Time == 0.000190
[2023.03.13-13.06.35:404][  0]LogPakFile: PakFile PrimaryIndexSize=185
[2023.03.13-13.06.35:404][  0]LogPakFile: PakFile PathHashIndexSize=101
[2023.03.13-13.06.35:404][  0]LogPakFile: PakFile FullDirectoryIndexSize=144
[2023.03.13-13.06.35:404][  0]LogShaderLibrary: Display: ShaderCodeLibraryPakFileMountedCallback: PakFile 'D:/unreal/UE_4.27/FeaturePacks/TP_TopDownBP.upack' (chunk index -1, root 'root:/') mounted
[2023.03.13-13.06.35:404][  0]LogShaderLibrary: Display: ShaderCodeLibraryPakFileMountedCallback: pending pak file info (ChunkID:-1 Root:root:/ File:D:/unreal/UE_4.27/FeaturePacks/TP_TopDownBP.upack)
[2023.03.13-13.06.35:404][  0]LogPakFile: OnPakFileMounted2Time == 0.000167
[2023.03.13-13.06.35:415][  0]LogPakFile: PakFile PrimaryIndexSize=185
[2023.03.13-13.06.35:415][  0]LogPakFile: PakFile PathHashIndexSize=101
[2023.03.13-13.06.35:415][  0]LogPakFile: PakFile FullDirectoryIndexSize=144
[2023.03.13-13.06.35:415][  0]LogShaderLibrary: Display: ShaderCodeLibraryPakFileMountedCallback: PakFile 'D:/unreal/UE_4.27/FeaturePacks/TP_TwinStick.upack' (chunk index -1, root 'root:/') mounted
[2023.03.13-13.06.35:415][  0]LogShaderLibrary: Display: ShaderCodeLibraryPakFileMountedCallback: pending pak file info (ChunkID:-1 Root:root:/ File:D:/unreal/UE_4.27/FeaturePacks/TP_TwinStick.upack)
[2023.03.13-13.06.35:415][  0]LogPakFile: OnPakFileMounted2Time == 0.000159
[2023.03.13-13.06.35:419][  0]LogPakFile: PakFile PrimaryIndexSize=187
[2023.03.13-13.06.35:419][  0]LogPakFile: PakFile PathHashIndexSize=101
[2023.03.13-13.06.35:419][  0]LogPakFile: PakFile FullDirectoryIndexSize=148
[2023.03.13-13.06.35:419][  0]LogShaderLibrary: Display: ShaderCodeLibraryPakFileMountedCallback: PakFile 'D:/unreal/UE_4.27/FeaturePacks/TP_TwinStickBP.upack' (chunk index -1, root 'root:/') mounted
[2023.03.13-13.06.35:419][  0]LogShaderLibrary: Display: ShaderCodeLibraryPakFileMountedCallback: pending pak file info (ChunkID:-1 Root:root:/ File:D:/unreal/UE_4.27/FeaturePacks/TP_TwinStickBP.upack)
[2023.03.13-13.06.35:419][  0]LogPakFile: OnPakFileMounted2Time == 0.000151
[2023.03.13-13.06.35:423][  0]LogPakFile: PakFile PrimaryIndexSize=183
[2023.03.13-13.06.35:423][  0]LogPakFile: PakFile PathHashIndexSize=101
[2023.03.13-13.06.35:423][  0]LogPakFile: PakFile FullDirectoryIndexSize=140
[2023.03.13-13.06.35:423][  0]LogShaderLibrary: Display: ShaderCodeLibraryPakFileMountedCallback: PakFile 'D:/unreal/UE_4.27/FeaturePacks/TP_Vehicle.upack' (chunk index -1, root 'root:/') mounted
[2023.03.13-13.06.35:423][  0]LogShaderLibrary: Display: ShaderCodeLibraryPakFileMountedCallback: pending pak file info (ChunkID:-1 Root:root:/ File:D:/unreal/UE_4.27/FeaturePacks/TP_Vehicle.upack)
[2023.03.13-13.06.35:423][  0]LogPakFile: OnPakFileMounted2Time == 0.000111
[2023.03.13-13.06.35:434][  0]LogPakFile: PakFile PrimaryIndexSize=186
[2023.03.13-13.06.35:434][  0]LogPakFile: PakFile PathHashIndexSize=101
[2023.03.13-13.06.35:434][  0]LogPakFile: PakFile FullDirectoryIndexSize=146
[2023.03.13-13.06.35:434][  0]LogShaderLibrary: Display: ShaderCodeLibraryPakFileMountedCallback: PakFile 'D:/unreal/UE_4.27/FeaturePacks/TP_VehicleAdv.upack' (chunk index -1, root 'root:/') mounted
[2023.03.13-13.06.35:434][  0]LogShaderLibrary: Display: ShaderCodeLibraryPakFileMountedCallback: pending pak file info (ChunkID:-1 Root:root:/ File:D:/unreal/UE_4.27/FeaturePacks/TP_VehicleAdv.upack)
[2023.03.13-13.06.35:434][  0]LogPakFile: OnPakFileMounted2Time == 0.000086
[2023.03.13-13.06.35:453][  0]LogPakFile: PakFile PrimaryIndexSize=188
[2023.03.13-13.06.35:453][  0]LogPakFile: PakFile PathHashIndexSize=101
[2023.03.13-13.06.35:453][  0]LogPakFile: PakFile FullDirectoryIndexSize=150
[2023.03.13-13.06.35:453][  0]LogShaderLibrary: Display: ShaderCodeLibraryPakFileMountedCallback: PakFile 'D:/unreal/UE_4.27/FeaturePacks/TP_VehicleAdvBP.upack' (chunk index -1, root 'root:/') mounted
[2023.03.13-13.06.35:453][  0]LogShaderLibrary: Display: ShaderCodeLibraryPakFileMountedCallback: pending pak file info (ChunkID:-1 Root:root:/ File:D:/unreal/UE_4.27/FeaturePacks/TP_VehicleAdvBP.upack)
[2023.03.13-13.06.35:453][  0]LogPakFile: OnPakFileMounted2Time == 0.000094
[2023.03.13-13.06.35:456][  0]LogPakFile: PakFile PrimaryIndexSize=185
[2023.03.13-13.06.35:456][  0]LogPakFile: PakFile PathHashIndexSize=101
[2023.03.13-13.06.35:456][  0]LogPakFile: PakFile FullDirectoryIndexSize=144
[2023.03.13-13.06.35:456][  0]LogShaderLibrary: Display: ShaderCodeLibraryPakFileMountedCallback: PakFile 'D:/unreal/UE_4.27/FeaturePacks/TP_VehicleBP.upack' (chunk index -1, root 'root:/') mounted
[2023.03.13-13.06.35:456][  0]LogShaderLibrary: Display: ShaderCodeLibraryPakFileMountedCallback: pending pak file info (ChunkID:-1 Root:root:/ File:D:/unreal/UE_4.27/FeaturePacks/TP_VehicleBP.upack)
[2023.03.13-13.06.35:456][  0]LogPakFile: OnPakFileMounted2Time == 0.000086
[2023.03.13-13.06.35:509][  0]LogPakFile: PakFile PrimaryIndexSize=192
[2023.03.13-13.06.35:509][  0]LogPakFile: PakFile PathHashIndexSize=101
[2023.03.13-13.06.35:509][  0]LogPakFile: PakFile FullDirectoryIndexSize=158
[2023.03.13-13.06.35:509][  0]LogShaderLibrary: Display: ShaderCodeLibraryPakFileMountedCallback: PakFile 'D:/unreal/UE_4.27/FeaturePacks/TP_VirtualRealityBP.upack' (chunk index -1, root 'root:/') mounted
[2023.03.13-13.06.35:509][  0]LogShaderLibrary: Display: ShaderCodeLibraryPakFileMountedCallback: pending pak file info (ChunkID:-1 Root:root:/ File:D:/unreal/UE_4.27/FeaturePacks/TP_VirtualRealityBP.upack)
[2023.03.13-13.06.35:509][  0]LogPakFile: OnPakFileMounted2Time == 0.000161
[2023.03.13-13.06.36:957][  0]LogNativeClassHierarchy: Verbose: Native class hierarchy updated for 'AddContentDialog' in 0.0008 seconds. Added 0 classes and 0 folders.
[2023.03.13-13.06.37:045][  0]LogNativeClassHierarchy: Verbose: Native class hierarchy updated for 'SceneOutliner' in 0.0009 seconds. Added 2 classes and 0 folders.
[2023.03.13-13.06.38:186][  0]LogSlate: Took 0.013431 seconds to synchronously load lazily loaded font '../../../Engine/Content/Slate/Fonts/Roboto-Regular.ttf' (155K)
[2023.03.13-13.06.38:204][  0]LogSlate: Took 0.009104 seconds to synchronously load lazily loaded font '../../../Engine/Content/Editor/Slate/Fonts/FontAwesome.ttf' (139K)
[2023.03.13-13.06.38:231][  0]LogSlate: Took 0.009089 seconds to synchronously load lazily loaded font '../../../Engine/Content/Slate/Fonts/Roboto-Bold.ttf' (160K)
[2023.03.13-13.06.38:706][  0]LogRenderer: Reallocating scene render targets to support 1616x572 Format 10 NumSamples 1 (Frame:1).
[2023.03.13-13.06.39:608][  0]LogNativeClassHierarchy: Verbose: Native class hierarchy updated for 'HierarchicalLODOutliner' in 0.0003 seconds. Added 0 classes and 0 folders.
[2023.03.13-13.06.39:608][  0]LogLoad: (Engine Initialization) Total time: 30.24 seconds
[2023.03.13-13.06.39:608][  0]LogLoad: (Engine Initialization) Total Blueprint compile time: 0.00 seconds
[2023.03.13-13.06.39:736][  0]LogAssetRegistry: Asset discovery search completed in 27.5121 seconds
[2023.03.13-13.06.39:740][  0]LogCollectionManager: Fixed up redirectors for 0 collections in 0.000002 seconds (updated 0 objects)
[2023.03.13-13.06.39:830][  0]LogContentStreaming: Texture pool size now 1000 MB
[2023.03.13-13.06.40:277][  2]LogSlate: Took 0.010441 seconds to synchronously load lazily loaded font '../../../Engine/Content/Slate/Fonts/Roboto-Light.ttf' (167K)
[2023.03.13-13.06.40:672][ 16]LogSlate: Took 0.000116 seconds to synchronously load lazily loaded font '../../../Engine/Content/Slate/Fonts/Roboto-Light.ttf' (167K)
[2023.03.13-13.06.51:699][149]LogAssetEditorSubsystem: Opening Asset editor for Blueprint /Game/EthanBluePrints/BP_MyPlayerController.BP_MyPlayerController
[2023.03.13-13.06.52:207][149]LogNativeClassHierarchy: Verbose: Native class hierarchy updated for 'BlueprintGraph' in 0.0004 seconds. Added 126 classes and 0 folders.
[2023.03.13-13.06.53:814][149]LogSlate: Took 0.014598 seconds to synchronously load lazily loaded font '../../../Engine/Content/Slate/Fonts/Roboto-BoldCondensed.ttf' (158K)
[2023.03.13-13.06.54:118][149]LogSlate: Took 0.012109 seconds to synchronously load lazily loaded font '../../../Engine/Content/Slate/Fonts/DroidSansMono.ttf' (77K)
[2023.03.13-13.06.55:248][225]LogSlate: Window 'BP_MyPlayerController' being destroyed
[2023.03.13-13.06.58:435][465]LogUObjectHash: Compacting FUObjectHashTables data took   1.77ms
[2023.03.13-13.06.58:656][465]LogAssetEditorSubsystem: Opening Asset editor for World /Game/Level_001.Level_001
[2023.03.13-13.06.58:656][465]Cmd: MAP LOAD FILE="../../../../../zNathan/Unreal/LAST_GOOD_HIDEANDSEEK/Content/Level_001.umap" TEMPLATE=0 SHOWPROGRESS=1 FEATURELEVEL=3
[2023.03.13-13.06.58:656][465]LightingResults: New page: Lighting Build
[2023.03.13-13.06.58:657][465]LoadErrors: New page: Loading map: Level_001.umap
[2023.03.13-13.06.58:698][465]LogWorld: UWorld::CleanupWorld for FirstPersonExampleMap, bSessionEnded=true, bCleanupResources=true
[2023.03.13-13.06.58:726][465]LogSlate: InvalidateAllWidgets triggered.  All widgets were invalidated
[2023.03.13-13.06.58:739][465]MapCheck: New page: Map Check
[2023.03.13-13.06.58:739][465]LightingResults: New page: Lighting Build
[2023.03.13-13.06.58:794][465]LogAudio: Display: Audio Device unregistered from world 'None'.
[2023.03.13-13.06.58:924][465]LogUObjectHash: Compacting FUObjectHashTables data took   2.34ms
[2023.03.13-13.06.58:939][465]LogAudio: Display: Audio Device (ID: 1) registered with world 'Level_001'.
[2023.03.13-13.06.59:064][465]LogEditorServer: Finished looking for orphan Actors (0.000 secs)
[2023.03.13-13.06.59:064][465]LogAIModule: Creating AISystem for world Level_001
[2023.03.13-13.06.59:085][465]LogUObjectHash: Compacting FUObjectHashTables data took   1.45ms
[2023.03.13-13.06.59:088][465]Cmd: MAP CHECKDEP NOCLEARLOG
[2023.03.13-13.06.59:088][465]MapCheck: Map check complete: 0 Error(s), 0 Warning(s), took 0,062ms to complete.
[2023.03.13-13.06.59:088][465]LogFileHelpers: Loading map 'Level_001' took 0.432
[2023.03.13-13.07.13:727][  9]LogAssetEditorSubsystem: Opening Asset editor for Blueprint /Game/FirstPersonBP/Blueprints/FirstPersonCharacter.FirstPersonCharacter
[2023.03.13-13.07.14:274][ 10]LogSlate: Took 0.010081 seconds to synchronously load lazily loaded font '../../../Engine/Content/Slate/Fonts/Roboto-Italic.ttf' (157K)
[2023.03.13-13.13.31:431][569]LogSavePackage: Moving '../../../../../zNathan/Unreal/LAST_GOOD_HIDEANDSEEK/Saved/FirstPersonCharacter68C9579F455C55954364AFA2E70BB7BA.tmp' to '../../../../../zNathan/Unreal/LAST_GOOD_HIDEANDSEEK/Content/FirstPersonBP/Blueprints/FirstPersonCharacter.uasset'
[2023.03.13-13.13.31:458][569]AssetCheck: New page: Asset Save: FirstPersonCharacter
[2023.03.13-13.13.31:459][569]LogContentValidation: Display: Validating Blueprint /Game/FirstPersonBP/Blueprints/FirstPersonCharacter.FirstPersonCharacter
