Log file open, 01/18/23 10:01:20
LogWindows: Failed to load 'aqProf.dll' (GetLastError=126)
LogWindows: File 'aqProf.dll' does not exist
LogWindows: Failed to load 'VtuneApi.dll' (GetLastError=126)
LogWindows: File 'VtuneApi.dll' does not exist
LogWindows: Failed to load 'VtuneApi32e.dll' (GetLastError=126)
LogWindows: File 'VtuneApi32e.dll' does not exist
LogConsoleResponse: Display: Failed to find resolution value strings in scalability ini. Falling back to default.
LogConsoleResponse: Display: Failed to find resolution value strings in scalability ini. Falling back to default.
LogInit: Display: Running engine for game: HideAndSeek
LogPlatformFile: Not using cached read wrapper
LogTaskGraph: Started task graph with 5 named threads and 47 total threads with 3 sets of task threads.
LogStats: Stats thread started at 0.180773
LogICUInternationalization: ICU TimeZone Detection - Raw Offset: +1:00, Platform Override: ''
LogInit: Display: Loading text-based GConfig....
LogPluginManager: Mounting plugin MeshPainting
LogPluginManager: Mounting plugin XGEController
LogPluginManager: Mounting plugin Paper2D
LogPluginManager: Mounting plugin AISupport
LogPluginManager: Mounting plugin EnvironmentQueryEditor
LogPluginManager: Mounting plugin LiveLink
LogPluginManager: Mounting plugin GameplayCameras
LogPluginManager: Mounting plugin CameraShakePreviewer
LogPluginManager: Mounting plugin AnimationSharing
LogPluginManager: Mounting plugin CodeLiteSourceCodeAccess
LogPluginManager: Mounting plugin LightPropagationVolume
LogPluginManager: Mounting plugin CLionSourceCodeAccess
LogPluginManager: Mounting plugin PerforceSourceControl
LogPluginManager: Mounting plugin KDevelopSourceCodeAccess
LogPluginManager: Mounting plugin PluginUtils
LogPluginManager: Mounting plugin PlasticSourceControl
LogPluginManager: Mounting plugin PropertyAccessNode
LogPluginManager: Mounting plugin RiderSourceCodeAccess
LogPluginManager: Mounting plugin NullSourceCodeAccess
LogPluginManager: Mounting plugin TextureFormatOodle
LogPluginManager: Mounting plugin SubversionSourceControl
LogPluginManager: Mounting plugin UObjectPlugin
LogPluginManager: Mounting plugin VisualStudioCodeSourceCodeAccess
LogPluginManager: Mounting plugin VisualStudioSourceCodeAccess
LogPluginManager: Mounting plugin OodleData
LogPluginManager: Mounting plugin AssetManagerEditor
LogPluginManager: Mounting plugin CryptoKeys
LogPluginManager: Mounting plugin CurveEditorTools
LogPluginManager: Mounting plugin PixWinPlugin
LogPluginManager: Mounting plugin XCodeSourceCodeAccess
LogPluginManager: Mounting plugin OodleNetwork
LogPluginManager: Mounting plugin GitSourceControl
LogPluginManager: Mounting plugin DataValidation
LogPluginManager: Mounting plugin GameplayTagsEditor
LogPluginManager: Mounting plugin GeometryMode
LogPluginManager: Mounting plugin MacGraphicsSwitching
LogPluginManager: Mounting plugin MaterialAnalyzer
LogPluginManager: Mounting plugin FacialAnimation
LogPluginManager: Mounting plugin SpeedTreeImporter
LogPluginManager: Mounting plugin PluginBrowser
LogPluginManager: Mounting plugin MobileLauncherProfileWizard
LogPluginManager: Mounting plugin DatasmithContent
LogPluginManager: Mounting plugin Niagara
LogPluginManager: Mounting plugin VariantManagerContent
LogPluginManager: Mounting plugin LuminPlatformFeatures
LogPluginManager: Mounting plugin MagicLeap
LogPluginManager: Mounting plugin MagicLeapLightEstimation
LogPluginManager: Mounting plugin MagicLeapMedia
LogPluginManager: Mounting plugin MagicLeapPassableWorld
LogPluginManager: Mounting plugin MLSDK
LogPluginManager: Mounting plugin AvfMedia
LogPluginManager: Mounting plugin AndroidMedia
LogPluginManager: Mounting plugin AlembicImporter
LogPluginManager: Mounting plugin AutomationUtils
LogPluginManager: Mounting plugin BackChannel
LogPluginManager: Mounting plugin MediaCompositing
LogPluginManager: Mounting plugin MediaPlayerEditor
LogPluginManager: Mounting plugin ImgMedia
LogPluginManager: Mounting plugin ChaosCloth
LogPluginManager: Mounting plugin WebMMedia
LogPluginManager: Mounting plugin ChaosClothEditor
LogPluginManager: Mounting plugin WmfMedia
LogPluginManager: Mounting plugin ChaosEditor
LogPluginManager: Mounting plugin CharacterAI
LogPluginManager: Mounting plugin ChaosSolverPlugin
LogPluginManager: Mounting plugin ChaosNiagara
LogPluginManager: Mounting plugin GeometryCache
LogPluginManager: Mounting plugin GeometryCollectionPlugin
LogPluginManager: Mounting plugin GeometryProcessing
LogPluginManager: Mounting plugin MotoSynth
LogPluginManager: Mounting plugin OpenImageDenoise
LogPluginManager: Mounting plugin PlanarCut
LogPluginManager: Mounting plugin PlatformCrypto
LogPluginManager: Mounting plugin PythonScriptPlugin
LogPluginManager: Mounting plugin ProxyLODPlugin
LogPluginManager: Mounting plugin SkeletalReduction
LogPluginManager: Mounting plugin ActorSequence
LogPluginManager: Mounting plugin LevelSequenceEditor
LogPluginManager: Mounting plugin MatineeToLevelSequence
LogPluginManager: Mounting plugin TemplateSequence
LogPluginManager: Mounting plugin OnlineSubsystem
LogPluginManager: Mounting plugin OnlineSubsystemNull
LogPluginManager: Mounting plugin OnlineSubsystemUtils
LogPluginManager: Mounting plugin TcpMessaging
LogPluginManager: Mounting plugin LauncherChunkInstaller
LogPluginManager: Mounting plugin ActorLayerUtilities
LogPluginManager: Mounting plugin UdpMessaging
LogPluginManager: Mounting plugin AndroidMoviePlayer
LogPluginManager: Mounting plugin AndroidDeviceProfileSelector
LogPluginManager: Mounting plugin AndroidPermission
LogPluginManager: Mounting plugin AppleMoviePlayer
LogPluginManager: Mounting plugin AppleImageUtils
LogPluginManager: Mounting plugin ArchVisCharacter
LogPluginManager: Mounting plugin AssetTags
LogPluginManager: Mounting plugin AudioCapture
LogPluginManager: Mounting plugin AudioSynesthesia
LogPluginManager: Mounting plugin CableComponent
LogPluginManager: Mounting plugin ChunkDownloader
LogPluginManager: Mounting plugin EditableMesh
LogPluginManager: Mounting plugin ExampleDeviceProfileSelector
LogPluginManager: Mounting plugin CustomMeshComponent
LogPluginManager: Mounting plugin GoogleCloudMessaging
LogPluginManager: Mounting plugin GooglePAD
LogPluginManager: Mounting plugin IOSDeviceProfileSelector
LogPluginManager: Mounting plugin LinuxDeviceProfileSelector
LogPluginManager: Mounting plugin LocationServicesBPLibrary
LogPluginManager: Mounting plugin MobilePatchingUtils
LogPluginManager: Mounting plugin OpenXR
LogPluginManager: Mounting plugin OpenXREyeTracker
LogPluginManager: Mounting plugin OpenXRHandTracking
LogPluginManager: Mounting plugin PhysXVehicles
LogPluginManager: Mounting plugin ScreenshotTools
LogPluginManager: Mounting plugin Takes
LogPluginManager: Mounting plugin PostSplashScreen
LogPluginManager: Mounting plugin PropertyAccessEditor
LogPluginManager: Mounting plugin ProceduralMeshComponent
LogPluginManager: Mounting plugin RuntimePhysXCooking
LogPluginManager: Mounting plugin SignificanceManager
LogPluginManager: Mounting plugin SoundFields
LogPluginManager: Mounting plugin Synthesis
LogPluginManager: Mounting plugin WebMMoviePlayer
LogPluginManager: Mounting plugin WindowsMoviePlayer
LogPluginManager: Mounting plugin ContentBrowserClassDataSource
LogPluginManager: Mounting plugin ContentBrowserAssetDataSource
LogPluginManager: Mounting plugin ContentBrowserFileDataSource
LogPluginManager: Mounting plugin OnlineSubsystemGooglePlay
LogPluginManager: Mounting plugin OnlineSubsystemIOS
LogPluginManager: Mounting plugin OculusVR
LogPluginManager: Mounting plugin SteamVR
PixWinPlugin: PIX capture plugin failed to initialize! Check that the process is launched from PIX.
LogInit: Using libcurl 7.55.1-DEV
LogInit:  - built for x86_64-pc-win32
LogInit:  - supports SSL with OpenSSL/1.1.1
LogInit:  - supports HTTP deflate (compression) using libz 1.2.8
LogInit:  - other features:
LogInit:      CURL_VERSION_SSL
LogInit:      CURL_VERSION_LIBZ
LogInit:      CURL_VERSION_IPV6
LogInit:      CURL_VERSION_ASYNCHDNS
LogInit:      CURL_VERSION_LARGEFILE
LogInit:      CURL_VERSION_IDN
LogInit:  CurlRequestOptions (configurable via config and command line):
LogInit:  - bVerifyPeer = true  - Libcurl will verify peer certificate
LogInit:  - bUseHttpProxy = false  - Libcurl will NOT use HTTP proxy
LogInit:  - bDontReuseConnections = false  - Libcurl will reuse connections
LogInit:  - MaxHostConnections = 16  - Libcurl will limit the number of connections to a host
LogInit:  - LocalHostAddr = Default
LogInit:  - BufferSize = 65536
LogOnline: OSS: Creating online subsystem instance for: NULL
LogInit: WinSock: version 1.1 (2.2), MaxSocks=32767, MaxUdp=65467
LogOnline: OSS: TryLoadSubsystemAndSetDefault: Loaded subsystem for module [NULL]
LogOculusPluginWrapper: OculusPlugin initialized successfully
LogHMD: Failed initializing OVRPlugin 1.59.0
LogInit: Build: ++UE4+Release-4.27-CL-18319896
LogInit: Engine Version: 4.27.2-18319896+++UE4+Release-4.27
LogInit: Compatible Engine Version: 4.27.0-17155196+++UE4+Release-4.27
LogInit: Net CL: 17155196
LogInit: OS: Windows 10 (Release 2009) (), CPU: 11th Gen Intel(R) Core(TM) i7-11700 @ 2.50GHz, GPU: NVIDIA GeForce RTX 3070
LogInit: Compiled (64-bit): Nov 30 2021 07:12:08
LogInit: Compiled with Visual C++: 19.24.28315.00
LogInit: Build Configuration: Development
LogInit: Branch Name: ++UE4+Release-4.27
LogInit: Command Line:  -EpicPortal -epicusername=Zytroxx. -epicuserid=8b77dfc4b5b645b78ddf509f2a89acbd -epiclocale=fr -epicsandboxid=ue
LogInit: Base Directory: D:/UE_4.27/Engine/Binaries/Win64/
LogInit: Allocator: TBB
LogInit: Installed Engine Build: 1
LogDevObjectVersion: Number of dev versions registered: 29
LogDevObjectVersion:   Dev-Blueprints (B0D832E4-1F89-4F0D-ACCF-7EB736FD4AA2): 10
LogDevObjectVersion:   Dev-Build (E1C64328-A22C-4D53-A36C-8E866417BD8C): 0
LogDevObjectVersion:   Dev-Core (375EC13C-06E4-48FB-B500-84F0262A717E): 4
LogDevObjectVersion:   Dev-Editor (E4B068ED-F494-42E9-A231-DA0B2E46BB41): 40
LogDevObjectVersion:   Dev-Framework (CFFC743F-43B0-4480-9391-14DF171D2073): 37
LogDevObjectVersion:   Dev-Mobile (B02B49B5-BB20-44E9-A304-32B752E40360): 3
LogDevObjectVersion:   Dev-Networking (A4E4105C-59A1-49B5-A7C5-40C4547EDFEE): 0
LogDevObjectVersion:   Dev-Online (39C831C9-5AE6-47DC-9A44-9C173E1C8E7C): 0
LogDevObjectVersion:   Dev-Physics (78F01B33-EBEA-4F98-B9B4-84EACCB95AA2): 14
LogDevObjectVersion:   Dev-Platform (6631380F-2D4D-43E0-8009-CF276956A95A): 0
LogDevObjectVersion:   Dev-Rendering (12F88B9F-8875-4AFC-A67C-D90C383ABD29): 45
LogDevObjectVersion:   Dev-Sequencer (7B5AE74C-D270-4C10-A958-57980B212A5A): 13
LogDevObjectVersion:   Dev-VR (D7296918-1DD6-4BDD-9DE2-64A83CC13884): 3
LogDevObjectVersion:   Dev-LoadTimes (C2A15278-BFE7-4AFE-6C17-90FF531DF755): 1
LogDevObjectVersion:   Private-Geometry (6EACA3D4-40EC-4CC1-B786-8BED09428FC5): 3
LogDevObjectVersion:   Dev-AnimPhys (29E575DD-E0A3-4627-9D10-D276232CDCEA): 17
LogDevObjectVersion:   Dev-Anim (AF43A65D-7FD3-4947-9873-3E8ED9C1BB05): 15
LogDevObjectVersion:   Dev-ReflectionCapture (6B266CEC-1EC7-4B8F-A30B-E4D90942FC07): 1
LogDevObjectVersion:   Dev-Automation (0DF73D61-A23F-47EA-B727-89E90C41499A): 1
LogDevObjectVersion:   FortniteMain (601D1886-AC64-4F84-AA16-D3DE0DEAC7D6): 47
LogDevObjectVersion:   FortniteRelease (E7086368-6B23-4C58-8439-1B7016265E91): 1
LogDevObjectVersion:   Dev-Enterprise (9DFFBCD6-494F-0158-E221-12823C92A888): 10
LogDevObjectVersion:   Dev-Niagara (F2AED0AC-9AFE-416F-8664-AA7FFA26D6FC): 1
LogDevObjectVersion:   Dev-Destruction (174F1F0B-B4C6-45A5-B13F-2EE8D0FB917D): 10
LogDevObjectVersion:   Dev-Physics-Ext (35F94A83-E258-406C-A318-09F59610247C): 41
LogDevObjectVersion:   Dev-PhysicsMaterial-Chaos (B68FC16E-8B1B-42E2-B453-215C058844FE): 1
LogDevObjectVersion:   Dev-CineCamera (B2E18506-4273-CFC2-A54E-F4BB758BBA07): 1
LogDevObjectVersion:   Dev-VirtualProduction (64F58936-FD1B-42BA-BA96-7289D5D0FA4E): 1
LogDevObjectVersion:   Dev-MediaFramework (6F0ED827-A609-4895-9C91-998D90180EA4): 2
LogInit: Presizing for max 25165824 objects, including 0 objects not considered by GC, pre-allocating 0 bytes for permanent pool.
LogConfig: Applying CVar settings from Section [/Script/Engine.StreamingSettings] File [D:/Nathan/Unreal/hideAndSeek/Saved/Config/Windows/Engine.ini]
LogConfig: Setting CVar [[s.MinBulkDataSizeForAsyncLoading:131072]]
LogConfig: Setting CVar [[s.AsyncLoadingThreadEnabled:0]]
LogConfig: Setting CVar [[s.EventDrivenLoaderEnabled:1]]
LogConfig: Setting CVar [[s.WarnIfTimeLimitExceeded:0]]
LogConfig: Setting CVar [[s.TimeLimitExceededMultiplier:1.5]]
LogConfig: Setting CVar [[s.TimeLimitExceededMinTime:0.005]]
LogConfig: Setting CVar [[s.UseBackgroundLevelStreaming:1]]
LogConfig: Setting CVar [[s.PriorityAsyncLoadingExtraTime:15.0]]
LogConfig: Setting CVar [[s.LevelStreamingActorsUpdateTimeLimit:5.0]]
LogConfig: Setting CVar [[s.PriorityLevelStreamingActorsUpdateExtraTime:5.0]]
LogConfig: Setting CVar [[s.LevelStreamingComponentsRegistrationGranularity:10]]
LogConfig: Setting CVar [[s.UnregisterComponentsTimeLimit:1.0]]
LogConfig: Setting CVar [[s.LevelStreamingComponentsUnregistrationGranularity:5]]
LogConfig: Setting CVar [[s.FlushStreamingOnExit:1]]
LogInit: Object subsystem initialized
LogConfig: Setting CVar [[con.DebugEarlyDefault:1]]
LogConfig: Setting CVar [[r.setres:1280x720]]
[2023.01.18-09.01.20:508][  0]LogConfig: Setting CVar [[r.VSync:0]]
[2023.01.18-09.01.20:508][  0]LogConfig: Setting CVar [[r.RHICmdBypass:0]]
[2023.01.18-09.01.20:508][  0]LogConfig: Applying CVar settings from Section [/Script/Engine.RendererSettings] File [D:/Nathan/Unreal/hideAndSeek/Saved/Config/Windows/Engine.ini]
[2023.01.18-09.01.20:508][  0]LogConfig: Setting CVar [[r.GPUCrashDebugging:0]]
[2023.01.18-09.01.20:508][  0]LogConfig: Applying CVar settings from Section [/Script/Engine.RendererOverrideSettings] File [D:/Nathan/Unreal/hideAndSeek/Saved/Config/Windows/Engine.ini]
[2023.01.18-09.01.20:508][  0]LogConfig: Applying CVar settings from Section [/Script/Engine.StreamingSettings] File [D:/Nathan/Unreal/hideAndSeek/Saved/Config/Windows/Engine.ini]
[2023.01.18-09.01.20:508][  0]LogConfig: Setting CVar [[s.MinBulkDataSizeForAsyncLoading:131072]]
[2023.01.18-09.01.20:508][  0]LogConfig: Setting CVar [[s.AsyncLoadingThreadEnabled:0]]
[2023.01.18-09.01.20:508][  0]LogConfig: Setting CVar [[s.EventDrivenLoaderEnabled:1]]
[2023.01.18-09.01.20:508][  0]LogConfig: Setting CVar [[s.WarnIfTimeLimitExceeded:0]]
[2023.01.18-09.01.20:508][  0]LogConfig: Setting CVar [[s.TimeLimitExceededMultiplier:1.5]]
[2023.01.18-09.01.20:508][  0]LogConfig: Setting CVar [[s.TimeLimitExceededMinTime:0.005]]
[2023.01.18-09.01.20:508][  0]LogConfig: Setting CVar [[s.UseBackgroundLevelStreaming:1]]
[2023.01.18-09.01.20:508][  0]LogConfig: Setting CVar [[s.PriorityAsyncLoadingExtraTime:15.0]]
[2023.01.18-09.01.20:508][  0]LogConfig: Setting CVar [[s.LevelStreamingActorsUpdateTimeLimit:5.0]]
[2023.01.18-09.01.20:508][  0]LogConfig: Setting CVar [[s.PriorityLevelStreamingActorsUpdateExtraTime:5.0]]
[2023.01.18-09.01.20:508][  0]LogConfig: Setting CVar [[s.LevelStreamingComponentsRegistrationGranularity:10]]
[2023.01.18-09.01.20:508][  0]LogConfig: Setting CVar [[s.UnregisterComponentsTimeLimit:1.0]]
[2023.01.18-09.01.20:508][  0]LogConfig: Setting CVar [[s.LevelStreamingComponentsUnregistrationGranularity:5]]
[2023.01.18-09.01.20:508][  0]LogConfig: Setting CVar [[s.FlushStreamingOnExit:1]]
[2023.01.18-09.01.20:508][  0]LogConfig: Applying CVar settings from Section [/Script/Engine.GarbageCollectionSettings] File [D:/Nathan/Unreal/hideAndSeek/Saved/Config/Windows/Engine.ini]
[2023.01.18-09.01.20:508][  0]LogConfig: Setting CVar [[gc.MaxObjectsNotConsideredByGC:1]]
[2023.01.18-09.01.20:508][  0]LogConfig: Setting CVar [[gc.SizeOfPermanentObjectPool:0]]
[2023.01.18-09.01.20:508][  0]LogConfig: Setting CVar [[gc.FlushStreamingOnGC:0]]
[2023.01.18-09.01.20:508][  0]LogConfig: Setting CVar [[gc.NumRetriesBeforeForcingGC:10]]
[2023.01.18-09.01.20:508][  0]LogConfig: Setting CVar [[gc.AllowParallelGC:1]]
[2023.01.18-09.01.20:508][  0]LogConfig: Setting CVar [[gc.TimeBetweenPurgingPendingKillObjects:61.1]]
[2023.01.18-09.01.20:508][  0]LogConfig: Setting CVar [[gc.MaxObjectsInEditor:25165824]]
[2023.01.18-09.01.20:508][  0]LogConfig: Setting CVar [[gc.IncrementalBeginDestroyEnabled:1]]
[2023.01.18-09.01.20:508][  0]LogConfig: Setting CVar [[gc.CreateGCClusters:1]]
[2023.01.18-09.01.20:508][  0]LogConfig: Setting CVar [[gc.MinGCClusterSize:5]]
[2023.01.18-09.01.20:508][  0]LogConfig: Setting CVar [[gc.ActorClusteringEnabled:0]]
[2023.01.18-09.01.20:508][  0]LogConfig: Setting CVar [[gc.BlueprintClusteringEnabled:0]]
[2023.01.18-09.01.20:508][  0]LogConfig: Setting CVar [[gc.UseDisregardForGCOnDedicatedServers:0]]
[2023.01.18-09.01.20:508][  0]LogConfig: Setting CVar [[gc.MultithreadedDestructionEnabled:1]]
[2023.01.18-09.01.20:508][  0]LogConfig: Applying CVar settings from Section [/Script/Engine.NetworkSettings] File [D:/Nathan/Unreal/hideAndSeek/Saved/Config/Windows/Engine.ini]
[2023.01.18-09.01.20:508][  0]LogConfig: Applying CVar settings from Section [/Script/UnrealEd.CookerSettings] File [D:/Nathan/Unreal/hideAndSeek/Saved/Config/Windows/Engine.ini]
[2023.01.18-09.01.20:514][  0]LogConfig: Applying CVar settings from Section [ViewDistanceQuality@3] File [D:/Nathan/Unreal/hideAndSeek/Saved/Config/Windows/Scalability.ini]
[2023.01.18-09.01.20:514][  0]LogConfig: Setting CVar [[r.SkeletalMeshLODBias:0]]
[2023.01.18-09.01.20:514][  0]LogConfig: Setting CVar [[r.ViewDistanceScale:1.0]]
[2023.01.18-09.01.20:514][  0]LogConfig: Applying CVar settings from Section [AntiAliasingQuality@3] File [D:/Nathan/Unreal/hideAndSeek/Saved/Config/Windows/Scalability.ini]
[2023.01.18-09.01.20:514][  0]LogConfig: Setting CVar [[r.PostProcessAAQuality:4]]
[2023.01.18-09.01.20:514][  0]LogConfig: Applying CVar settings from Section [ShadowQuality@3] File [D:/Nathan/Unreal/hideAndSeek/Saved/Config/Windows/Scalability.ini]
[2023.01.18-09.01.20:514][  0]LogConfig: Setting CVar [[r.LightFunctionQuality:1]]
[2023.01.18-09.01.20:514][  0]LogConfig: Setting CVar [[r.ShadowQuality:5]]
[2023.01.18-09.01.20:514][  0]LogConfig: Setting CVar [[r.Shadow.CSM.MaxCascades:10]]
[2023.01.18-09.01.20:514][  0]LogConfig: Setting CVar [[r.Shadow.MaxResolution:2048]]
[2023.01.18-09.01.20:514][  0]LogConfig: Setting CVar [[r.Shadow.MaxCSMResolution:2048]]
[2023.01.18-09.01.20:514][  0]LogConfig: Setting CVar [[r.Shadow.RadiusThreshold:0.01]]
[2023.01.18-09.01.20:514][  0]LogConfig: Setting CVar [[r.Shadow.DistanceScale:1.0]]
[2023.01.18-09.01.20:514][  0]LogConfig: Setting CVar [[r.Shadow.CSM.TransitionScale:1.0]]
[2023.01.18-09.01.20:514][  0]LogConfig: Setting CVar [[r.Shadow.PreShadowResolutionFactor:1.0]]
[2023.01.18-09.01.20:514][  0]LogConfig: Setting CVar [[r.DistanceFieldShadowing:1]]
[2023.01.18-09.01.20:514][  0]LogConfig: Setting CVar [[r.DistanceFieldAO:1]]
[2023.01.18-09.01.20:514][  0]LogConfig: Setting CVar [[r.AOQuality:2]]
[2023.01.18-09.01.20:514][  0]LogConfig: Setting CVar [[r.VolumetricFog:1]]
[2023.01.18-09.01.20:514][  0]LogConfig: Setting CVar [[r.VolumetricFog.GridPixelSize:8]]
[2023.01.18-09.01.20:514][  0]LogConfig: Setting CVar [[r.VolumetricFog.GridSizeZ:128]]
[2023.01.18-09.01.20:514][  0]LogConfig: Setting CVar [[r.VolumetricFog.HistoryMissSupersampleCount:4]]
[2023.01.18-09.01.20:514][  0]LogConfig: Setting CVar [[r.LightMaxDrawDistanceScale:1]]
[2023.01.18-09.01.20:514][  0]LogConfig: Setting CVar [[r.CapsuleShadows:1]]
[2023.01.18-09.01.20:514][  0]LogConfig: Applying CVar settings from Section [PostProcessQuality@3] File [D:/Nathan/Unreal/hideAndSeek/Saved/Config/Windows/Scalability.ini]
[2023.01.18-09.01.20:514][  0]LogConfig: Setting CVar [[r.MotionBlurQuality:4]]
[2023.01.18-09.01.20:514][  0]LogConfig: Setting CVar [[r.AmbientOcclusionMipLevelFactor:0.4]]
[2023.01.18-09.01.20:514][  0]LogConfig: Setting CVar [[r.AmbientOcclusionMaxQuality:100]]
[2023.01.18-09.01.20:514][  0]LogConfig: Setting CVar [[r.AmbientOcclusionLevels:-1]]
[2023.01.18-09.01.20:514][  0]LogConfig: Setting CVar [[r.AmbientOcclusionRadiusScale:1.0]]
[2023.01.18-09.01.20:514][  0]LogConfig: Setting CVar [[r.DepthOfFieldQuality:2]]
[2023.01.18-09.01.20:514][  0]LogConfig: Setting CVar [[r.RenderTargetPoolMin:400]]
[2023.01.18-09.01.20:514][  0]LogConfig: Setting CVar [[r.LensFlareQuality:2]]
[2023.01.18-09.01.20:514][  0]LogConfig: Setting CVar [[r.SceneColorFringeQuality:1]]
[2023.01.18-09.01.20:514][  0]LogConfig: Setting CVar [[r.EyeAdaptationQuality:2]]
[2023.01.18-09.01.20:514][  0]LogConfig: Setting CVar [[r.BloomQuality:5]]
[2023.01.18-09.01.20:514][  0]LogConfig: Setting CVar [[r.FastBlurThreshold:100]]
[2023.01.18-09.01.20:514][  0]LogConfig: Setting CVar [[r.Upscale.Quality:3]]
[2023.01.18-09.01.20:514][  0]LogConfig: Setting CVar [[r.Tonemapper.GrainQuantization:1]]
[2023.01.18-09.01.20:514][  0]LogConfig: Setting CVar [[r.LightShaftQuality:1]]
[2023.01.18-09.01.20:514][  0]LogConfig: Setting CVar [[r.Filter.SizeScale:1]]
[2023.01.18-09.01.20:514][  0]LogConfig: Setting CVar [[r.Tonemapper.Quality:5]]
[2023.01.18-09.01.20:514][  0]LogConfig: Setting CVar [[r.DOF.Gather.AccumulatorQuality:1        ; higher gathering accumulator quality]]
[2023.01.18-09.01.20:514][  0]LogConfig: Setting CVar [[r.DOF.Gather.PostfilterMethod:1          ; Median3x3 postfilering method]]
[2023.01.18-09.01.20:514][  0]LogConfig: Setting CVar [[r.DOF.Gather.EnableBokehSettings:0       ; no bokeh simulation when gathering]]
[2023.01.18-09.01.20:514][  0]LogConfig: Setting CVar [[r.DOF.Gather.RingCount:4                 ; medium number of samples when gathering]]
[2023.01.18-09.01.20:514][  0]LogConfig: Setting CVar [[r.DOF.Scatter.ForegroundCompositing:1    ; additive foreground scattering]]
[2023.01.18-09.01.20:514][  0]LogConfig: Setting CVar [[r.DOF.Scatter.BackgroundCompositing:2    ; additive background scattering]]
[2023.01.18-09.01.20:514][  0]LogConfig: Setting CVar [[r.DOF.Scatter.EnableBokehSettings:1      ; bokeh simulation when scattering]]
[2023.01.18-09.01.20:514][  0]LogConfig: Setting CVar [[r.DOF.Scatter.MaxSpriteRatio:0.1         ; only a maximum of 10% of scattered bokeh]]
[2023.01.18-09.01.20:514][  0]LogConfig: Setting CVar [[r.DOF.Recombine.Quality:1                ; cheap slight out of focus]]
[2023.01.18-09.01.20:514][  0]LogConfig: Setting CVar [[r.DOF.Recombine.EnableBokehSettings:0    ; no bokeh simulation on slight out of focus]]
[2023.01.18-09.01.20:514][  0]LogConfig: Setting CVar [[r.DOF.TemporalAAQuality:1                ; more stable temporal accumulation]]
[2023.01.18-09.01.20:514][  0]LogConfig: Setting CVar [[r.DOF.Kernel.MaxForegroundRadius:0.025]]
[2023.01.18-09.01.20:514][  0]LogConfig: Setting CVar [[r.DOF.Kernel.MaxBackgroundRadius:0.025]]
[2023.01.18-09.01.20:514][  0]LogConfig: Applying CVar settings from Section [TextureQuality@3] File [D:/Nathan/Unreal/hideAndSeek/Saved/Config/Windows/Scalability.ini]
[2023.01.18-09.01.20:514][  0]LogConfig: Setting CVar [[r.Streaming.MipBias:0]]
[2023.01.18-09.01.20:515][  0]LogConfig: Setting CVar [[r.Streaming.AmortizeCPUToGPUCopy:0]]
[2023.01.18-09.01.20:515][  0]LogConfig: Setting CVar [[r.Streaming.MaxNumTexturesToStreamPerFrame:0]]
[2023.01.18-09.01.20:515][  0]LogConfig: Setting CVar [[r.Streaming.Boost:1]]
[2023.01.18-09.01.20:515][  0]LogConfig: Setting CVar [[r.MaxAnisotropy:8]]
[2023.01.18-09.01.20:515][  0]LogConfig: Setting CVar [[r.VT.MaxAnisotropy:8]]
[2023.01.18-09.01.20:515][  0]LogConfig: Setting CVar [[r.Streaming.LimitPoolSizeToVRAM:0]]
[2023.01.18-09.01.20:515][  0]LogConfig: Setting CVar [[r.Streaming.PoolSize:1000]]
[2023.01.18-09.01.20:515][  0]LogConfig: Setting CVar [[r.Streaming.MaxEffectiveScreenSize:0]]
[2023.01.18-09.01.20:515][  0]LogConfig: Applying CVar settings from Section [EffectsQuality@3] File [D:/Nathan/Unreal/hideAndSeek/Saved/Config/Windows/Scalability.ini]
[2023.01.18-09.01.20:515][  0]LogConfig: Setting CVar [[r.TranslucencyLightingVolumeDim:64]]
[2023.01.18-09.01.20:515][  0]LogConfig: Setting CVar [[r.RefractionQuality:2]]
[2023.01.18-09.01.20:515][  0]LogConfig: Setting CVar [[r.SSR.Quality:3]]
[2023.01.18-09.01.20:515][  0]LogConfig: Setting CVar [[r.SSR.HalfResSceneColor:0]]
[2023.01.18-09.01.20:515][  0]LogConfig: Setting CVar [[r.SceneColorFormat:4]]
[2023.01.18-09.01.20:515][  0]LogConfig: Setting CVar [[r.DetailMode:2]]
[2023.01.18-09.01.20:515][  0]LogConfig: Setting CVar [[r.TranslucencyVolumeBlur:1]]
[2023.01.18-09.01.20:515][  0]LogConfig: Setting CVar [[r.MaterialQualityLevel:1 ; High quality]]
[2023.01.18-09.01.20:515][  0]LogConfig: Setting CVar [[r.AnisotropicMaterials:1]]
[2023.01.18-09.01.20:515][  0]LogConfig: Setting CVar [[r.SSS.Scale:1]]
[2023.01.18-09.01.20:515][  0]LogConfig: Setting CVar [[r.SSS.SampleSet:2]]
[2023.01.18-09.01.20:515][  0]LogConfig: Setting CVar [[r.SSS.Quality:1]]
[2023.01.18-09.01.20:515][  0]LogConfig: Setting CVar [[r.SSS.HalfRes:0]]
[2023.01.18-09.01.20:515][  0]LogConfig: Setting CVar [[r.SSGI.Quality:3]]
[2023.01.18-09.01.20:515][  0]LogConfig: Setting CVar [[r.EmitterSpawnRateScale:1.0]]
[2023.01.18-09.01.20:515][  0]LogConfig: Setting CVar [[r.ParticleLightQuality:2]]
[2023.01.18-09.01.20:515][  0]LogConfig: Setting CVar [[r.SkyAtmosphere.AerialPerspectiveLUT.FastApplyOnOpaque:1 ; Always have FastSkyLUT 1 in this case to avoid wrong sky]]
[2023.01.18-09.01.20:515][  0]LogConfig: Setting CVar [[r.SkyAtmosphere.AerialPerspectiveLUT.SampleCountMaxPerSlice:4]]
[2023.01.18-09.01.20:515][  0]LogConfig: Setting CVar [[r.SkyAtmosphere.AerialPerspectiveLUT.DepthResolution:16.0]]
[2023.01.18-09.01.20:515][  0]LogConfig: Setting CVar [[r.SkyAtmosphere.FastSkyLUT:1]]
[2023.01.18-09.01.20:515][  0]LogConfig: Setting CVar [[r.SkyAtmosphere.FastSkyLUT.SampleCountMin:4.0]]
[2023.01.18-09.01.20:515][  0]LogConfig: Setting CVar [[r.SkyAtmosphere.FastSkyLUT.SampleCountMax:128.0]]
[2023.01.18-09.01.20:515][  0]LogConfig: Setting CVar [[r.SkyAtmosphere.SampleCountMin:4.0]]
[2023.01.18-09.01.20:515][  0]LogConfig: Setting CVar [[r.SkyAtmosphere.SampleCountMax:128.0]]
[2023.01.18-09.01.20:515][  0]LogConfig: Setting CVar [[r.SkyAtmosphere.TransmittanceLUT.UseSmallFormat:0]]
[2023.01.18-09.01.20:515][  0]LogConfig: Setting CVar [[r.SkyAtmosphere.TransmittanceLUT.SampleCount:10.0]]
[2023.01.18-09.01.20:515][  0]LogConfig: Setting CVar [[r.SkyAtmosphere.MultiScatteringLUT.SampleCount:15.0]]
[2023.01.18-09.01.20:515][  0]LogConfig: Setting CVar [[r.SkyLight.RealTimeReflectionCapture:1]]
[2023.01.18-09.01.20:515][  0]LogConfig: Applying CVar settings from Section [FoliageQuality@3] File [D:/Nathan/Unreal/hideAndSeek/Saved/Config/Windows/Scalability.ini]
[2023.01.18-09.01.20:515][  0]LogConfig: Setting CVar [[foliage.DensityScale:1.0]]
[2023.01.18-09.01.20:515][  0]LogConfig: Setting CVar [[grass.DensityScale:1.0]]
[2023.01.18-09.01.20:515][  0]LogConfig: Applying CVar settings from Section [ShadingQuality@3] File [D:/Nathan/Unreal/hideAndSeek/Saved/Config/Windows/Scalability.ini]
[2023.01.18-09.01.20:515][  0]LogConfig: Setting CVar [[r.HairStrands.SkyLighting.IntegrationType:2]]
[2023.01.18-09.01.20:515][  0]LogConfig: Setting CVar [[r.HairStrands.SkyAO.SampleCount:4]]
[2023.01.18-09.01.20:515][  0]LogConfig: Setting CVar [[r.HairStrands.Visibility.MSAA.SamplePerPixel:4]]
[2023.01.18-09.01.20:515][  0]LogInit: Selected Device Profile: [Windows]
[2023.01.18-09.01.20:515][  0]LogInit: Applying CVar settings loaded from the selected device profile: [Windows]
[2023.01.18-09.01.20:515][  0]LogHAL: Display: Platform has ~ 16 GB [16945225728 / 17179869184 / 16], which maps to Larger [LargestMinGB=32, LargerMinGB=12, DefaultMinGB=8, SmallerMinGB=6, SmallestMinGB=0)
[2023.01.18-09.01.20:515][  0]LogInit: Going up to parent DeviceProfile []
[2023.01.18-09.01.20:515][  0]LogConfig: Applying CVar settings from Section [ViewDistanceQuality@3] File [D:/Nathan/Unreal/hideAndSeek/Saved/Config/Windows/Scalability.ini]
[2023.01.18-09.01.20:515][  0]LogConfig: Setting CVar [[r.SkeletalMeshLODBias:0]]
[2023.01.18-09.01.20:515][  0]LogConfig: Setting CVar [[r.ViewDistanceScale:1.0]]
[2023.01.18-09.01.20:515][  0]LogConfig: Applying CVar settings from Section [AntiAliasingQuality@3] File [D:/Nathan/Unreal/hideAndSeek/Saved/Config/Windows/Scalability.ini]
[2023.01.18-09.01.20:515][  0]LogConfig: Setting CVar [[r.PostProcessAAQuality:4]]
[2023.01.18-09.01.20:515][  0]LogConfig: Applying CVar settings from Section [ShadowQuality@3] File [D:/Nathan/Unreal/hideAndSeek/Saved/Config/Windows/Scalability.ini]
[2023.01.18-09.01.20:515][  0]LogConfig: Setting CVar [[r.LightFunctionQuality:1]]
[2023.01.18-09.01.20:515][  0]LogConfig: Setting CVar [[r.ShadowQuality:5]]
[2023.01.18-09.01.20:515][  0]LogConfig: Setting CVar [[r.Shadow.CSM.MaxCascades:10]]
[2023.01.18-09.01.20:515][  0]LogConfig: Setting CVar [[r.Shadow.MaxResolution:2048]]
[2023.01.18-09.01.20:515][  0]LogConfig: Setting CVar [[r.Shadow.MaxCSMResolution:2048]]
[2023.01.18-09.01.20:515][  0]LogConfig: Setting CVar [[r.Shadow.RadiusThreshold:0.01]]
[2023.01.18-09.01.20:515][  0]LogConfig: Setting CVar [[r.Shadow.DistanceScale:1.0]]
[2023.01.18-09.01.20:515][  0]LogConfig: Setting CVar [[r.Shadow.CSM.TransitionScale:1.0]]
[2023.01.18-09.01.20:515][  0]LogConfig: Setting CVar [[r.Shadow.PreShadowResolutionFactor:1.0]]
[2023.01.18-09.01.20:515][  0]LogConfig: Setting CVar [[r.DistanceFieldShadowing:1]]
[2023.01.18-09.01.20:515][  0]LogConfig: Setting CVar [[r.DistanceFieldAO:1]]
[2023.01.18-09.01.20:515][  0]LogConfig: Setting CVar [[r.AOQuality:2]]
[2023.01.18-09.01.20:515][  0]LogConfig: Setting CVar [[r.VolumetricFog:1]]
[2023.01.18-09.01.20:515][  0]LogConfig: Setting CVar [[r.VolumetricFog.GridPixelSize:8]]
[2023.01.18-09.01.20:515][  0]LogConfig: Setting CVar [[r.VolumetricFog.GridSizeZ:128]]
[2023.01.18-09.01.20:515][  0]LogConfig: Setting CVar [[r.VolumetricFog.HistoryMissSupersampleCount:4]]
[2023.01.18-09.01.20:515][  0]LogConfig: Setting CVar [[r.LightMaxDrawDistanceScale:1]]
[2023.01.18-09.01.20:515][  0]LogConfig: Setting CVar [[r.CapsuleShadows:1]]
[2023.01.18-09.01.20:515][  0]LogConfig: Applying CVar settings from Section [PostProcessQuality@3] File [D:/Nathan/Unreal/hideAndSeek/Saved/Config/Windows/Scalability.ini]
[2023.01.18-09.01.20:515][  0]LogConfig: Setting CVar [[r.MotionBlurQuality:4]]
[2023.01.18-09.01.20:515][  0]LogConfig: Setting CVar [[r.AmbientOcclusionMipLevelFactor:0.4]]
[2023.01.18-09.01.20:515][  0]LogConfig: Setting CVar [[r.AmbientOcclusionMaxQuality:100]]
[2023.01.18-09.01.20:515][  0]LogConfig: Setting CVar [[r.AmbientOcclusionLevels:-1]]
[2023.01.18-09.01.20:515][  0]LogConfig: Setting CVar [[r.AmbientOcclusionRadiusScale:1.0]]
[2023.01.18-09.01.20:515][  0]LogConfig: Setting CVar [[r.DepthOfFieldQuality:2]]
[2023.01.18-09.01.20:515][  0]LogConfig: Setting CVar [[r.RenderTargetPoolMin:400]]
[2023.01.18-09.01.20:515][  0]LogConfig: Setting CVar [[r.LensFlareQuality:2]]
[2023.01.18-09.01.20:515][  0]LogConfig: Setting CVar [[r.SceneColorFringeQuality:1]]
[2023.01.18-09.01.20:515][  0]LogConfig: Setting CVar [[r.EyeAdaptationQuality:2]]
[2023.01.18-09.01.20:515][  0]LogConfig: Setting CVar [[r.BloomQuality:5]]
[2023.01.18-09.01.20:515][  0]LogConfig: Setting CVar [[r.FastBlurThreshold:100]]
[2023.01.18-09.01.20:515][  0]LogConfig: Setting CVar [[r.Upscale.Quality:3]]
[2023.01.18-09.01.20:515][  0]LogConfig: Setting CVar [[r.Tonemapper.GrainQuantization:1]]
[2023.01.18-09.01.20:515][  0]LogConfig: Setting CVar [[r.LightShaftQuality:1]]
[2023.01.18-09.01.20:515][  0]LogConfig: Setting CVar [[r.Filter.SizeScale:1]]
[2023.01.18-09.01.20:515][  0]LogConfig: Setting CVar [[r.Tonemapper.Quality:5]]
[2023.01.18-09.01.20:515][  0]LogConfig: Setting CVar [[r.DOF.Gather.AccumulatorQuality:1        ; higher gathering accumulator quality]]
[2023.01.18-09.01.20:515][  0]LogConfig: Setting CVar [[r.DOF.Gather.PostfilterMethod:1          ; Median3x3 postfilering method]]
[2023.01.18-09.01.20:515][  0]LogConfig: Setting CVar [[r.DOF.Gather.EnableBokehSettings:0       ; no bokeh simulation when gathering]]
[2023.01.18-09.01.20:515][  0]LogConfig: Setting CVar [[r.DOF.Gather.RingCount:4                 ; medium number of samples when gathering]]
[2023.01.18-09.01.20:515][  0]LogConfig: Setting CVar [[r.DOF.Scatter.ForegroundCompositing:1    ; additive foreground scattering]]
[2023.01.18-09.01.20:515][  0]LogConfig: Setting CVar [[r.DOF.Scatter.BackgroundCompositing:2    ; additive background scattering]]
[2023.01.18-09.01.20:515][  0]LogConfig: Setting CVar [[r.DOF.Scatter.EnableBokehSettings:1      ; bokeh simulation when scattering]]
[2023.01.18-09.01.20:515][  0]LogConfig: Setting CVar [[r.DOF.Scatter.MaxSpriteRatio:0.1         ; only a maximum of 10% of scattered bokeh]]
[2023.01.18-09.01.20:515][  0]LogConfig: Setting CVar [[r.DOF.Recombine.Quality:1                ; cheap slight out of focus]]
[2023.01.18-09.01.20:515][  0]LogConfig: Setting CVar [[r.DOF.Recombine.EnableBokehSettings:0    ; no bokeh simulation on slight out of focus]]
[2023.01.18-09.01.20:515][  0]LogConfig: Setting CVar [[r.DOF.TemporalAAQuality:1                ; more stable temporal accumulation]]
[2023.01.18-09.01.20:515][  0]LogConfig: Setting CVar [[r.DOF.Kernel.MaxForegroundRadius:0.025]]
[2023.01.18-09.01.20:515][  0]LogConfig: Setting CVar [[r.DOF.Kernel.MaxBackgroundRadius:0.025]]
[2023.01.18-09.01.20:515][  0]LogConfig: Applying CVar settings from Section [TextureQuality@3] File [D:/Nathan/Unreal/hideAndSeek/Saved/Config/Windows/Scalability.ini]
[2023.01.18-09.01.20:515][  0]LogConfig: Setting CVar [[r.Streaming.MipBias:0]]
[2023.01.18-09.01.20:515][  0]LogConfig: Setting CVar [[r.Streaming.AmortizeCPUToGPUCopy:0]]
[2023.01.18-09.01.20:515][  0]LogConfig: Setting CVar [[r.Streaming.MaxNumTexturesToStreamPerFrame:0]]
[2023.01.18-09.01.20:515][  0]LogConfig: Setting CVar [[r.Streaming.Boost:1]]
[2023.01.18-09.01.20:515][  0]LogConfig: Setting CVar [[r.MaxAnisotropy:8]]
[2023.01.18-09.01.20:515][  0]LogConfig: Setting CVar [[r.VT.MaxAnisotropy:8]]
[2023.01.18-09.01.20:515][  0]LogConfig: Setting CVar [[r.Streaming.LimitPoolSizeToVRAM:0]]
[2023.01.18-09.01.20:515][  0]LogConfig: Setting CVar [[r.Streaming.PoolSize:1000]]
[2023.01.18-09.01.20:515][  0]LogConfig: Setting CVar [[r.Streaming.MaxEffectiveScreenSize:0]]
[2023.01.18-09.01.20:515][  0]LogConfig: Applying CVar settings from Section [EffectsQuality@3] File [D:/Nathan/Unreal/hideAndSeek/Saved/Config/Windows/Scalability.ini]
[2023.01.18-09.01.20:515][  0]LogConfig: Setting CVar [[r.TranslucencyLightingVolumeDim:64]]
[2023.01.18-09.01.20:515][  0]LogConfig: Setting CVar [[r.RefractionQuality:2]]
[2023.01.18-09.01.20:515][  0]LogConfig: Setting CVar [[r.SSR.Quality:3]]
[2023.01.18-09.01.20:515][  0]LogConfig: Setting CVar [[r.SSR.HalfResSceneColor:0]]
[2023.01.18-09.01.20:515][  0]LogConfig: Setting CVar [[r.SceneColorFormat:4]]
[2023.01.18-09.01.20:515][  0]LogConfig: Setting CVar [[r.DetailMode:2]]
[2023.01.18-09.01.20:515][  0]LogConfig: Setting CVar [[r.TranslucencyVolumeBlur:1]]
[2023.01.18-09.01.20:515][  0]LogConfig: Setting CVar [[r.MaterialQualityLevel:1 ; High quality]]
[2023.01.18-09.01.20:515][  0]LogConfig: Setting CVar [[r.AnisotropicMaterials:1]]
[2023.01.18-09.01.20:515][  0]LogConfig: Setting CVar [[r.SSS.Scale:1]]
[2023.01.18-09.01.20:515][  0]LogConfig: Setting CVar [[r.SSS.SampleSet:2]]
[2023.01.18-09.01.20:515][  0]LogConfig: Setting CVar [[r.SSS.Quality:1]]
[2023.01.18-09.01.20:515][  0]LogConfig: Setting CVar [[r.SSS.HalfRes:0]]
[2023.01.18-09.01.20:515][  0]LogConfig: Setting CVar [[r.SSGI.Quality:3]]
[2023.01.18-09.01.20:515][  0]LogConfig: Setting CVar [[r.EmitterSpawnRateScale:1.0]]
[2023.01.18-09.01.20:515][  0]LogConfig: Setting CVar [[r.ParticleLightQuality:2]]
[2023.01.18-09.01.20:515][  0]LogConfig: Setting CVar [[r.SkyAtmosphere.AerialPerspectiveLUT.FastApplyOnOpaque:1 ; Always have FastSkyLUT 1 in this case to avoid wrong sky]]
[2023.01.18-09.01.20:516][  0]LogConfig: Setting CVar [[r.SkyAtmosphere.AerialPerspectiveLUT.SampleCountMaxPerSlice:4]]
[2023.01.18-09.01.20:516][  0]LogConfig: Setting CVar [[r.SkyAtmosphere.AerialPerspectiveLUT.DepthResolution:16.0]]
[2023.01.18-09.01.20:516][  0]LogConfig: Setting CVar [[r.SkyAtmosphere.FastSkyLUT:1]]
[2023.01.18-09.01.20:516][  0]LogConfig: Setting CVar [[r.SkyAtmosphere.FastSkyLUT.SampleCountMin:4.0]]
[2023.01.18-09.01.20:516][  0]LogConfig: Setting CVar [[r.SkyAtmosphere.FastSkyLUT.SampleCountMax:128.0]]
[2023.01.18-09.01.20:516][  0]LogConfig: Setting CVar [[r.SkyAtmosphere.SampleCountMin:4.0]]
[2023.01.18-09.01.20:516][  0]LogConfig: Setting CVar [[r.SkyAtmosphere.SampleCountMax:128.0]]
[2023.01.18-09.01.20:516][  0]LogConfig: Setting CVar [[r.SkyAtmosphere.TransmittanceLUT.UseSmallFormat:0]]
[2023.01.18-09.01.20:516][  0]LogConfig: Setting CVar [[r.SkyAtmosphere.TransmittanceLUT.SampleCount:10.0]]
[2023.01.18-09.01.20:516][  0]LogConfig: Setting CVar [[r.SkyAtmosphere.MultiScatteringLUT.SampleCount:15.0]]
[2023.01.18-09.01.20:516][  0]LogConfig: Setting CVar [[r.SkyLight.RealTimeReflectionCapture:1]]
[2023.01.18-09.01.20:516][  0]LogConfig: Applying CVar settings from Section [FoliageQuality@3] File [D:/Nathan/Unreal/hideAndSeek/Saved/Config/Windows/Scalability.ini]
[2023.01.18-09.01.20:516][  0]LogConfig: Setting CVar [[foliage.DensityScale:1.0]]
[2023.01.18-09.01.20:516][  0]LogConfig: Setting CVar [[grass.DensityScale:1.0]]
[2023.01.18-09.01.20:516][  0]LogConfig: Applying CVar settings from Section [ShadingQuality@3] File [D:/Nathan/Unreal/hideAndSeek/Saved/Config/Windows/Scalability.ini]
[2023.01.18-09.01.20:516][  0]LogConfig: Setting CVar [[r.HairStrands.SkyLighting.IntegrationType:2]]
[2023.01.18-09.01.20:516][  0]LogConfig: Setting CVar [[r.HairStrands.SkyAO.SampleCount:4]]
[2023.01.18-09.01.20:516][  0]LogConfig: Setting CVar [[r.HairStrands.Visibility.MSAA.SamplePerPixel:4]]
[2023.01.18-09.01.20:516][  0]LogConfig: Applying CVar settings from Section [Startup] File [../../../Engine/Config/ConsoleVariables.ini]
[2023.01.18-09.01.20:516][  0]LogConfig: Setting CVar [[net.UseAdaptiveNetUpdateFrequency:0]]
[2023.01.18-09.01.20:516][  0]LogConfig: Setting CVar [[p.chaos.AllowCreatePhysxBodies:1]]
[2023.01.18-09.01.20:516][  0]LogConfig: Setting CVar [[fx.SkipVectorVMBackendOptimizations:1]]
[2023.01.18-09.01.20:516][  0]LogConfig: Applying CVar settings from Section [ConsoleVariables] File [D:/Nathan/Unreal/hideAndSeek/Saved/Config/Windows/Engine.ini]
[2023.01.18-09.01.20:516][  0]LogConfig: Applying CVar settings from Section [ConsoleVariables] File [D:/Nathan/Unreal/hideAndSeek/Saved/Config/Windows/Editor.ini]
[2023.01.18-09.01.20:516][  0]LogInit: Computer: RNSS20602
[2023.01.18-09.01.20:516][  0]LogInit: User: npoisson
[2023.01.18-09.01.20:516][  0]LogInit: CPU Page size=4096, Cores=8
[2023.01.18-09.01.20:516][  0]LogInit: High frequency timer resolution =10.000000 MHz
[2023.01.18-09.01.20:516][  0]LogMemory: Memory total: Physical=15.8GB (16GB approx)
[2023.01.18-09.01.20:516][  0]LogMemory: Platform Memory Stats for Windows
[2023.01.18-09.01.20:516][  0]LogMemory: Process Physical Memory: 149.18 MB used, 149.19 MB peak
[2023.01.18-09.01.20:516][  0]LogMemory: Process Virtual Memory: 133.32 MB used, 133.32 MB peak
[2023.01.18-09.01.20:516][  0]LogMemory: Physical Memory: 6895.79 MB used,  9264.44 MB free, 16160.23 MB total
[2023.01.18-09.01.20:516][  0]LogMemory: Virtual Memory: 134210528.00 MB used,  7199.56 MB free, 134217728.00 MB total
[2023.01.18-09.01.20:519][  0]LogWindows: WindowsPlatformFeatures enabled
[2023.01.18-09.01.20:530][  0]LogInit: Physics initialised using underlying interface: PhysX
[2023.01.18-09.01.20:531][  0]LogInit: Using OS detected language (fr-FR).
[2023.01.18-09.01.20:531][  0]LogInit: Using OS detected locale (fr-FR).
[2023.01.18-09.01.20:532][  0]LogTextLocalizationManager: No specific localization for 'fr-FR' exists, so the 'fr' localization will be used.
[2023.01.18-09.01.20:532][  0]LogTextLocalizationResource: LocRes '../../../Engine/Content/Localization/Editor/fr/Editor.locres' could not be opened for reading!
[2023.01.18-09.01.20:532][  0]LogTextLocalizationResource: LocRes '../../../Engine/Content/Localization/EditorTutorials/fr/EditorTutorials.locres' could not be opened for reading!
[2023.01.18-09.01.20:532][  0]LogTextLocalizationResource: LocRes '../../../Engine/Content/Localization/Keywords/fr/Keywords.locres' could not be opened for reading!
[2023.01.18-09.01.20:532][  0]LogTextLocalizationResource: LocRes '../../../Engine/Content/Localization/Category/fr/Category.locres' could not be opened for reading!
[2023.01.18-09.01.20:532][  0]LogTextLocalizationResource: LocRes '../../../Engine/Content/Localization/ToolTips/fr/ToolTips.locres' could not be opened for reading!
[2023.01.18-09.01.20:532][  0]LogTextLocalizationResource: LocRes '../../../Engine/Content/Localization/PropertyNames/fr/PropertyNames.locres' could not be opened for reading!
[2023.01.18-09.01.20:533][  0]LogTextLocalizationResource: LocRes '../../../Engine/Content/Localization/Engine/fr/Engine.locres' could not be opened for reading!
[2023.01.18-09.01.20:533][  0]LogInit: Setting process to per monitor DPI aware
[2023.01.18-09.01.20:541][  0]LogWindowsTextInputMethodSystem: Display: IME system deactivated.
[2023.01.18-09.01.20:551][  0]LogSlate: New Slate User Created.  User Index 0, Is Virtual User: 0
[2023.01.18-09.01.20:552][  0]LogSlate: Slate User Registered.  User Index 0, Is Virtual User: 0
[2023.01.18-09.01.20:621][  0]LogD3D11RHI: Loaded GFSDK_Aftermath_Lib.x64.dll
[2023.01.18-09.01.20:623][  0]LogHMD: Failed to initialize OpenVR with code 110
[2023.01.18-09.01.20:623][  0]LogD3D11RHI: D3D11 min allowed feature level: 11_0
[2023.01.18-09.01.20:623][  0]LogD3D11RHI: D3D11 max allowed feature level: 11_0
[2023.01.18-09.01.20:623][  0]LogD3D11RHI: D3D11 adapters:
[2023.01.18-09.01.20:699][  0]LogD3D11RHI:    0. 'NVIDIA GeForce RTX 3070' (Feature Level 11_0)
[2023.01.18-09.01.20:699][  0]LogD3D11RHI:       8043/0/8080 MB DedicatedVideo/DedicatedSystem/SharedSystem, Outputs:1, VendorId:0x10de
[2023.01.18-09.01.20:745][  0]LogD3D11RHI:    1. 'Intel(R) UHD Graphics 750' (Feature Level 11_0)
[2023.01.18-09.01.20:745][  0]LogD3D11RHI:       128/0/8080 MB DedicatedVideo/DedicatedSystem/SharedSystem, Outputs:0, VendorId:0x8086
[2023.01.18-09.01.20:747][  0]LogD3D11RHI:    2. 'Microsoft Basic Render Driver' (Feature Level 11_0)
[2023.01.18-09.01.20:747][  0]LogD3D11RHI:       0/0/8080 MB DedicatedVideo/DedicatedSystem/SharedSystem, Outputs:0, VendorId:0x1414
[2023.01.18-09.01.20:747][  0]LogD3D11RHI: Chosen D3D11 Adapter:
[2023.01.18-09.01.20:747][  0]LogD3D11RHI:     Description : NVIDIA GeForce RTX 3070
[2023.01.18-09.01.20:747][  0]LogD3D11RHI:     VendorId    : 10de
[2023.01.18-09.01.20:747][  0]LogD3D11RHI:     DeviceId    : 2484
[2023.01.18-09.01.20:747][  0]LogD3D11RHI:     SubSysId    : 88dc103c
[2023.01.18-09.01.20:747][  0]LogD3D11RHI:     Revision    : 00a1
[2023.01.18-09.01.20:747][  0]LogD3D11RHI:     DedicatedVideoMemory : 8433696768 bytes
[2023.01.18-09.01.20:747][  0]LogD3D11RHI:     DedicatedSystemMemory : 0 bytes
[2023.01.18-09.01.20:747][  0]LogD3D11RHI:     SharedSystemMemory : 8472612864 bytes
[2023.01.18-09.01.20:747][  0]LogD3D11RHI:     AdapterLuid : 0 57609
[2023.01.18-09.01.20:751][  0]LogD3D11RHI: Creating new Direct3DDevice
[2023.01.18-09.01.20:751][  0]LogD3D11RHI:     GPU DeviceId: 0x2484 (for the marketing name, search the web for "GPU Device Id")
[2023.01.18-09.01.20:751][  0]LogWindows: EnumDisplayDevices:
[2023.01.18-09.01.20:751][  0]LogWindows:    0. 'NVIDIA GeForce RTX 3070' (P:1 D:1)
[2023.01.18-09.01.20:752][  0]LogWindows:    1. 'NVIDIA GeForce RTX 3070' (P:0 D:0)
[2023.01.18-09.01.20:752][  0]LogWindows:    2. 'NVIDIA GeForce RTX 3070' (P:0 D:0)
[2023.01.18-09.01.20:752][  0]LogWindows:    3. 'NVIDIA GeForce RTX 3070' (P:0 D:0)
[2023.01.18-09.01.20:752][  0]LogWindows:    4. 'Intel(R) UHD Graphics 750' (P:0 D:0)
[2023.01.18-09.01.20:752][  0]LogWindows:    5. 'Intel(R) UHD Graphics 750' (P:0 D:0)
[2023.01.18-09.01.20:752][  0]LogWindows:    6. 'Intel(R) UHD Graphics 750' (P:0 D:0)
[2023.01.18-09.01.20:752][  0]LogWindows: DebugString: PrimaryIsNotTheChoosenAdapter PrimaryIsNotTheChoosenAdapter PrimaryIsNotTheChoosenAdapter FoundDriverCount:4 
[2023.01.18-09.01.20:752][  0]LogD3D11RHI:     Adapter Name: NVIDIA GeForce RTX 3070
[2023.01.18-09.01.20:752][  0]LogD3D11RHI:   Driver Version: 472.91 (internal:30.0.14.7291, unified:472.91)
[2023.01.18-09.01.20:752][  0]LogD3D11RHI:      Driver Date: 12-13-2021
[2023.01.18-09.01.20:752][  0]LogRHI: Texture pool is 5630 MB (70% of 8043 MB)
[2023.01.18-09.01.20:752][  0]LogD3D11RHI: Creating D3DDevice using adapter:
[2023.01.18-09.01.20:752][  0]LogD3D11RHI:     Description : NVIDIA GeForce RTX 3070
[2023.01.18-09.01.20:752][  0]LogD3D11RHI:     VendorId    : 10de
[2023.01.18-09.01.20:752][  0]LogD3D11RHI:     DeviceId    : 2484
[2023.01.18-09.01.20:752][  0]LogD3D11RHI:     SubSysId    : 88dc103c
[2023.01.18-09.01.20:752][  0]LogD3D11RHI:     Revision    : 00a1
[2023.01.18-09.01.20:752][  0]LogD3D11RHI:     DedicatedVideoMemory : 8433696768 bytes
[2023.01.18-09.01.20:752][  0]LogD3D11RHI:     DedicatedSystemMemory : 0 bytes
[2023.01.18-09.01.20:752][  0]LogD3D11RHI:     SharedSystemMemory : 8472612864 bytes
[2023.01.18-09.01.20:752][  0]LogD3D11RHI:     AdapterLuid : 0 57609
[2023.01.18-09.01.20:808][  0]LogD3D11RHI: RHI has support for 64 bit atomics
[2023.01.18-09.01.20:808][  0]LogD3D11RHI: Async texture creation enabled
[2023.01.18-09.01.20:808][  0]LogD3D11RHI: Array index from any shader is supported
[2023.01.18-09.01.20:809][  0]LogD3D11RHI: HDR output is supported on display 0 (NvId: 0x80061083).
[2023.01.18-09.01.20:821][  0]LogD3D11RHI: GPU Timing Frequency: 1000.000000 (Debug: 2 1)
[2023.01.18-09.01.20:835][  0]LogRHI: GeForceNow SDK initialized: 1
[2023.01.18-09.01.21:038][  0]LogTargetPlatformManager: Display: Loaded TargetPlatform 'AllDesktop'
[2023.01.18-09.01.21:051][  0]LogTargetPlatformManager: Display: Loaded TargetPlatform 'Android'
[2023.01.18-09.01.21:051][  0]LogTargetPlatformManager: Display: Loaded TargetPlatform 'Android_ASTC'
[2023.01.18-09.01.21:051][  0]LogTargetPlatformManager: Display: Loaded TargetPlatform 'Android_DXT'
[2023.01.18-09.01.21:051][  0]LogTargetPlatformManager: Display: Loaded TargetPlatform 'Android_ETC2'
[2023.01.18-09.01.21:051][  0]LogTargetPlatformManager: Display: Loaded TargetPlatform 'AndroidClient'
[2023.01.18-09.01.21:051][  0]LogTargetPlatformManager: Display: Loaded TargetPlatform 'Android_ASTCClient'
[2023.01.18-09.01.21:051][  0]LogTargetPlatformManager: Display: Loaded TargetPlatform 'Android_DXTClient'
[2023.01.18-09.01.21:052][  0]LogTargetPlatformManager: Display: Loaded TargetPlatform 'Android_ETC2Client'
[2023.01.18-09.01.21:052][  0]LogTargetPlatformManager: Display: Loaded TargetPlatform 'Android_Multi'
[2023.01.18-09.01.21:052][  0]LogTargetPlatformManager: Display: Loaded TargetPlatform 'Android_MultiClient'
[2023.01.18-09.01.21:063][  0]LogTargetPlatformManager: Display: Loaded TargetPlatform 'IOSClient'
[2023.01.18-09.01.21:063][  0]LogTargetPlatformManager: Display: Loaded TargetPlatform 'IOS'
[2023.01.18-09.01.21:068][  0]LogTargetPlatformManager: Display: Loaded TargetPlatform 'Linux'
[2023.01.18-09.01.21:071][  0]LogTargetPlatformManager: Display: Loaded TargetPlatform 'LinuxNoEditor'
[2023.01.18-09.01.21:073][  0]LogTargetPlatformManager: Display: Loaded TargetPlatform 'LinuxClient'
[2023.01.18-09.01.21:076][  0]LogTargetPlatformManager: Display: Loaded TargetPlatform 'LinuxServer'
[2023.01.18-09.01.21:082][  0]LogTargetPlatformManager: Display: Loaded TargetPlatform 'LinuxAArch64NoEditor'
[2023.01.18-09.01.21:084][  0]LogTargetPlatformManager: Display: Loaded TargetPlatform 'LinuxAArch64Client'
[2023.01.18-09.01.21:087][  0]LogTargetPlatformManager: Display: Loaded TargetPlatform 'LinuxAArch64Server'
[2023.01.18-09.01.21:100][  0]LogTargetPlatformManager: Display: Loaded TargetPlatform 'Lumin'
[2023.01.18-09.01.21:100][  0]LogTargetPlatformManager: Display: Loaded TargetPlatform 'LuminClient'
[2023.01.18-09.01.21:105][  0]LogTargetPlatformManager: Display: Loaded TargetPlatform 'MacNoEditor'
[2023.01.18-09.01.21:108][  0]LogTargetPlatformManager: Display: Loaded TargetPlatform 'Mac'
[2023.01.18-09.01.21:111][  0]LogTargetPlatformManager: Display: Loaded TargetPlatform 'MacClient'
[2023.01.18-09.01.21:113][  0]LogTargetPlatformManager: Display: Loaded TargetPlatform 'MacServer'
[2023.01.18-09.01.21:119][  0]LogTargetPlatformManager: Display: Loaded TargetPlatform 'TVOSClient'
[2023.01.18-09.01.21:119][  0]LogTargetPlatformManager: Display: Loaded TargetPlatform 'TVOS'
[2023.01.18-09.01.21:124][  0]LogTargetPlatformManager: Display: Loaded TargetPlatform 'WindowsNoEditor'
[2023.01.18-09.01.21:127][  0]LogTargetPlatformManager: Display: Loaded TargetPlatform 'Windows'
[2023.01.18-09.01.21:129][  0]LogTargetPlatformManager: Display: Loaded TargetPlatform 'WindowsClient'
[2023.01.18-09.01.21:132][  0]LogTargetPlatformManager: Display: Loaded TargetPlatform 'WindowsServer'
[2023.01.18-09.01.21:132][  0]LogTargetPlatformManager: Display: Building Assets For Windows
[2023.01.18-09.01.21:136][  0]LogAudioDebug: Display: Lib vorbis DLL was dynamically loaded.
[2023.01.18-09.01.21:152][  0]LogTextureFormatOodle: Display: Oodle Texture 2.9.0 init RDO Off
[2023.01.18-09.01.21:170][  0]LogRendererCore: Ray tracing is disabled. Reason: r.RayTracing=0.
[2023.01.18-09.01.21:170][  0]LogShaderCompilers: Guid format shader working directory is 12 characters bigger than the processId version (../../../../Nathan/Unreal/hideAndSeek/Intermediate/Shaders/WorkingDirectory/19404/).
[2023.01.18-09.01.21:170][  0]LogShaderCompilers: Cleaned the shader compiler working directory 'C:/Users/n.poisson/AppData/Local/Temp/UnrealShaderWorkingDir/F0BC0BEC42FF1654D1BCA6AFE2E368F7/'.
[2023.01.18-09.01.21:170][  0]LogXGEController: Cannot use XGE Controller as Incredibuild is not installed on this machine.
[2023.01.18-09.01.21:170][  0]LogShaderCompilers: Cannot use XGE Shader Compiler as Incredibuild is not installed on this machine.
[2023.01.18-09.01.21:170][  0]LogShaderCompilers: Display: Using Local Shader Compiler.
[2023.01.18-09.01.21:691][  0]LogDerivedDataCache: Display: Max Cache Size: 512 MB
[2023.01.18-09.01.21:739][  0]LogDerivedDataCache: Loaded boot cache 0.05s 94MB C:/Users/n.poisson/AppData/Local/UnrealEngine/4.27/DerivedDataCache/Boot.ddc.
[2023.01.18-09.01.21:739][  0]LogDerivedDataCache: Display: Loaded Boot cache: C:/Users/n.poisson/AppData/Local/UnrealEngine/4.27/DerivedDataCache/Boot.ddc
[2023.01.18-09.01.21:739][  0]LogDerivedDataCache: FDerivedDataBackendGraph:  Pak pak cache file ../../../../Nathan/Unreal/hideAndSeek/DerivedDataCache/DDC.ddp not found, will not use a pak cache.
[2023.01.18-09.01.21:739][  0]LogDerivedDataCache: Unable to find inner node Pak for hierarchical cache Hierarchy.
[2023.01.18-09.01.21:739][  0]LogDerivedDataCache: FDerivedDataBackendGraph:  CompressedPak pak cache file ../../../../Nathan/Unreal/hideAndSeek/DerivedDataCache/Compressed.ddp not found, will not use a pak cache.
[2023.01.18-09.01.21:739][  0]LogDerivedDataCache: Unable to find inner node CompressedPak for hierarchical cache Hierarchy.
[2023.01.18-09.01.21:752][  0]LogDerivedDataCache: Display: Pak cache opened for reading ../../../Engine/DerivedDataCache/Compressed.ddp.
[2023.01.18-09.01.21:752][  0]LogDerivedDataCache: FDerivedDataBackendGraph:  EnterprisePak pak cache file ../../../Enterprise/DerivedDataCache/Compressed.ddp not found, will not use a pak cache.
[2023.01.18-09.01.21:752][  0]LogDerivedDataCache: Unable to find inner node EnterprisePak for hierarchical cache Hierarchy.
[2023.01.18-09.01.21:765][  0]LogDerivedDataCache: Speed tests for C:/Users/n.poisson/AppData/Local/UnrealEngine/Common/DerivedDataCache took 0.01 seconds
[2023.01.18-09.01.21:765][  0]LogDerivedDataCache: Display: Performance to C:/Users/n.poisson/AppData/Local/UnrealEngine/Common/DerivedDataCache: Latency=0.00ms. RandomReadSpeed=2208.28MBs, RandomWriteSpeed=75.65MBs. Assigned SpeedClass 'Local'
[2023.01.18-09.01.21:765][  0]LogDerivedDataCache: Using Local data cache path C:/Users/n.poisson/AppData/Local/UnrealEngine/Common/DerivedDataCache: Writable
[2023.01.18-09.01.21:766][  0]LogDerivedDataCache: Shared data cache path not found in *engine.ini, will not use an Shared cache.
[2023.01.18-09.01.21:766][  0]LogDerivedDataCache: Unable to find inner node Shared for hierarchical cache Hierarchy.
[2023.01.18-09.01.21:798][  0]LogSlate: Using FreeType 2.10.0
[2023.01.18-09.01.21:798][  0]LogSlate: SlateFontServices - WITH_FREETYPE: 1, WITH_HARFBUZZ: 1
[2023.01.18-09.01.21:814][  0]LogAssetRegistry: FAssetRegistry took 0.0020 seconds to start up
[2023.01.18-09.01.21:969][  0]LogInit: Selected Device Profile: [Windows]
[2023.01.18-09.01.21:969][  0]LogInit: Active device profile: [00000247F9E02E00][00000247F6402580 49] Windows
[2023.01.18-09.01.21:969][  0]LogInit: Profiles: [00000247F9E02E00][00000247F6402580 49] Windows, [00000247F9D9D400][00000247E0A8E6C0 49] WindowsNoEditor, [00000247F9E01400][00000247E0A96840 49] WindowsServer, [00000247F9D9E600][00000247E0A9A9C0 49] WindowsClient, [00000247F9E02500][00000247E0A9EB40 49] IOS, [00000247F9D9DD00][00000247E0AA2CC0 49] iPadAir, [00000247F9E01C00][00000247E0AA6E40 49] iPadAir2, [00000247F9D5B500][00000247E0AAF100 49] IPadPro, [00000247F9D5B600][00000247E0AAB140 49] iPadAir3, [00000247F9E03200][00000247E0AB32C0 49] iPadAir4, [00000247F9D59900][00000247E0AB7440 49] iPadMini2, [00000247F9E02B00][00000247E0ABB5C0 49] iPadMini3, [00000247F9D5B900][00000247F7D59740 49] iPadMini4, [00000247F9E00100][00000247F7D5D8C0 49] iPadMini5, [00000247F9D9AE00][00000247F7D65B80 49] iPhone6, [00000247F9D9AF00][00000247F7D61BC0 49] iPodTouch6, [00000247F9D58A00][00000247F7D6C300 49] iPhone7, [00000247F9D58900][00000247F7D68340 49] iPodTouch7, [00000247F9D99800][00000247F7D704C0 49] iPhone5S, [00000247F9D5AE00][00000247E0A92600 49] iPhone6Plus, [00000247F9D9A100][00000247F7D74740 49] iPhone6S, [00000247F9D5A100][00000247F7D78880 49] iPhone6SPlus, [00000247F9D99500][00000247F7D7C9C0 49] iPhone7Plus, [00000247F9D5B700][00000247F7D84B40 49] iPhoneSE, [00000247F9D99A00][00000247F7D88CC0 49] iPhone8, [00000247F9D5AC00][00000247F7D8CE40 49] iPhone8Plus, [00000247F9D9A000][00000247F7D90FC0 49] iPhoneX, [00000247F9D5A700][00000247F7D95140 49] iPhoneXS, [00000247F9D9B200][00000247F7D992C0 49] iPhoneXSMax, [00000247F9D5A200][00000247F7D9D440 49] iPhoneXR, [00000247F9D9A700][00000247F90E55C0 49] iPhone11, [00000247F9D58500][00000247F90E9740 49] iPhone11Pro, [00000247F9D9A600][00000247F90ED8C0 49] iPhone11ProMax, [00000247F9D58200][00000247F90F1A40 49] iPhoneSE2, [00000247F9D99B00][00000247F90F5BC0 49] iPhone12Mini, [00000247F9D5BF00][00000247F90F81C0 49] iPhone12, [00000247F9D9A400][00000247F90FC340 49] iPhone12Pro, [00000247F9D59000][00000247F91004C0 49] iPhone12ProMax, [00000247F9D9B800][00000247F9104640 49] iPadPro105, [00000247F9D5AA00][00000247F7D80780 49] iPadPro129, [00000247F9D98B00][00000247F91088C0 49] iPadPro97, [00000247F9D5BA00][00000247F910CA00 49] iPadPro2_129, [00000247F9D9BD00][00000247F9110B40 49] iPad5, [00000247F9D5BD00][00000247F9118CC0 49] iPad6, [00000247F9D9A200][00000247F911CE40 49] iPad7, [00000247F9D58800][00000247F9120FC0 49] iPad8, [00000247F9D9AC00][00000247F9125140 49] iPadPro11, [00000247F9D5BB00][00000247F91292C0 49] iPadPro2_11, [00000247F9D9B500][00000247F912D440 49] iPadPro3_129, [00000247F9D58E00][00000247F91315C0 49] iPadPro4_129, [00000247F9D9A300][00000247F9135740 49] AppleTV, [00000247F9D5A800][00000247F91398C0 49] AppleTV4K, [00000247F9D9F600][00000247F913DA40 49] TVOS, [00000247F9E41100][00000247F9141BC0 49] Mac, [00000247F9D9FA00][00000247F91441C0 49] MacClient, [00000247F9E41900][00000247F9148340 49] MacNoEditor, [00000247F9D9E500][00000247F914C4C0 49] MacServer, [00000247F9E41800][00000247F9150640 49] Linux, [00000247F9D9D200][00000247F91547C0 49] LinuxAArch64, [00000247F9E40C00][00000247F9158940 49] LinuxNoEditor, [00000247F9D9C900][00000247F9114A80 49] LinuxAArch64NoEditor, [00000247F9E41600][00000247F915CBC0 49] LinuxClient, [00000247F9D9DF00][00000247F9160D00 49] LinuxAArch64Client, [00000247F9E40200][00000247F9168E80 49] LinuxServer, [00000247F9D9C200][00000247F916D000 49] LinuxAArch64Server, [00000247F9E41700][00000247F9171180 49] Android, [00000247F9D9E300][00000247F9175300 49] Android_Low, [00000247F9E41300][00000247F9179480 49] Android_Mid, [00000247F9D9DA00][00000247F917D600 49] Android_High, [00000247F9E41C00][00000247F9181780 49] Android_Default, [00000247F9D9FF00][00000247F9185900 49] Android_Adreno4xx, [00000247F9E42100][00000247F9189A80 49] Android_Adreno5xx_Low, [00000247F9D5B400][00000247F918DC00 49] Android_Adreno5xx, [00000247F9D98100][00000247F9190200 49] Android_Adreno6xx, [00000247F9D5BC00][00000247F9194380 49] Android_Adreno6xx_Vulkan, [00000247F9D9AB00][00000247F9198500 49] Android_Mali_T6xx, [00000247F9D5A900][00000247F919C680 49] Android_Mali_T7xx, [00000247F9D98900][00000247F91A0800 49] Android_Mali_T8xx, [00000247F9D58B00][00000247F91A4980 49] Android_Mali_G71, [00000247F9D98300][00000247F91A8B00 49] Android_Mali_G72, [00000247F9D59200][00000247F9164C40 49] Android_Mali_G72_Vulkan, [00000247F9D9B000][00000247F91ACD80 49] Android_Mali_G76, [00000247F9D59E00][00000247FA1C0EC0 49] Android_Mali_G76_Vulkan, [00000247F9D99300][00000247FA1C9040 49] Android_Mali_G77, [00000247F9D58400][00000247FA1CD1C0 49] Android_Mali_G77_Vulkan, [00000247F9D9A500][00000247FA1D1340 49] Android_Mali_G78, [00000247F9D5B300][00000247FA1D54C0 49] Android_Mali_G78_Vulkan, [00000247F9D9B700][00000247FA1D9640 49] Android_Mali_G710, [00000247F9D5A500][00000247FA1DD7C0 49] Android_Mali_G710_Vulkan, [00000247F9E41D00][00000247FA1E1940 49] Android_Vulkan_SM5, [00000247F9D59300][00000247FA1E5AC0 49] Android_PowerVR_G6xxx, [00000247F9E41200][00000247FA1E80C0 49] Android_PowerVR_GT7xxx, [00000247F9D5B100][00000247FA1EC240 49] Android_PowerVR_GE8xxx, [00000247F9E40B00][00000247FA1F03C0 49] Android_PowerVR_GM9xxx, [00000247F9D59F00][00000247FA1F4540 49] Android_PowerVR_GM9xxx_Vulkan, [00000247F9E40700][00000247FA1F86C0 49] Android_TegraK1, [00000247F9D58300][00000247FA1FC840 49] Android_Unknown_Vulkan, [00000247F9D9AA00][00000247FA2009C0 49] Lumin, [00000247F9D59100][00000247FA204B40 49] Lumin_Desktop, [00000247F9D98700][00000247FA208CC0 49] HoloLens, 
[2023.01.18-09.01.22:056][  0]LogMeshReduction: Using QuadricMeshReduction for automatic static mesh reduction
[2023.01.18-09.01.22:056][  0]LogMeshReduction: Using SimplygonMeshReduction for automatic skeletal mesh reduction
[2023.01.18-09.01.22:056][  0]LogMeshReduction: Using ProxyLODMeshReduction for automatic mesh merging
[2023.01.18-09.01.22:056][  0]LogMeshReduction: No distributed automatic mesh merging module available
[2023.01.18-09.01.22:056][  0]LogMeshMerging: No distributed automatic mesh merging module available
[2023.01.18-09.01.22:067][  0]LogNetVersion: HideAndSeek 1.0.0, NetCL: 17155196, EngineNetVer: 17, GameNetVer: 0 (Checksum: 2589003011)
[2023.01.18-09.01.22:324][  0]LogTexture: Default maximum texture size for cubemaps generated from long-lat sources has been changed from 512 to unlimited. In order to preserve old behaiour for '/Engine/MapTemplates/Sky/DaylightAmbientCubemap.DaylightAmbientCubemap', its maximum texture size has been explicitly set to 512.
[2023.01.18-09.01.22:370][  0]LogHMD: PokeAHoleMaterial loaded successfully
[2023.01.18-09.01.22:374][  0]LogUObjectArray: 17178 objects as part of root set at end of initial load.
[2023.01.18-09.01.22:374][  0]LogUObjectAllocator: 4302048 out of 0 bytes used by permanent object pool.
[2023.01.18-09.01.22:374][  0]LogUObjectArray: CloseDisregardForGC: 0/0 objects in disregard for GC pool
[2023.01.18-09.01.22:528][  0]LogNiagaraDebuggerClient: Niagara Debugger Client Initialized | Session: 2952B7FE4D777D27FEFB86922B532E00 | Instance: 1B5DD59C4D99C50A0DD8CCA58464296A (RNSS20602-19404).
[2023.01.18-09.01.22:604][  0]LogPython: Using Python 3.7.7
[2023.01.18-09.01.22:947][  0]LogTcpMessaging: Initializing TcpMessaging bridge
[2023.01.18-09.01.22:950][  0]LogUdpMessaging: Initializing bridge on interface 0.0.0.0:0 to multicast group 230.0.0.1:6666.
[2023.01.18-09.01.23:036][  0]SourceControl: Source control is disabled
[2023.01.18-09.01.23:036][  0]SourceControl: Source control is disabled
[2023.01.18-09.01.23:039][  0]SourceControl: Source control is disabled
[2023.01.18-09.01.23:043][  0]SourceControl: Source control is disabled
[2023.01.18-09.01.23:047][  0]LogUProjectInfo: Found projects:
[2023.01.18-09.01.23:062][  0]SourceControl: Source control is disabled
[2023.01.18-09.01.23:189][  0]LogOpenImageDenoise: OIDN starting up
[2023.01.18-09.01.23:195][  0]LogAndroidPermission: UAndroidPermissionCallbackProxy::GetInstance
[2023.01.18-09.01.23:209][  0]LogAudioCaptureCore: Display: No Audio Capture implementations found. Audio input will be silent.
[2023.01.18-09.01.23:209][  0]LogAudioCaptureCore: Display: No Audio Capture implementations found. Audio input will be silent.
[2023.01.18-09.01.23:286][  0]LogCollectionManager: Loaded 0 collections in 0.000550 seconds
[2023.01.18-09.01.23:368][  0]LogFileCache: Scanning file cache for directory 'D:/Nathan/Unreal/hideAndSeek/Saved/Collections/' took 0.00s
[2023.01.18-09.01.23:368][  0]LogFileCache: Scanning file cache for directory 'D:/Nathan/Unreal/hideAndSeek/Content/Developers/npoisson/Collections/' took 0.00s
[2023.01.18-09.01.23:368][  0]LogFileCache: Scanning file cache for directory 'D:/Nathan/Unreal/hideAndSeek/Content/Collections/' took 0.00s
[2023.01.18-09.01.23:368][  0]LogOcInput: OculusInput pre-init called
[2023.01.18-09.01.23:524][  0]LogEngine: Initializing Engine...
[2023.01.18-09.01.23:525][  0]LogHMD: Failed to enumerate extensions. Please check that you have a valid OpenXR runtime installed.
[2023.01.18-09.01.23:525][  0]LogHMD: Failed to initialize OpenVR with code 110
[2023.01.18-09.01.23:525][  0]LogMagicLeap: Warning: VR disabled because ZI is not enabled.  To enable, in the editor, Edit -> Project Settings -> Plugins -> Magic Leap Plugin -> Enable Zero Iteration
[2023.01.18-09.01.23:526][  0]LogStats: UGameplayTagsManager::InitializeManager -  0.000 s
[2023.01.18-09.01.23:606][  0]LogInit: Initializing FReadOnlyCVARCache
[2023.01.18-09.01.23:612][  0]LogAIModule: Creating AISystem for world Untitled
[2023.01.18-09.01.23:618][  0]LogAudio: Display: Initializing Audio Device Manager...
[2023.01.18-09.01.23:620][  0]LogAudio: Display: Loading Default Audio Settings Objects...
[2023.01.18-09.01.23:621][  0]LogAudio: Display: No default SoundConcurrencyObject specified (or failed to load).
[2023.01.18-09.01.23:621][  0]LogAudio: Display: Audio Device Manager Initialized
[2023.01.18-09.01.23:621][  0]LogAudio: Display: Creating Audio Device:                 Id: 1, Scope: Shared, Realtime: True
[2023.01.18-09.01.23:621][  0]LogAudioMixer: Display: Audio Mixer Platform Settings:
[2023.01.18-09.01.23:621][  0]LogAudioMixer: Display: 	Sample Rate:						  48000
[2023.01.18-09.01.23:621][  0]LogAudioMixer: Display: 	Callback Buffer Frame Size Requested: 1024
[2023.01.18-09.01.23:621][  0]LogAudioMixer: Display: 	Callback Buffer Frame Size To Use:	  1024
[2023.01.18-09.01.23:621][  0]LogAudioMixer: Display: 	Number of buffers to queue:			  2
[2023.01.18-09.01.23:621][  0]LogAudioMixer: Display: 	Max Channels (voices):				  32
[2023.01.18-09.01.23:621][  0]LogAudioMixer: Display: 	Number of Async Source Workers:		  0
[2023.01.18-09.01.23:621][  0]LogAudio: Display: AudioDevice MaxSources: 32
[2023.01.18-09.01.23:621][  0]LogAudio: Display: Audio Spatialization Plugin: None (built-in).
[2023.01.18-09.01.23:621][  0]LogAudio: Display: Audio Reverb Plugin: None (built-in).
[2023.01.18-09.01.23:621][  0]LogAudio: Display: Audio Occlusion Plugin: None (built-in).
[2023.01.18-09.01.23:621][  0]LogAudioMixer: Display: Initializing audio mixer.
[2023.01.18-09.01.23:627][  0]LogAudioMixer: Display: 0: FrontLeft
[2023.01.18-09.01.23:627][  0]LogAudioMixer: Display: 1: FrontRight
[2023.01.18-09.01.23:663][  0]LogAudioMixer: Display: Using Audio Device Haut-parleurs (Realtek(R) Audio)
[2023.01.18-09.01.23:665][  0]LogAudioMixer: Display: Initializing Sound Submixes...
[2023.01.18-09.01.23:666][  0]LogAudioMixer: Display: Creating Master Submix 'MasterSubmixDefault'
[2023.01.18-09.01.23:666][  0]LogAudioMixer: Display: Creating Master Submix 'MasterReverbSubmixDefault'
[2023.01.18-09.01.23:667][  0]LogAudioMixer: Display: Creating Master Submix 'MasterEQSubmixDefault'
[2023.01.18-09.01.23:667][  0]LogAudioMixer: FMixerPlatformXAudio2::StartAudioStream() called
[2023.01.18-09.01.23:667][  0]LogAudioMixer: Display: Output buffers initialized: Frames=1024, Channels=2, Samples=2048
[2023.01.18-09.01.23:668][  0]LogAudioMixer: Display: Starting AudioMixerPlatformInterface::RunInternal()
[2023.01.18-09.01.23:668][  0]LogAudioMixer: Display: FMixerPlatformXAudio2::SubmitBuffer() called for the first time
[2023.01.18-09.01.23:668][  0]LogInit: FAudioDevice initialized.
[2023.01.18-09.01.23:668][  0]LogAudio: Display: Audio Device (ID: 1) registered with world 'Untitled'.
[2023.01.18-09.01.23:668][  0]LogNetVersion: Set ProjectVersion to 1.0.0.0. Version Checksum will be recalculated on next use.
[2023.01.18-09.01.23:711][  0]LogDerivedDataCache: Saved boot cache 0.04s 94MB C:/Users/n.poisson/AppData/Local/UnrealEngine/4.27/DerivedDataCache/Boot.ddc.
[2023.01.18-09.01.23:712][  0]LogInit: Texture streaming: Enabled
[2023.01.18-09.01.23:720][  0]LogAnalytics: Display: [UEEditor.Rocket.Release] APIServer = https://datarouter.ol.epicgames.com/. AppVersion = 4.27.2-18319896+++UE4+Release-4.27
[2023.01.18-09.01.23:723][  0]LogEngineSessionManager: EngineSessionManager initialized
[2023.01.18-09.01.23:723][  0]LogEditorSessionSummary: Verbose: Initializing EditorSessionSummaryWriter for editor session tracking
[2023.01.18-09.01.23:724][  0]LogEditorSessionSummary: EditorSessionSummaryWriter initialized
[2023.01.18-09.01.23:749][  0]LogInit: Transaction tracking system initialized
[2023.01.18-09.01.23:762][  0]BlueprintLog: New page: Editor Load
[2023.01.18-09.01.23:799][  0]LocalizationService: Localization service is disabled
[2023.01.18-09.01.23:813][  0]TimingProfiler: Initialize
[2023.01.18-09.01.23:813][  0]TimingProfiler: OnSessionChanged
[2023.01.18-09.01.23:813][  0]LoadingProfiler: Initialize
[2023.01.18-09.01.23:813][  0]LoadingProfiler: OnSessionChanged
[2023.01.18-09.01.23:813][  0]NetworkingProfiler: Initialize
[2023.01.18-09.01.23:813][  0]NetworkingProfiler: OnSessionChanged
[2023.01.18-09.01.23:813][  0]MemoryProfiler: Initialize
[2023.01.18-09.01.23:813][  0]MemoryProfiler: OnSessionChanged
[2023.01.18-09.01.23:968][  0]LogCook: Display: CookSettings for Memory: MemoryMaxUsedVirtual 0MiB, MemoryMaxUsedPhysical 16384MiB, MemoryMinFreeVirtual 0MiB, MemoryMinFreePhysical 1024MiB
[2023.01.18-09.01.23:968][  0]LogCook: Display: Mobile HDR setting 1
[2023.01.18-09.01.24:037][  0]LogFileCache: Scanning file cache for directory 'D:/Nathan/Unreal/hideAndSeek/Content/' took 0.00s
[2023.01.18-09.01.24:208][  0]LogInit: Display: Engine is initialized. Leaving FEngineLoop::Init()
[2023.01.18-09.01.24:210][  0]SourceControl: Source control is disabled
[2023.01.18-09.01.24:315][  0]LogSlate: Took 0.000097 seconds to synchronously load lazily loaded font '../../../Engine/Content/Slate/Fonts/Roboto-Regular.ttf' (155K)
[2023.01.18-09.01.27:144][  0]LogSlate: Window 'Restore Packages' being destroyed
[2023.01.18-09.01.27:153][  0]LogUnrealEdMisc: Loading editor; pre map load, took 7.263
[2023.01.18-09.01.27:153][  0]Cmd: MAP LOAD FILE="../../../../Nathan/Unreal/hideAndSeek/Content/FirstPersonBP/Maps/FirstPersonExampleMap.umap" TEMPLATE=0 SHOWPROGRESS=1 FEATURELEVEL=3
[2023.01.18-09.01.27:154][  0]LightingResults: New page: Lighting Build
[2023.01.18-09.01.27:155][  0]LogWorld: UWorld::CleanupWorld for Untitled, bSessionEnded=true, bCleanupResources=true
[2023.01.18-09.01.27:155][  0]LogSlate: InvalidateAllWidgets triggered.  All widgets were invalidated
[2023.01.18-09.01.27:155][  0]MapCheck: New page: Map Check
[2023.01.18-09.01.27:155][  0]LightingResults: New page: Lighting Build
[2023.01.18-09.01.27:160][  0]LogAudio: Display: Audio Device unregistered from world 'None'.
[2023.01.18-09.01.27:164][  0]LogUObjectHash: Compacting FUObjectHashTables data took   0.93ms
[2023.01.18-09.01.27:305][  0]LogTexture: Display: Building textures: DeprecatedTexture4E9A31EC459F824B7293D9A5960F381F (BGRA8, 128X128)
[2023.01.18-09.01.27:341][  0]LogAudio: Display: Audio Device (ID: 1) registered with world 'FirstPersonExampleMap'.
[2023.01.18-09.01.27:342][  0]LogAIModule: Creating AISystem for world FirstPersonExampleMap
[2023.01.18-09.01.27:348][  0]LogEditorServer: Finished looking for orphan Actors (0.000 secs)
[2023.01.18-09.01.27:355][  0]LogUObjectHash: Compacting FUObjectHashTables data took   0.57ms
[2023.01.18-09.01.27:356][  0]Cmd: MAP CHECKDEP NOCLEARLOG
[2023.01.18-09.01.27:356][  0]MapCheck: Map check complete: 0 Error(s), 0 Warning(s), took 0,128ms to complete.
[2023.01.18-09.01.27:356][  0]LogFileHelpers: Loading map 'FirstPersonExampleMap' took 0.202
[2023.01.18-09.01.27:357][  0]LogUnrealEdMisc: Total Editor Startup Time, took 7.467
[2023.01.18-09.01.27:408][  0]LogSlate: Updating window title bar state: overlay mode, drag disabled, window buttons hidden, title bar hidden
[2023.01.18-09.01.27:412][  0]LogSlate: Updating window title bar state: overlay mode, drag disabled, window buttons hidden, title bar hidden
[2023.01.18-09.01.27:416][  0]LogSlate: Updating window title bar state: overlay mode, drag disabled, window buttons hidden, title bar hidden
[2023.01.18-09.01.27:420][  0]LogSlate: Updating window title bar state: overlay mode, drag disabled, window buttons hidden, title bar hidden
[2023.01.18-09.01.27:430][  0]LogNativeClassHierarchy: Verbose: Native class hierarchy populated in 0.0069 seconds. Added 3822 classes and 928 folders.
[2023.01.18-09.01.27:431][  0]LogNativeClassHierarchy: Verbose: Native class hierarchy updated for 'WidgetCarousel' in 0.0002 seconds. Added 0 classes and 0 folders.
[2023.01.18-09.01.27:432][  0]LogPakFile: PakFile PrimaryIndexSize=187
[2023.01.18-09.01.27:432][  0]LogPakFile: PakFile PathHashIndexSize=101
[2023.01.18-09.01.27:432][  0]LogPakFile: PakFile FullDirectoryIndexSize=148
[2023.01.18-09.01.27:432][  0]LogShaderLibrary: Display: ShaderCodeLibraryPakFileMountedCallback: PakFile 'D:/UE_4.27/FeaturePacks/FP_FirstPerson.upack' (chunk index -1, root 'root:/') mounted
[2023.01.18-09.01.27:432][  0]LogShaderLibrary: Display: ShaderCodeLibraryPakFileMountedCallback: pending pak file info (ChunkID:-1 Root:root:/ File:D:/UE_4.27/FeaturePacks/FP_FirstPerson.upack)
[2023.01.18-09.01.27:432][  0]LogPakFile: OnPakFileMounted2Time == 0.000038
[2023.01.18-09.01.27:432][  0]LogPakFile: PakFile PrimaryIndexSize=189
[2023.01.18-09.01.27:432][  0]LogPakFile: PakFile PathHashIndexSize=101
[2023.01.18-09.01.27:432][  0]LogPakFile: PakFile FullDirectoryIndexSize=152
[2023.01.18-09.01.27:432][  0]LogShaderLibrary: Display: ShaderCodeLibraryPakFileMountedCallback: PakFile 'D:/UE_4.27/FeaturePacks/FP_FirstPersonBP.upack' (chunk index -1, root 'root:/') mounted
[2023.01.18-09.01.27:432][  0]LogShaderLibrary: Display: ShaderCodeLibraryPakFileMountedCallback: pending pak file info (ChunkID:-1 Root:root:/ File:D:/UE_4.27/FeaturePacks/FP_FirstPersonBP.upack)
[2023.01.18-09.01.27:432][  0]LogPakFile: OnPakFileMounted2Time == 0.000023
[2023.01.18-09.01.27:433][  0]LogPakFile: PakFile PrimaryIndexSize=191
[2023.01.18-09.01.27:433][  0]LogPakFile: PakFile PathHashIndexSize=101
[2023.01.18-09.01.27:433][  0]LogPakFile: PakFile FullDirectoryIndexSize=160
[2023.01.18-09.01.27:433][  0]LogShaderLibrary: Display: ShaderCodeLibraryPakFileMountedCallback: PakFile 'D:/UE_4.27/FeaturePacks/MobileStarterContent.upack' (chunk index -1, root 'root:/') mounted
[2023.01.18-09.01.27:433][  0]LogShaderLibrary: Display: ShaderCodeLibraryPakFileMountedCallback: pending pak file info (ChunkID:-1 Root:root:/ File:D:/UE_4.27/FeaturePacks/MobileStarterContent.upack)
[2023.01.18-09.01.27:433][  0]LogPakFile: OnPakFileMounted2Time == 0.000021
[2023.01.18-09.01.27:433][  0]LogPakFile: PakFile PrimaryIndexSize=185
[2023.01.18-09.01.27:433][  0]LogPakFile: PakFile PathHashIndexSize=101
[2023.01.18-09.01.27:433][  0]LogPakFile: PakFile FullDirectoryIndexSize=148
[2023.01.18-09.01.27:433][  0]LogShaderLibrary: Display: ShaderCodeLibraryPakFileMountedCallback: PakFile 'D:/UE_4.27/FeaturePacks/StarterContent.upack' (chunk index -1, root 'root:/') mounted
[2023.01.18-09.01.27:433][  0]LogShaderLibrary: Display: ShaderCodeLibraryPakFileMountedCallback: pending pak file info (ChunkID:-1 Root:root:/ File:D:/UE_4.27/FeaturePacks/StarterContent.upack)
[2023.01.18-09.01.27:433][  0]LogPakFile: OnPakFileMounted2Time == 0.000021
[2023.01.18-09.01.27:433][  0]LogPakFile: PakFile PrimaryIndexSize=190
[2023.01.18-09.01.27:433][  0]LogPakFile: PakFile PathHashIndexSize=101
[2023.01.18-09.01.27:433][  0]LogPakFile: PakFile FullDirectoryIndexSize=154
[2023.01.18-09.01.27:433][  0]LogShaderLibrary: Display: ShaderCodeLibraryPakFileMountedCallback: PakFile 'D:/UE_4.27/FeaturePacks/TP_2DSideScroller.upack' (chunk index -1, root 'root:/') mounted
[2023.01.18-09.01.27:433][  0]LogShaderLibrary: Display: ShaderCodeLibraryPakFileMountedCallback: pending pak file info (ChunkID:-1 Root:root:/ File:D:/UE_4.27/FeaturePacks/TP_2DSideScroller.upack)
[2023.01.18-09.01.27:433][  0]LogPakFile: OnPakFileMounted2Time == 0.000021
[2023.01.18-09.01.27:434][  0]LogPakFile: PakFile PrimaryIndexSize=192
[2023.01.18-09.01.27:434][  0]LogPakFile: PakFile PathHashIndexSize=101
[2023.01.18-09.01.27:434][  0]LogPakFile: PakFile FullDirectoryIndexSize=158
[2023.01.18-09.01.27:434][  0]LogShaderLibrary: Display: ShaderCodeLibraryPakFileMountedCallback: PakFile 'D:/UE_4.27/FeaturePacks/TP_2DSideScrollerBP.upack' (chunk index -1, root 'root:/') mounted
[2023.01.18-09.01.27:434][  0]LogShaderLibrary: Display: ShaderCodeLibraryPakFileMountedCallback: pending pak file info (ChunkID:-1 Root:root:/ File:D:/UE_4.27/FeaturePacks/TP_2DSideScrollerBP.upack)
[2023.01.18-09.01.27:434][  0]LogPakFile: OnPakFileMounted2Time == 0.000021
[2023.01.18-09.01.27:434][  0]LogPakFile: PakFile PrimaryIndexSize=182
[2023.01.18-09.01.27:434][  0]LogPakFile: PakFile PathHashIndexSize=101
[2023.01.18-09.01.27:434][  0]LogPakFile: PakFile FullDirectoryIndexSize=138
[2023.01.18-09.01.27:434][  0]LogShaderLibrary: Display: ShaderCodeLibraryPakFileMountedCallback: PakFile 'D:/UE_4.27/FeaturePacks/TP_Flying.upack' (chunk index -1, root 'root:/') mounted
[2023.01.18-09.01.27:434][  0]LogShaderLibrary: Display: ShaderCodeLibraryPakFileMountedCallback: pending pak file info (ChunkID:-1 Root:root:/ File:D:/UE_4.27/FeaturePacks/TP_Flying.upack)
[2023.01.18-09.01.27:434][  0]LogPakFile: OnPakFileMounted2Time == 0.000020
[2023.01.18-09.01.27:434][  0]LogPakFile: PakFile PrimaryIndexSize=184
[2023.01.18-09.01.27:434][  0]LogPakFile: PakFile PathHashIndexSize=101
[2023.01.18-09.01.27:434][  0]LogPakFile: PakFile FullDirectoryIndexSize=142
[2023.01.18-09.01.27:434][  0]LogShaderLibrary: Display: ShaderCodeLibraryPakFileMountedCallback: PakFile 'D:/UE_4.27/FeaturePacks/TP_FlyingBP.upack' (chunk index -1, root 'root:/') mounted
[2023.01.18-09.01.27:434][  0]LogShaderLibrary: Display: ShaderCodeLibraryPakFileMountedCallback: pending pak file info (ChunkID:-1 Root:root:/ File:D:/UE_4.27/FeaturePacks/TP_FlyingBP.upack)
[2023.01.18-09.01.27:434][  0]LogPakFile: OnPakFileMounted2Time == 0.000020
[2023.01.18-09.01.27:434][  0]LogPakFile: PakFile PrimaryIndexSize=188
[2023.01.18-09.01.27:435][  0]LogPakFile: PakFile PathHashIndexSize=101
[2023.01.18-09.01.27:435][  0]LogPakFile: PakFile FullDirectoryIndexSize=150
[2023.01.18-09.01.27:435][  0]LogShaderLibrary: Display: ShaderCodeLibraryPakFileMountedCallback: PakFile 'D:/UE_4.27/FeaturePacks/TP_HandheldARBP.upack' (chunk index -1, root 'root:/') mounted
[2023.01.18-09.01.27:435][  0]LogShaderLibrary: Display: ShaderCodeLibraryPakFileMountedCallback: pending pak file info (ChunkID:-1 Root:root:/ File:D:/UE_4.27/FeaturePacks/TP_HandheldARBP.upack)
[2023.01.18-09.01.27:435][  0]LogPakFile: OnPakFileMounted2Time == 0.000020
[2023.01.18-09.01.27:435][  0]LogPakFile: PakFile PrimaryIndexSize=182
[2023.01.18-09.01.27:435][  0]LogPakFile: PakFile PathHashIndexSize=101
[2023.01.18-09.01.27:435][  0]LogPakFile: PakFile FullDirectoryIndexSize=138
[2023.01.18-09.01.27:435][  0]LogShaderLibrary: Display: ShaderCodeLibraryPakFileMountedCallback: PakFile 'D:/UE_4.27/FeaturePacks/TP_Puzzle.upack' (chunk index -1, root 'root:/') mounted
[2023.01.18-09.01.27:435][  0]LogShaderLibrary: Display: ShaderCodeLibraryPakFileMountedCallback: pending pak file info (ChunkID:-1 Root:root:/ File:D:/UE_4.27/FeaturePacks/TP_Puzzle.upack)
[2023.01.18-09.01.27:435][  0]LogPakFile: OnPakFileMounted2Time == 0.000020
[2023.01.18-09.01.27:435][  0]LogPakFile: PakFile PrimaryIndexSize=184
[2023.01.18-09.01.27:435][  0]LogPakFile: PakFile PathHashIndexSize=101
[2023.01.18-09.01.27:435][  0]LogPakFile: PakFile FullDirectoryIndexSize=142
[2023.01.18-09.01.27:435][  0]LogShaderLibrary: Display: ShaderCodeLibraryPakFileMountedCallback: PakFile 'D:/UE_4.27/FeaturePacks/TP_PuzzleBP.upack' (chunk index -1, root 'root:/') mounted
[2023.01.18-09.01.27:435][  0]LogShaderLibrary: Display: ShaderCodeLibraryPakFileMountedCallback: pending pak file info (ChunkID:-1 Root:root:/ File:D:/UE_4.27/FeaturePacks/TP_PuzzleBP.upack)
[2023.01.18-09.01.27:435][  0]LogPakFile: OnPakFileMounted2Time == 0.000019
[2023.01.18-09.01.27:435][  0]LogPakFile: PakFile PrimaryIndexSize=183
[2023.01.18-09.01.27:435][  0]LogPakFile: PakFile PathHashIndexSize=101
[2023.01.18-09.01.27:435][  0]LogPakFile: PakFile FullDirectoryIndexSize=140
[2023.01.18-09.01.27:436][  0]LogShaderLibrary: Display: ShaderCodeLibraryPakFileMountedCallback: PakFile 'D:/UE_4.27/FeaturePacks/TP_Rolling.upack' (chunk index -1, root 'root:/') mounted
[2023.01.18-09.01.27:436][  0]LogShaderLibrary: Display: ShaderCodeLibraryPakFileMountedCallback: pending pak file info (ChunkID:-1 Root:root:/ File:D:/UE_4.27/FeaturePacks/TP_Rolling.upack)
[2023.01.18-09.01.27:436][  0]LogPakFile: OnPakFileMounted2Time == 0.000019
[2023.01.18-09.01.27:436][  0]LogPakFile: PakFile PrimaryIndexSize=185
[2023.01.18-09.01.27:436][  0]LogPakFile: PakFile PathHashIndexSize=101
[2023.01.18-09.01.27:436][  0]LogPakFile: PakFile FullDirectoryIndexSize=144
[2023.01.18-09.01.27:436][  0]LogShaderLibrary: Display: ShaderCodeLibraryPakFileMountedCallback: PakFile 'D:/UE_4.27/FeaturePacks/TP_RollingBP.upack' (chunk index -1, root 'root:/') mounted
[2023.01.18-09.01.27:436][  0]LogShaderLibrary: Display: ShaderCodeLibraryPakFileMountedCallback: pending pak file info (ChunkID:-1 Root:root:/ File:D:/UE_4.27/FeaturePacks/TP_RollingBP.upack)
[2023.01.18-09.01.27:436][  0]LogPakFile: OnPakFileMounted2Time == 0.000022
[2023.01.18-09.01.27:436][  0]LogPakFile: PakFile PrimaryIndexSize=188
[2023.01.18-09.01.27:436][  0]LogPakFile: PakFile PathHashIndexSize=101
[2023.01.18-09.01.27:436][  0]LogPakFile: PakFile FullDirectoryIndexSize=150
[2023.01.18-09.01.27:436][  0]LogShaderLibrary: Display: ShaderCodeLibraryPakFileMountedCallback: PakFile 'D:/UE_4.27/FeaturePacks/TP_SideScroller.upack' (chunk index -1, root 'root:/') mounted
[2023.01.18-09.01.27:436][  0]LogShaderLibrary: Display: ShaderCodeLibraryPakFileMountedCallback: pending pak file info (ChunkID:-1 Root:root:/ File:D:/UE_4.27/FeaturePacks/TP_SideScroller.upack)
[2023.01.18-09.01.27:436][  0]LogPakFile: OnPakFileMounted2Time == 0.000029
[2023.01.18-09.01.27:436][  0]LogPakFile: PakFile PrimaryIndexSize=190
[2023.01.18-09.01.27:436][  0]LogPakFile: PakFile PathHashIndexSize=101
[2023.01.18-09.01.27:436][  0]LogPakFile: PakFile FullDirectoryIndexSize=154
[2023.01.18-09.01.27:436][  0]LogShaderLibrary: Display: ShaderCodeLibraryPakFileMountedCallback: PakFile 'D:/UE_4.27/FeaturePacks/TP_SideScrollerBP.upack' (chunk index -1, root 'root:/') mounted
[2023.01.18-09.01.27:436][  0]LogShaderLibrary: Display: ShaderCodeLibraryPakFileMountedCallback: pending pak file info (ChunkID:-1 Root:root:/ File:D:/UE_4.27/FeaturePacks/TP_SideScrollerBP.upack)
[2023.01.18-09.01.27:436][  0]LogPakFile: OnPakFileMounted2Time == 0.000020
[2023.01.18-09.01.27:437][  0]LogPakFile: PakFile PrimaryIndexSize=187
[2023.01.18-09.01.27:437][  0]LogPakFile: PakFile PathHashIndexSize=101
[2023.01.18-09.01.27:437][  0]LogPakFile: PakFile FullDirectoryIndexSize=148
[2023.01.18-09.01.27:437][  0]LogShaderLibrary: Display: ShaderCodeLibraryPakFileMountedCallback: PakFile 'D:/UE_4.27/FeaturePacks/TP_ThirdPerson.upack' (chunk index -1, root 'root:/') mounted
[2023.01.18-09.01.27:437][  0]LogShaderLibrary: Display: ShaderCodeLibraryPakFileMountedCallback: pending pak file info (ChunkID:-1 Root:root:/ File:D:/UE_4.27/FeaturePacks/TP_ThirdPerson.upack)
[2023.01.18-09.01.27:437][  0]LogPakFile: OnPakFileMounted2Time == 0.000025
[2023.01.18-09.01.27:437][  0]LogPakFile: PakFile PrimaryIndexSize=189
[2023.01.18-09.01.27:437][  0]LogPakFile: PakFile PathHashIndexSize=101
[2023.01.18-09.01.27:437][  0]LogPakFile: PakFile FullDirectoryIndexSize=152
[2023.01.18-09.01.27:437][  0]LogShaderLibrary: Display: ShaderCodeLibraryPakFileMountedCallback: PakFile 'D:/UE_4.27/FeaturePacks/TP_ThirdPersonBP.upack' (chunk index -1, root 'root:/') mounted
[2023.01.18-09.01.27:437][  0]LogShaderLibrary: Display: ShaderCodeLibraryPakFileMountedCallback: pending pak file info (ChunkID:-1 Root:root:/ File:D:/UE_4.27/FeaturePacks/TP_ThirdPersonBP.upack)
[2023.01.18-09.01.27:437][  0]LogPakFile: OnPakFileMounted2Time == 0.000019
[2023.01.18-09.01.27:437][  0]LogPakFile: PakFile PrimaryIndexSize=183
[2023.01.18-09.01.27:437][  0]LogPakFile: PakFile PathHashIndexSize=101
[2023.01.18-09.01.27:437][  0]LogPakFile: PakFile FullDirectoryIndexSize=140
[2023.01.18-09.01.27:437][  0]LogShaderLibrary: Display: ShaderCodeLibraryPakFileMountedCallback: PakFile 'D:/UE_4.27/FeaturePacks/TP_TopDown.upack' (chunk index -1, root 'root:/') mounted
[2023.01.18-09.01.27:437][  0]LogShaderLibrary: Display: ShaderCodeLibraryPakFileMountedCallback: pending pak file info (ChunkID:-1 Root:root:/ File:D:/UE_4.27/FeaturePacks/TP_TopDown.upack)
[2023.01.18-09.01.27:437][  0]LogPakFile: OnPakFileMounted2Time == 0.000023
[2023.01.18-09.01.27:438][  0]LogPakFile: PakFile PrimaryIndexSize=185
[2023.01.18-09.01.27:438][  0]LogPakFile: PakFile PathHashIndexSize=101
[2023.01.18-09.01.27:438][  0]LogPakFile: PakFile FullDirectoryIndexSize=144
[2023.01.18-09.01.27:438][  0]LogShaderLibrary: Display: ShaderCodeLibraryPakFileMountedCallback: PakFile 'D:/UE_4.27/FeaturePacks/TP_TopDownBP.upack' (chunk index -1, root 'root:/') mounted
[2023.01.18-09.01.27:438][  0]LogShaderLibrary: Display: ShaderCodeLibraryPakFileMountedCallback: pending pak file info (ChunkID:-1 Root:root:/ File:D:/UE_4.27/FeaturePacks/TP_TopDownBP.upack)
[2023.01.18-09.01.27:438][  0]LogPakFile: OnPakFileMounted2Time == 0.000020
[2023.01.18-09.01.27:438][  0]LogPakFile: PakFile PrimaryIndexSize=185
[2023.01.18-09.01.27:438][  0]LogPakFile: PakFile PathHashIndexSize=101
[2023.01.18-09.01.27:438][  0]LogPakFile: PakFile FullDirectoryIndexSize=144
[2023.01.18-09.01.27:438][  0]LogShaderLibrary: Display: ShaderCodeLibraryPakFileMountedCallback: PakFile 'D:/UE_4.27/FeaturePacks/TP_TwinStick.upack' (chunk index -1, root 'root:/') mounted
[2023.01.18-09.01.27:438][  0]LogShaderLibrary: Display: ShaderCodeLibraryPakFileMountedCallback: pending pak file info (ChunkID:-1 Root:root:/ File:D:/UE_4.27/FeaturePacks/TP_TwinStick.upack)
[2023.01.18-09.01.27:438][  0]LogPakFile: OnPakFileMounted2Time == 0.000020
[2023.01.18-09.01.27:438][  0]LogPakFile: PakFile PrimaryIndexSize=187
[2023.01.18-09.01.27:438][  0]LogPakFile: PakFile PathHashIndexSize=101
[2023.01.18-09.01.27:438][  0]LogPakFile: PakFile FullDirectoryIndexSize=148
[2023.01.18-09.01.27:438][  0]LogShaderLibrary: Display: ShaderCodeLibraryPakFileMountedCallback: PakFile 'D:/UE_4.27/FeaturePacks/TP_TwinStickBP.upack' (chunk index -1, root 'root:/') mounted
[2023.01.18-09.01.27:438][  0]LogShaderLibrary: Display: ShaderCodeLibraryPakFileMountedCallback: pending pak file info (ChunkID:-1 Root:root:/ File:D:/UE_4.27/FeaturePacks/TP_TwinStickBP.upack)
[2023.01.18-09.01.27:438][  0]LogPakFile: OnPakFileMounted2Time == 0.000019
[2023.01.18-09.01.27:438][  0]LogPakFile: PakFile PrimaryIndexSize=183
[2023.01.18-09.01.27:438][  0]LogPakFile: PakFile PathHashIndexSize=101
[2023.01.18-09.01.27:438][  0]LogPakFile: PakFile FullDirectoryIndexSize=140
[2023.01.18-09.01.27:438][  0]LogShaderLibrary: Display: ShaderCodeLibraryPakFileMountedCallback: PakFile 'D:/UE_4.27/FeaturePacks/TP_Vehicle.upack' (chunk index -1, root 'root:/') mounted
[2023.01.18-09.01.27:438][  0]LogShaderLibrary: Display: ShaderCodeLibraryPakFileMountedCallback: pending pak file info (ChunkID:-1 Root:root:/ File:D:/UE_4.27/FeaturePacks/TP_Vehicle.upack)
[2023.01.18-09.01.27:439][  0]LogPakFile: OnPakFileMounted2Time == 0.000022
[2023.01.18-09.01.27:439][  0]LogPakFile: PakFile PrimaryIndexSize=186
[2023.01.18-09.01.27:439][  0]LogPakFile: PakFile PathHashIndexSize=101
[2023.01.18-09.01.27:439][  0]LogPakFile: PakFile FullDirectoryIndexSize=146
[2023.01.18-09.01.27:439][  0]LogShaderLibrary: Display: ShaderCodeLibraryPakFileMountedCallback: PakFile 'D:/UE_4.27/FeaturePacks/TP_VehicleAdv.upack' (chunk index -1, root 'root:/') mounted
[2023.01.18-09.01.27:439][  0]LogShaderLibrary: Display: ShaderCodeLibraryPakFileMountedCallback: pending pak file info (ChunkID:-1 Root:root:/ File:D:/UE_4.27/FeaturePacks/TP_VehicleAdv.upack)
[2023.01.18-09.01.27:439][  0]LogPakFile: OnPakFileMounted2Time == 0.000020
[2023.01.18-09.01.27:439][  0]LogPakFile: PakFile PrimaryIndexSize=188
[2023.01.18-09.01.27:439][  0]LogPakFile: PakFile PathHashIndexSize=101
[2023.01.18-09.01.27:439][  0]LogPakFile: PakFile FullDirectoryIndexSize=150
[2023.01.18-09.01.27:439][  0]LogShaderLibrary: Display: ShaderCodeLibraryPakFileMountedCallback: PakFile 'D:/UE_4.27/FeaturePacks/TP_VehicleAdvBP.upack' (chunk index -1, root 'root:/') mounted
[2023.01.18-09.01.27:439][  0]LogShaderLibrary: Display: ShaderCodeLibraryPakFileMountedCallback: pending pak file info (ChunkID:-1 Root:root:/ File:D:/UE_4.27/FeaturePacks/TP_VehicleAdvBP.upack)
[2023.01.18-09.01.27:439][  0]LogPakFile: OnPakFileMounted2Time == 0.000020
[2023.01.18-09.01.27:439][  0]LogPakFile: PakFile PrimaryIndexSize=185
[2023.01.18-09.01.27:439][  0]LogPakFile: PakFile PathHashIndexSize=101
[2023.01.18-09.01.27:439][  0]LogPakFile: PakFile FullDirectoryIndexSize=144
[2023.01.18-09.01.27:439][  0]LogShaderLibrary: Display: ShaderCodeLibraryPakFileMountedCallback: PakFile 'D:/UE_4.27/FeaturePacks/TP_VehicleBP.upack' (chunk index -1, root 'root:/') mounted
[2023.01.18-09.01.27:439][  0]LogShaderLibrary: Display: ShaderCodeLibraryPakFileMountedCallback: pending pak file info (ChunkID:-1 Root:root:/ File:D:/UE_4.27/FeaturePacks/TP_VehicleBP.upack)
[2023.01.18-09.01.27:439][  0]LogPakFile: OnPakFileMounted2Time == 0.000020
[2023.01.18-09.01.27:440][  0]LogPakFile: PakFile PrimaryIndexSize=192
[2023.01.18-09.01.27:440][  0]LogPakFile: PakFile PathHashIndexSize=101
[2023.01.18-09.01.27:440][  0]LogPakFile: PakFile FullDirectoryIndexSize=158
[2023.01.18-09.01.27:440][  0]LogShaderLibrary: Display: ShaderCodeLibraryPakFileMountedCallback: PakFile 'D:/UE_4.27/FeaturePacks/TP_VirtualRealityBP.upack' (chunk index -1, root 'root:/') mounted
[2023.01.18-09.01.27:440][  0]LogShaderLibrary: Display: ShaderCodeLibraryPakFileMountedCallback: pending pak file info (ChunkID:-1 Root:root:/ File:D:/UE_4.27/FeaturePacks/TP_VirtualRealityBP.upack)
[2023.01.18-09.01.27:440][  0]LogPakFile: OnPakFileMounted2Time == 0.000020
[2023.01.18-09.01.27:462][  0]LogNativeClassHierarchy: Verbose: Native class hierarchy updated for 'AddContentDialog' in 0.0002 seconds. Added 0 classes and 0 folders.
[2023.01.18-09.01.27:463][  0]LogNativeClassHierarchy: Verbose: Native class hierarchy updated for 'SceneOutliner' in 0.0002 seconds. Added 2 classes and 0 folders.
[2023.01.18-09.01.27:493][  0]LogSlate: Took 0.000188 seconds to synchronously load lazily loaded font '../../../Engine/Content/Editor/Slate/Fonts/FontAwesome.ttf' (139K)
[2023.01.18-09.01.27:493][  0]LogSlate: Took 0.000082 seconds to synchronously load lazily loaded font '../../../Engine/Content/Slate/Fonts/Roboto-Bold.ttf' (160K)
[2023.01.18-09.01.27:528][  0]LogRenderer: Reallocating scene render targets to support 1616x580 Format 10 NumSamples 1 (Frame:1).
[2023.01.18-09.01.27:587][  0]LogNativeClassHierarchy: Verbose: Native class hierarchy updated for 'HierarchicalLODOutliner' in 0.0002 seconds. Added 0 classes and 0 folders.
[2023.01.18-09.01.27:587][  0]LogLoad: (Engine Initialization) Total time: 7.70 seconds
[2023.01.18-09.01.27:587][  0]LogLoad: (Engine Initialization) Total Blueprint compile time: 0.00 seconds
[2023.01.18-09.01.27:621][  0]LogAssetRegistry: Asset discovery search completed in 5.8075 seconds
[2023.01.18-09.01.27:625][  0]LogCollectionManager: Fixed up redirectors for 0 collections in 0.000003 seconds (updated 0 objects)
[2023.01.18-09.01.27:625][  0]LogContentStreaming: Texture pool size now 1000 MB
[2023.01.18-09.01.27:747][  4]LogSlate: Took 0.000195 seconds to synchronously load lazily loaded font '../../../Engine/Content/Slate/Fonts/Roboto-Light.ttf' (167K)
[2023.01.18-09.01.28:848][120]LogUObjectHash: Compacting FUObjectHashTables data took   0.38ms
[2023.01.18-09.01.28:856][120]LogSlate: Window 'HideAndSeek - Unreal Editor' being destroyed
[2023.01.18-09.01.28:917][121]Cmd: QUIT_EDITOR
[2023.01.18-09.01.28:917][121]LogCore: Engine exit requested (reason: UUnrealEdEngine::CloseEditor())
[2023.01.18-09.01.28:919][121]LogCore: Engine exit requested (reason: EngineExit() was called; note: exit was already requested)
[2023.01.18-09.01.28:920][121]LogAudio: Display: Beginning Audio Device Manager Shutdown (Module: AudioMixerXAudio2)...
[2023.01.18-09.01.28:920][121]LogAudio: Display: Destroying 1 Remaining Audio Device(s)...
[2023.01.18-09.01.28:920][121]LogAudio: Display: Audio Device unregistered from world 'FirstPersonExampleMap'.
[2023.01.18-09.01.28:920][121]LogAudioMixer: FMixerPlatformXAudio2::StopAudioStream() called
[2023.01.18-09.01.28:921][121]LogAudioMixer: FMixerPlatformXAudio2::StopAudioStream() called
[2023.01.18-09.01.28:930][121]LogAudio: Display: Audio Device Manager Shutdown
[2023.01.18-09.01.35:596][121]LogWindows: Error: === Critical error: ===
[2023.01.18-09.01.35:596][121]LogWindows: Error: 
[2023.01.18-09.01.35:596][121]LogWindows: Error: Fatal error!
[2023.01.18-09.01.35:596][121]LogWindows: Error: 
[2023.01.18-09.01.35:596][121]LogWindows: Error: Unhandled Exception: EXCEPTION_ACCESS_VIOLATION reading address 0x0000000000000000
[2023.01.18-09.01.35:596][121]LogWindows: Error: 
[2023.01.18-09.01.35:596][121]LogWindows: Error: [Callstack] 0x00007ffe79d5cef5 msctf.dll!UnknownFunction []
[2023.01.18-09.01.35:596][121]LogWindows: Error: [Callstack] 0x00007ffe79d67659 msctf.dll!UnknownFunction []
[2023.01.18-09.01.35:596][121]LogWindows: Error: [Callstack] 0x00007ffe79d5bdc6 msctf.dll!UnknownFunction []
[2023.01.18-09.01.35:596][121]LogWindows: Error: [Callstack] 0x00007ffe79d68978 msctf.dll!UnknownFunction []
[2023.01.18-09.01.35:596][121]LogWindows: Error: [Callstack] 0x00007ffe79d65fb4 msctf.dll!UnknownFunction []
[2023.01.18-09.01.35:597][121]LogWindows: Error: [Callstack] 0x00007ffe79d65ed3 msctf.dll!UnknownFunction []
[2023.01.18-09.01.35:597][121]LogWindows: Error: [Callstack] 0x00007ffe79d65d6f msctf.dll!UnknownFunction []
[2023.01.18-09.01.35:597][121]LogWindows: Error: [Callstack] 0x00007ffe79e73b52 IMM32.dll!UnknownFunction []
[2023.01.18-09.01.35:597][121]LogWindows: Error: [Callstack] 0x00007ffe79e77dfc IMM32.dll!UnknownFunction []
[2023.01.18-09.01.35:597][121]LogWindows: Error: [Callstack] 0x00007ffe79d529bc msctf.dll!UnknownFunction []
[2023.01.18-09.01.35:597][121]LogWindows: Error: [Callstack] 0x00007ffe79d73265 msctf.dll!UnknownFunction []
[2023.01.18-09.01.35:597][121]LogWindows: Error: [Callstack] 0x00007ffe79d8ade0 msctf.dll!UnknownFunction []
[2023.01.18-09.01.35:597][121]LogWindows: Error: [Callstack] 0x00007ffe79e799cc IMM32.dll!UnknownFunction []
[2023.01.18-09.01.35:597][121]LogWindows: Error: [Callstack] 0x00007ffe79e79e9e IMM32.dll!UnknownFunction []
[2023.01.18-09.01.35:597][121]LogWindows: Error: [Callstack] 0x00007ffe46e7bf50 UE4Editor-ApplicationCore.dll!FWindowsTextInputMethodSystem::Terminate() [D:\Build\++UE4\Sync\Engine\Source\Runtime\ApplicationCore\Private\Windows\WindowsTextInputMethodSystem.cpp:593]
[2023.01.18-09.01.35:597][121]LogWindows: Error: [Callstack] 0x00007ffe46e4aa6b UE4Editor-ApplicationCore.dll!FWindowsApplication::~FWindowsApplication() [D:\Build\++UE4\Sync\Engine\Source\Runtime\ApplicationCore\Private\Windows\WindowsApplication.cpp:340]
[2023.01.18-09.01.35:597][121]LogWindows: Error: [Callstack] 0x00007ffe46e4fd9a UE4Editor-ApplicationCore.dll!FWindowsApplication::`vector deleting destructor'() []
[2023.01.18-09.01.35:597][121]LogWindows: Error: [Callstack] 0x00007ffe4138601d UE4Editor-Slate.dll!FSlateApplication::Shutdown() [D:\Build\++UE4\Sync\Engine\Source\Runtime\Slate\Private\Framework\Application\SlateApplication.cpp:712]
[2023.01.18-09.01.35:597][121]LogWindows: Error: [Callstack] 0x00007ff712f503be UE4Editor.exe!FEngineLoop::Exit() [D:\Build\++UE4\Sync\Engine\Source\Runtime\Launch\Private\LaunchEngineLoop.cpp:4248]
[2023.01.18-09.01.35:597][121]LogWindows: Error: [Callstack] 0x00007ff712f51063 UE4Editor.exe!GuardedMain() [D:\Build\++UE4\Sync\Engine\Source\Runtime\Launch\Private\Launch.cpp:192]
[2023.01.18-09.01.35:597][121]LogWindows: Error: [Callstack] 0x00007ff712f510ba UE4Editor.exe!GuardedMainWrapper() [D:\Build\++UE4\Sync\Engine\Source\Runtime\Launch\Private\Windows\LaunchWindows.cpp:137]
[2023.01.18-09.01.35:597][121]LogWindows: Error: [Callstack] 0x00007ff712f540dd UE4Editor.exe!LaunchWindowsStartup() [D:\Build\++UE4\Sync\Engine\Source\Runtime\Launch\Private\Windows\LaunchWindows.cpp:273]
[2023.01.18-09.01.35:597][121]LogWindows: Error: [Callstack] 0x00007ff712f65984 UE4Editor.exe!WinMain() [D:\Build\++UE4\Sync\Engine\Source\Runtime\Launch\Private\Windows\LaunchWindows.cpp:320]
[2023.01.18-09.01.35:597][121]LogWindows: Error: [Callstack] 0x00007ff712f6853a UE4Editor.exe!__scrt_common_main_seh() [d:\agent\_work\5\s\src\vctools\crt\vcstartup\src\startup\exe_common.inl:288]
[2023.01.18-09.01.35:597][121]LogWindows: Error: [Callstack] 0x00007ffe79b47034 KERNEL32.DLL!UnknownFunction []
[2023.01.18-09.01.35:597][121]LogWindows: Error: [Callstack] 0x00007ffe7bb226a1 ntdll.dll!UnknownFunction []
[2023.01.18-09.01.35:597][121]LogWindows: Error: 
[2023.01.18-09.01.35:601][121]LogExit: Executing StaticShutdownAfterError
[2023.01.18-09.01.35:602][121]LogWindows: FPlatformMisc::RequestExit(1)
[2023.01.18-09.01.35:602][121]LogWindows: FPlatformMisc::RequestExitWithStatus(1, 3)
[2023.01.18-09.01.35:602][121]LogCore: Engine exit requested (reason: Win RequestExit; note: exit was already requested)
[2023.01.18-09.01.35:665][121]Log file closed, 01/18/23 10:01:35
